{"C:\\Users\\yanp0\\OneDrive\\Documentos\\proyectos\\forgevid\\app\\not-found.tsx": {"path":"C:\\Users\\yanp0\\OneDrive\\Documentos\\proyectos\\forgevid\\app\\not-found.tsx","statementMap":{"0":{"start":{"line":5,"column":24},"end":{"line":5,"column":null}},"1":{"start":{"line":3,"column":18},"end":{"line":3,"column":null}}},"fnMap":{"0":{"name":"NotFound","decl":{"start":{"line":5,"column":24},"end":{"line":5,"column":null}},"loc":{"start":{"line":5,"column":24},"end":{"line":13,"column":null}}}},"branchMap":{},"s":{"0":0,"1":0},"f":{"0":0},"b":{}}
,"C:\\Users\\yanp0\\OneDrive\\Documentos\\proyectos\\forgevid\\app\\page-backup.tsx": {"path":"C:\\Users\\yanp0\\OneDrive\\Documentos\\proyectos\\forgevid\\app\\page-backup.tsx","statementMap":{"0":{"start":{"line":32,"column":24},"end":{"line":32,"column":null}},"1":{"start":{"line":2,"column":23},"end":{"line":2,"column":null}},"2":{"start":{"line":3,"column":74},"end":{"line":3,"column":null}},"3":{"start":{"line":4,"column":22},"end":{"line":4,"column":null}},"4":{"start":{"line":5,"column":39},"end":{"line":5,"column":null}},"5":{"start":{"line":18,"column":7},"end":{"line":18,"column":null}},"6":{"start":{"line":19,"column":28},"end":{"line":19,"column":null}},"7":{"start":{"line":20,"column":17},"end":{"line":20,"column":null}},"8":{"start":{"line":21,"column":33},"end":{"line":21,"column":null}},"9":{"start":{"line":419,"column":18},"end":{"line":419,"column":32}},"10":{"start":{"line":442,"column":18},"end":{"line":442,"column":32}},"11":{"start":{"line":465,"column":18},"end":{"line":465,"column":32}}},"fnMap":{"0":{"name":"LanguageSwitcher","decl":{"start":{"line":23,"column":9},"end":{"line":23,"column":null}},"loc":{"start":{"line":23,"column":9},"end":{"line":30,"column":null}}},"1":{"name":"LandingPage","decl":{"start":{"line":32,"column":24},"end":{"line":32,"column":null}},"loc":{"start":{"line":32,"column":24},"end":{"line":681,"column":null}}},"2":{"name":"(anonymous_4)","decl":{"start":{"line":418,"column":35},"end":{"line":418,"column":36}},"loc":{"start":{"line":419,"column":18},"end":{"line":419,"column":32}}},"3":{"name":"(anonymous_5)","decl":{"start":{"line":441,"column":35},"end":{"line":441,"column":36}},"loc":{"start":{"line":442,"column":18},"end":{"line":442,"column":32}}},"4":{"name":"(anonymous_6)","decl":{"start":{"line":464,"column":35},"end":{"line":464,"column":36}},"loc":{"start":{"line":465,"column":18},"end":{"line":465,"column":32}}}},"branchMap":{},"s":{"0":0,"1":0,"2":0,"3":0,"4":0,"5":0,"6":0,"7":0,"8":0,"9":0,"10":0,"11":0},"f":{"0":0,"1":0,"2":0,"3":0,"4":0},"b":{}}
,"C:\\Users\\yanp0\\OneDrive\\Documentos\\proyectos\\forgevid\\app\\page.tsx": {"path":"C:\\Users\\yanp0\\OneDrive\\Documentos\\proyectos\\forgevid\\app\\page.tsx","statementMap":{"0":{"start":{"line":3,"column":24},"end":{"line":3,"column":null}},"1":{"start":{"line":1,"column":25},"end":{"line":1,"column":null}},"2":{"start":{"line":5,"column":2},"end":{"line":5,"column":null}}},"fnMap":{"0":{"name":"RootPage","decl":{"start":{"line":3,"column":24},"end":{"line":3,"column":null}},"loc":{"start":{"line":3,"column":24},"end":{"line":6,"column":null}}}},"branchMap":{},"s":{"0":0,"1":0,"2":0},"f":{"0":0},"b":{}}
,"C:\\Users\\yanp0\\OneDrive\\Documentos\\proyectos\\forgevid\\app\\[locale]\\layout.tsx": {"path":"C:\\Users\\yanp0\\OneDrive\\Documentos\\proyectos\\forgevid\\app\\[locale]\\layout.tsx","statementMap":{"0":{"start":{"line":7,"column":30},"end":{"line":7,"column":43}},"1":{"start":{"line":1,"column":39},"end":{"line":1,"column":null}},"2":{"start":{"line":2,"column":28},"end":{"line":2,"column":null}},"3":{"start":{"line":3,"column":25},"end":{"line":3,"column":null}},"4":{"start":{"line":5,"column":16},"end":{"line":5,"column":null}},"5":{"start":{"line":14,"column":21},"end":{"line":14,"column":null}},"6":{"start":{"line":17,"column":2},"end":{"line":17,"column":null}},"7":{"start":{"line":17,"column":40},"end":{"line":17,"column":null}},"8":{"start":{"line":21,"column":19},"end":{"line":21,"column":null}}},"fnMap":{"0":{"name":"LocaleLayout","decl":{"start":{"line":7,"column":30},"end":{"line":7,"column":43}},"loc":{"start":{"line":13,"column":1},"end":{"line":28,"column":null}}}},"branchMap":{"0":{"loc":{"start":{"line":17,"column":2},"end":{"line":17,"column":null}},"type":"if","locations":[{"start":{"line":17,"column":2},"end":{"line":17,"column":null}},{"start":{},"end":{}}]}},"s":{"0":0,"1":0,"2":0,"3":0,"4":0,"5":0,"6":0,"7":0,"8":0},"f":{"0":0},"b":{"0":[0,0]}}
,"C:\\Users\\yanp0\\OneDrive\\Documentos\\proyectos\\forgevid\\app\\[locale]\\not-found.tsx": {"path":"C:\\Users\\yanp0\\OneDrive\\Documentos\\proyectos\\forgevid\\app\\[locale]\\not-found.tsx","statementMap":{"0":{"start":{"line":5,"column":24},"end":{"line":5,"column":null}},"1":{"start":{"line":2,"column":17},"end":{"line":2,"column":null}},"2":{"start":{"line":3,"column":23},"end":{"line":3,"column":null}}},"fnMap":{"0":{"name":"NotFound","decl":{"start":{"line":5,"column":24},"end":{"line":5,"column":null}},"loc":{"start":{"line":5,"column":24},"end":{"line":17,"column":null}}}},"branchMap":{},"s":{"0":0,"1":0,"2":0},"f":{"0":0},"b":{}}
,"C:\\Users\\yanp0\\OneDrive\\Documentos\\proyectos\\forgevid\\app\\[locale]\\page.tsx": {"path":"C:\\Users\\yanp0\\OneDrive\\Documentos\\proyectos\\forgevid\\app\\[locale]\\page.tsx","statementMap":{"0":{"start":{"line":22,"column":24},"end":{"line":22,"column":null}},"1":{"start":{"line":3,"column":32},"end":{"line":3,"column":null}},"2":{"start":{"line":4,"column":23},"end":{"line":4,"column":null}},"3":{"start":{"line":5,"column":74},"end":{"line":5,"column":null}},"4":{"start":{"line":6,"column":22},"end":{"line":6,"column":null}},"5":{"start":{"line":18,"column":7},"end":{"line":18,"column":null}},"6":{"start":{"line":19,"column":33},"end":{"line":19,"column":null}},"7":{"start":{"line":20,"column":29},"end":{"line":20,"column":null}},"8":{"start":{"line":23,"column":12},"end":{"line":23,"column":null}}},"fnMap":{"0":{"name":"LandingPage","decl":{"start":{"line":22,"column":24},"end":{"line":22,"column":null}},"loc":{"start":{"line":22,"column":24},"end":{"line":193,"column":null}}}},"branchMap":{},"s":{"0":0,"1":0,"2":0,"3":0,"4":0,"5":0,"6":0,"7":0,"8":0},"f":{"0":0},"b":{}}
,"C:\\Users\\yanp0\\OneDrive\\Documentos\\proyectos\\forgevid\\app\\[locale]\\collaborate\\page.tsx": {"path":"C:\\Users\\yanp0\\OneDrive\\Documentos\\proyectos\\forgevid\\app\\[locale]\\collaborate\\page.tsx","statementMap":{"0":{"start":{"line":22,"column":24},"end":{"line":22,"column":null}},"1":{"start":{"line":3,"column":36},"end":{"line":3,"column":null}},"2":{"start":{"line":4,"column":27},"end":{"line":4,"column":null}},"3":{"start":{"line":5,"column":26},"end":{"line":5,"column":null}},"4":{"start":{"line":6,"column":34},"end":{"line":6,"column":null}},"5":{"start":{"line":7,"column":23},"end":{"line":7,"column":null}},"6":{"start":{"line":8,"column":22},"end":{"line":8,"column":null}},"7":{"start":{"line":9,"column":57},"end":{"line":9,"column":null}},"8":{"start":{"line":11,"column":53},"end":{"line":11,"column":null}},"9":{"start":{"line":12,"column":32},"end":{"line":12,"column":null}},"10":{"start":{"line":23,"column":36},"end":{"line":23,"column":null}},"11":{"start":{"line":24,"column":17},"end":{"line":24,"column":null}},"12":{"start":{"line":25,"column":12},"end":{"line":25,"column":null}},"13":{"start":{"line":26,"column":30},"end":{"line":26,"column":null}},"14":{"start":{"line":27,"column":36},"end":{"line":27,"column":null}},"15":{"start":{"line":28,"column":28},"end":{"line":28,"column":null}},"16":{"start":{"line":29,"column":34},"end":{"line":29,"column":null}},"17":{"start":{"line":30,"column":26},"end":{"line":30,"column":null}},"18":{"start":{"line":33,"column":2},"end":{"line":56,"column":null}},"19":{"start":{"line":34,"column":4},"end":{"line":55,"column":null}},"20":{"start":{"line":35,"column":6},"end":{"line":54,"column":null}},"21":{"start":{"line":41,"column":19},"end":{"line":41,"column":null}},"22":{"start":{"line":43,"column":8},"end":{"line":49,"column":null}},"23":{"start":{"line":44,"column":10},"end":{"line":44,"column":null}},"24":{"start":{"line":45,"column":10},"end":{"line":45,"column":null}},"25":{"start":{"line":46,"column":10},"end":{"line":46,"column":null}},"26":{"start":{"line":48,"column":10},"end":{"line":48,"column":null}},"27":{"start":{"line":52,"column":8},"end":{"line":52,"column":null}},"28":{"start":{"line":53,"column":8},"end":{"line":53,"column":null}},"29":{"start":{"line":58,"column":25},"end":{"line":76,"column":null}},"30":{"start":{"line":59,"column":4},"end":{"line":62,"column":null}},"31":{"start":{"line":60,"column":6},"end":{"line":60,"column":null}},"32":{"start":{"line":61,"column":6},"end":{"line":61,"column":null}},"33":{"start":{"line":64,"column":4},"end":{"line":67,"column":null}},"34":{"start":{"line":65,"column":6},"end":{"line":65,"column":null}},"35":{"start":{"line":66,"column":6},"end":{"line":66,"column":null}},"36":{"start":{"line":69,"column":4},"end":{"line":69,"column":null}},"37":{"start":{"line":70,"column":4},"end":{"line":70,"column":null}},"38":{"start":{"line":73,"column":4},"end":{"line":75,"column":null}},"39":{"start":{"line":74,"column":6},"end":{"line":74,"column":null}},"40":{"start":{"line":78,"column":27},"end":{"line":81,"column":null}},"41":{"start":{"line":79,"column":22},"end":{"line":79,"column":85}},"42":{"start":{"line":80,"column":4},"end":{"line":80,"column":null}},"43":{"start":{"line":83,"column":2},"end":{"line":92,"column":null}},"44":{"start":{"line":94,"column":2},"end":{"line":112,"column":null}},"45":{"start":{"line":105,"column":35},"end":{"line":105,"column":63}},"46":{"start":{"line":115,"column":2},"end":{"line":123,"column":null}},"47":{"start":{"line":120,"column":28},"end":{"line":120,"column":null}},"48":{"start":{"line":149,"column":35},"end":{"line":149,"column":null}}},"fnMap":{"0":{"name":"CollaboratePage","decl":{"start":{"line":22,"column":24},"end":{"line":22,"column":null}},"loc":{"start":{"line":22,"column":24},"end":{"line":233,"column":null}}},"1":{"name":"(anonymous_2)","decl":{"start":{"line":33,"column":12},"end":{"line":33,"column":null}},"loc":{"start":{"line":33,"column":12},"end":{"line":56,"column":5}}},"2":{"name":"(anonymous_3)","decl":{"start":{"line":41,"column":12},"end":{"line":41,"column":19}},"loc":{"start":{"line":41,"column":19},"end":{"line":41,"column":null}}},"3":{"name":"(anonymous_4)","decl":{"start":{"line":42,"column":12},"end":{"line":42,"column":null}},"loc":{"start":{"line":42,"column":12},"end":{"line":50,"column":null}}},"4":{"name":"(anonymous_5)","decl":{"start":{"line":51,"column":13},"end":{"line":51,"column":null}},"loc":{"start":{"line":51,"column":13},"end":{"line":54,"column":null}}},"5":{"name":"(anonymous_6)","decl":{"start":{"line":58,"column":25},"end":{"line":58,"column":null}},"loc":{"start":{"line":58,"column":25},"end":{"line":76,"column":null}}},"6":{"name":"(anonymous_7)","decl":{"start":{"line":73,"column":15},"end":{"line":73,"column":null}},"loc":{"start":{"line":73,"column":15},"end":{"line":75,"column":7}}},"7":{"name":"(anonymous_8)","decl":{"start":{"line":78,"column":27},"end":{"line":78,"column":null}},"loc":{"start":{"line":78,"column":27},"end":{"line":81,"column":null}}},"8":{"name":"(anonymous_9)","decl":{"start":{"line":105,"column":29},"end":{"line":105,"column":35}},"loc":{"start":{"line":105,"column":35},"end":{"line":105,"column":63}}},"9":{"name":"(anonymous_10)","decl":{"start":{"line":120,"column":17},"end":{"line":120,"column":18}},"loc":{"start":{"line":120,"column":28},"end":{"line":120,"column":null}}},"10":{"name":"(anonymous_11)","decl":{"start":{"line":149,"column":28},"end":{"line":149,"column":29}},"loc":{"start":{"line":149,"column":35},"end":{"line":149,"column":null}}}},"branchMap":{"0":{"loc":{"start":{"line":34,"column":4},"end":{"line":55,"column":null}},"type":"if","locations":[{"start":{"line":34,"column":4},"end":{"line":55,"column":null}},{"start":{},"end":{}}]},"1":{"loc":{"start":{"line":43,"column":8},"end":{"line":49,"column":null}},"type":"if","locations":[{"start":{"line":43,"column":8},"end":{"line":49,"column":null}},{"start":{"line":47,"column":15},"end":{"line":49,"column":null}}]},"2":{"loc":{"start":{"line":59,"column":4},"end":{"line":62,"column":null}},"type":"if","locations":[{"start":{"line":59,"column":4},"end":{"line":62,"column":null}},{"start":{},"end":{}}]},"3":{"loc":{"start":{"line":64,"column":4},"end":{"line":67,"column":null}},"type":"if","locations":[{"start":{"line":64,"column":4},"end":{"line":67,"column":null}},{"start":{},"end":{}}]},"4":{"loc":{"start":{"line":64,"column":8},"end":{"line":64,"column":28}},"type":"binary-expr","locations":[{"start":{"line":64,"column":8},"end":{"line":64,"column":21}},{"start":{"line":64,"column":21},"end":{"line":64,"column":28}}]},"5":{"loc":{"start":{"line":83,"column":2},"end":{"line":92,"column":null}},"type":"if","locations":[{"start":{"line":83,"column":2},"end":{"line":92,"column":null}},{"start":{},"end":{}}]},"6":{"loc":{"start":{"line":94,"column":2},"end":{"line":112,"column":null}},"type":"if","locations":[{"start":{"line":94,"column":2},"end":{"line":112,"column":null}},{"start":{},"end":{}}]},"7":{"loc":{"start":{"line":115,"column":2},"end":{"line":123,"column":null}},"type":"if","locations":[{"start":{"line":115,"column":2},"end":{"line":123,"column":null}},{"start":{},"end":{}}]},"8":{"loc":{"start":{"line":115,"column":6},"end":{"line":115,"column":34}},"type":"binary-expr","locations":[{"start":{"line":115,"column":6},"end":{"line":115,"column":16}},{"start":{"line":115,"column":16},"end":{"line":115,"column":24}},{"start":{"line":115,"column":24},"end":{"line":115,"column":34}}]},"9":{"loc":{"start":{"line":140,"column":15},"end":{"line":140,"column":null}},"type":"binary-expr","locations":[{"start":{"line":140,"column":15},"end":{"line":140,"column":null}}]},"10":{"loc":{"start":{"line":156,"column":30},"end":{"line":156,"column":null}},"type":"binary-expr","locations":[{"start":{"line":156,"column":30},"end":{"line":156,"column":43}},{"start":{"line":156,"column":43},"end":{"line":156,"column":61}},{"start":{"line":156,"column":61},"end":{"line":156,"column":null}}]},"11":{"loc":{"start":{"line":159,"column":21},"end":{"line":165,"column":null}},"type":"cond-expr","locations":[{"start":{"line":160,"column":22},"end":{"line":165,"column":null}},{"start":{"line":165,"column":22},"end":{"line":165,"column":null}}]}},"s":{"0":0,"1":0,"2":0,"3":0,"4":0,"5":0,"6":0,"7":0,"8":0,"9":0,"10":0,"11":0,"12":0,"13":0,"14":0,"15":0,"16":0,"17":0,"18":0,"19":0,"20":0,"21":0,"22":0,"23":0,"24":0,"25":0,"26":0,"27":0,"28":0,"29":0,"30":0,"31":0,"32":0,"33":0,"34":0,"35":0,"36":0,"37":0,"38":0,"39":0,"40":0,"41":0,"42":0,"43":0,"44":0,"45":0,"46":0,"47":0,"48":0},"f":{"0":0,"1":0,"2":0,"3":0,"4":0,"5":0,"6":0,"7":0,"8":0,"9":0,"10":0},"b":{"0":[0,0],"1":[0,0],"2":[0,0],"3":[0,0],"4":[0,0],"5":[0,0],"6":[0,0],"7":[0,0],"8":[0,0,0],"9":[0],"10":[0,0,0],"11":[0,0]}}
,"C:\\Users\\yanp0\\OneDrive\\Documentos\\proyectos\\forgevid\\app\\admin\\loading.tsx": {"path":"C:\\Users\\yanp0\\OneDrive\\Documentos\\proyectos\\forgevid\\app\\admin\\loading.tsx","statementMap":{"0":{"start":{"line":1,"column":24},"end":{"line":1,"column":null}},"1":{"start":{"line":2,"column":2},"end":{"line":2,"column":null}}},"fnMap":{"0":{"name":"Loading","decl":{"start":{"line":1,"column":24},"end":{"line":1,"column":null}},"loc":{"start":{"line":1,"column":24},"end":{"line":3,"column":null}}}},"branchMap":{},"s":{"0":0,"1":0},"f":{"0":0},"b":{}}
,"C:\\Users\\yanp0\\OneDrive\\Documentos\\proyectos\\forgevid\\app\\admin\\page.tsx": {"path":"C:\\Users\\yanp0\\OneDrive\\Documentos\\proyectos\\forgevid\\app\\admin\\page.tsx","statementMap":{"0":{"start":{"line":168,"column":24},"end":{"line":168,"column":null}},"1":{"start":{"line":3,"column":23},"end":{"line":3,"column":null}},"2":{"start":{"line":4,"column":74},"end":{"line":4,"column":null}},"3":{"start":{"line":5,"column":22},"end":{"line":5,"column":null}},"4":{"start":{"line":6,"column":22},"end":{"line":6,"column":null}},"5":{"start":{"line":7,"column":57},"end":{"line":7,"column":null}},"6":{"start":{"line":8,"column":52},"end":{"line":8,"column":null}},"7":{"start":{"line":9,"column":78},"end":{"line":9,"column":null}},"8":{"start":{"line":10,"column":89},"end":{"line":10,"column":null}},"9":{"start":{"line":11,"column":25},"end":{"line":11,"column":null}},"10":{"start":{"line":29,"column":7},"end":{"line":29,"column":null}},"11":{"start":{"line":30,"column":25},"end":{"line":30,"column":null}},"12":{"start":{"line":33,"column":14},"end":{"line":38,"column":null}},"13":{"start":{"line":40,"column":21},"end":{"line":47,"column":null}},"14":{"start":{"line":49,"column":30},"end":{"line":54,"column":null}},"15":{"start":{"line":56,"column":27},"end":{"line":93,"column":null}},"16":{"start":{"line":95,"column":27},"end":{"line":102,"column":null}},"17":{"start":{"line":104,"column":20},"end":{"line":145,"column":null}},"18":{"start":{"line":147,"column":21},"end":{"line":166,"column":null}},"19":{"start":{"line":169,"column":40},"end":{"line":169,"column":null}},"20":{"start":{"line":171,"column":25},"end":{"line":190,"column":null}},"21":{"start":{"line":172,"column":4},"end":{"line":189,"column":null}},"22":{"start":{"line":192,"column":36},"end":{"line":203,"column":null}},"23":{"start":{"line":193,"column":4},"end":{"line":202,"column":null}},"24":{"start":{"line":205,"column":23},"end":{"line":214,"column":null}},"25":{"start":{"line":206,"column":4},"end":{"line":213,"column":null}},"26":{"start":{"line":244,"column":12},"end":{"line":244,"column":null}},"27":{"start":{"line":273,"column":16},"end":{"line":273,"column":null}},"28":{"start":{"line":302,"column":20},"end":{"line":302,"column":41}},"29":{"start":{"line":329,"column":24},"end":{"line":329,"column":47}},"30":{"start":{"line":374,"column":22},"end":{"line":374,"column":null}},"31":{"start":{"line":481,"column":41},"end":{"line":481,"column":null}},"32":{"start":{"line":501,"column":22},"end":{"line":501,"column":null}},"33":{"start":{"line":509,"column":46},"end":{"line":509,"column":50}},"34":{"start":{"line":618,"column":20},"end":{"line":618,"column":40}},"35":{"start":{"line":641,"column":20},"end":{"line":641,"column":44}}},"fnMap":{"0":{"name":"AdminDashboard","decl":{"start":{"line":168,"column":24},"end":{"line":168,"column":null}},"loc":{"start":{"line":168,"column":24},"end":{"line":704,"column":null}}},"1":{"name":"(anonymous_2)","decl":{"start":{"line":171,"column":25},"end":{"line":171,"column":26}},"loc":{"start":{"line":171,"column":26},"end":{"line":190,"column":null}}},"2":{"name":"(anonymous_3)","decl":{"start":{"line":192,"column":36},"end":{"line":192,"column":37}},"loc":{"start":{"line":192,"column":37},"end":{"line":203,"column":null}}},"3":{"name":"(anonymous_4)","decl":{"start":{"line":205,"column":23},"end":{"line":205,"column":24}},"loc":{"start":{"line":205,"column":24},"end":{"line":214,"column":null}}},"4":{"name":"(anonymous_5)","decl":{"start":{"line":243,"column":21},"end":{"line":243,"column":22}},"loc":{"start":{"line":244,"column":12},"end":{"line":244,"column":null}}},"5":{"name":"(anonymous_6)","decl":{"start":{"line":272,"column":32},"end":{"line":272,"column":33}},"loc":{"start":{"line":273,"column":16},"end":{"line":273,"column":null}}},"6":{"name":"(anonymous_7)","decl":{"start":{"line":301,"column":45},"end":{"line":301,"column":46}},"loc":{"start":{"line":302,"column":20},"end":{"line":302,"column":41}}},"7":{"name":"(anonymous_8)","decl":{"start":{"line":328,"column":46},"end":{"line":328,"column":47}},"loc":{"start":{"line":329,"column":24},"end":{"line":329,"column":47}}},"8":{"name":"(anonymous_9)","decl":{"start":{"line":373,"column":44},"end":{"line":373,"column":45}},"loc":{"start":{"line":374,"column":22},"end":{"line":374,"column":null}}},"9":{"name":"(anonymous_10)","decl":{"start":{"line":481,"column":34},"end":{"line":481,"column":35}},"loc":{"start":{"line":481,"column":41},"end":{"line":481,"column":null}}},"10":{"name":"(anonymous_11)","decl":{"start":{"line":500,"column":37},"end":{"line":500,"column":38}},"loc":{"start":{"line":501,"column":22},"end":{"line":501,"column":null}}},"11":{"name":"(anonymous_12)","decl":{"start":{"line":509,"column":39},"end":{"line":509,"column":40}},"loc":{"start":{"line":509,"column":46},"end":{"line":509,"column":50}}},"12":{"name":"(anonymous_13)","decl":{"start":{"line":617,"column":36},"end":{"line":617,"column":37}},"loc":{"start":{"line":618,"column":20},"end":{"line":618,"column":40}}},"13":{"name":"(anonymous_14)","decl":{"start":{"line":640,"column":24},"end":{"line":640,"column":25}},"loc":{"start":{"line":641,"column":20},"end":{"line":641,"column":44}}}},"branchMap":{"0":{"loc":{"start":{"line":277,"column":22},"end":{"line":279,"column":23}},"type":"cond-expr","locations":[{"start":{"line":277,"column":22},"end":{"line":279,"column":23}}]},"1":{"loc":{"start":{"line":285,"column":39},"end":{"line":285,"column":97}},"type":"cond-expr","locations":[{"start":{"line":285,"column":61},"end":{"line":285,"column":80}},{"start":{"line":285,"column":80},"end":{"line":285,"column":97}}]},"2":{"loc":{"start":{"line":305,"column":42},"end":{"line":305,"column":95}},"type":"cond-expr","locations":[{"start":{"line":305,"column":71},"end":{"line":305,"column":83}},{"start":{"line":305,"column":83},"end":{"line":305,"column":95}}]},"3":{"loc":{"start":{"line":505,"column":48},"end":{"line":505,"column":null}},"type":"binary-expr","locations":[{"start":{"line":505,"column":48},"end":{"line":505,"column":59}},{"start":{"line":505,"column":63},"end":{"line":505,"column":null}}]},"4":{"loc":{"start":{"line":645,"column":28},"end":{"line":649,"column":null}},"type":"cond-expr","locations":[{"start":{"line":646,"column":32},"end":{"line":646,"column":null}},{"start":{"line":647,"column":32},"end":{"line":649,"column":null}}]},"5":{"loc":{"start":{"line":647,"column":32},"end":{"line":649,"column":null}},"type":"cond-expr","locations":[{"start":{"line":648,"column":34},"end":{"line":648,"column":null}},{"start":{"line":649,"column":34},"end":{"line":649,"column":null}}]}},"s":{"0":0,"1":0,"2":0,"3":0,"4":0,"5":0,"6":0,"7":0,"8":0,"9":0,"10":0,"11":0,"12":0,"13":0,"14":0,"15":0,"16":0,"17":0,"18":0,"19":0,"20":0,"21":0,"22":0,"23":0,"24":0,"25":0,"26":0,"27":0,"28":0,"29":0,"30":0,"31":0,"32":0,"33":0,"34":0,"35":0},"f":{"0":0,"1":0,"2":0,"3":0,"4":0,"5":0,"6":0,"7":0,"8":0,"9":0,"10":0,"11":0,"12":0,"13":0},"b":{"0":[0],"1":[0,0],"2":[0,0],"3":[0,0],"4":[0,0],"5":[0,0]}}
,"C:\\Users\\yanp0\\OneDrive\\Documentos\\proyectos\\forgevid\\app\\admin\\api\\page.tsx": {"path":"C:\\Users\\yanp0\\OneDrive\\Documentos\\proyectos\\forgevid\\app\\admin\\api\\page.tsx","statementMap":{"0":{"start":{"line":33,"column":24},"end":{"line":33,"column":null}},"1":{"start":{"line":3,"column":25},"end":{"line":3,"column":null}},"2":{"start":{"line":4,"column":74},"end":{"line":4,"column":null}},"3":{"start":{"line":5,"column":23},"end":{"line":5,"column":null}},"4":{"start":{"line":6,"column":22},"end":{"line":6,"column":null}},"5":{"start":{"line":7,"column":57},"end":{"line":7,"column":null}},"6":{"start":{"line":8,"column":22},"end":{"line":8,"column":null}},"7":{"start":{"line":9,"column":22},"end":{"line":9,"column":null}},"8":{"start":{"line":10,"column":23},"end":{"line":10,"column":null}},"9":{"start":{"line":11,"column":57},"end":{"line":11,"column":null}},"10":{"start":{"line":34,"column":36},"end":{"line":62,"column":null}},"11":{"start":{"line":64,"column":32},"end":{"line":83,"column":null}},"12":{"start":{"line":85,"column":48},"end":{"line":90,"column":null}},"13":{"start":{"line":163,"column":18},"end":{"line":163,"column":35}},"14":{"start":{"line":218,"column":18},"end":{"line":218,"column":36}},"15":{"start":{"line":263,"column":48},"end":{"line":263,"column":null}},"16":{"start":{"line":263,"column":78},"end":{"line":263,"column":null}},"17":{"start":{"line":275,"column":22},"end":{"line":275,"column":null}},"18":{"start":{"line":275,"column":52},"end":{"line":275,"column":null}},"19":{"start":{"line":286,"column":22},"end":{"line":286,"column":null}},"20":{"start":{"line":286,"column":52},"end":{"line":286,"column":null}},"21":{"start":{"line":301,"column":20},"end":{"line":301,"column":41}},"22":{"start":{"line":331,"column":22},"end":{"line":331,"column":47}},"23":{"start":{"line":353,"column":22},"end":{"line":353,"column":44}}},"fnMap":{"0":{"name":"APIManagementPage","decl":{"start":{"line":33,"column":24},"end":{"line":33,"column":null}},"loc":{"start":{"line":33,"column":24},"end":{"line":375,"column":null}}},"1":{"name":"(anonymous_2)","decl":{"start":{"line":162,"column":31},"end":{"line":162,"column":32}},"loc":{"start":{"line":163,"column":18},"end":{"line":163,"column":35}}},"2":{"name":"(anonymous_3)","decl":{"start":{"line":217,"column":29},"end":{"line":217,"column":30}},"loc":{"start":{"line":218,"column":18},"end":{"line":218,"column":36}}},"3":{"name":"(anonymous_4)","decl":{"start":{"line":263,"column":35},"end":{"line":263,"column":36}},"loc":{"start":{"line":263,"column":48},"end":{"line":263,"column":null}}},"4":{"name":"(anonymous_5)","decl":{"start":{"line":263,"column":67},"end":{"line":263,"column":68}},"loc":{"start":{"line":263,"column":78},"end":{"line":263,"column":null}}},"5":{"name":"(anonymous_6)","decl":{"start":{"line":274,"column":30},"end":{"line":274,"column":31}},"loc":{"start":{"line":275,"column":22},"end":{"line":275,"column":null}}},"6":{"name":"(anonymous_7)","decl":{"start":{"line":275,"column":41},"end":{"line":275,"column":42}},"loc":{"start":{"line":275,"column":52},"end":{"line":275,"column":null}}},"7":{"name":"(anonymous_8)","decl":{"start":{"line":285,"column":30},"end":{"line":285,"column":31}},"loc":{"start":{"line":286,"column":22},"end":{"line":286,"column":null}}},"8":{"name":"(anonymous_9)","decl":{"start":{"line":286,"column":41},"end":{"line":286,"column":42}},"loc":{"start":{"line":286,"column":52},"end":{"line":286,"column":null}}},"9":{"name":"(anonymous_10)","decl":{"start":{"line":300,"column":24},"end":{"line":300,"column":25}},"loc":{"start":{"line":301,"column":20},"end":{"line":301,"column":41}}},"10":{"name":"(anonymous_11)","decl":{"start":{"line":330,"column":26},"end":{"line":330,"column":27}},"loc":{"start":{"line":331,"column":22},"end":{"line":331,"column":47}}},"11":{"name":"(anonymous_12)","decl":{"start":{"line":352,"column":26},"end":{"line":352,"column":27}},"loc":{"start":{"line":353,"column":22},"end":{"line":353,"column":44}}}},"branchMap":{"0":{"loc":{"start":{"line":165,"column":38},"end":{"line":165,"column":92}},"type":"cond-expr","locations":[{"start":{"line":165,"column":66},"end":{"line":165,"column":80}},{"start":{"line":165,"column":80},"end":{"line":165,"column":92}}]},"1":{"loc":{"start":{"line":169,"column":26},"end":{"line":173,"column":null}},"type":"cond-expr","locations":[{"start":{"line":170,"column":30},"end":{"line":170,"column":null}},{"start":{"line":171,"column":30},"end":{"line":173,"column":null}}]},"2":{"loc":{"start":{"line":171,"column":30},"end":{"line":173,"column":null}},"type":"cond-expr","locations":[{"start":{"line":172,"column":32},"end":{"line":172,"column":null}},{"start":{"line":173,"column":32},"end":{"line":173,"column":null}}]},"3":{"loc":{"start":{"line":222,"column":40},"end":{"line":222,"column":94}},"type":"cond-expr","locations":[{"start":{"line":222,"column":66},"end":{"line":222,"column":78}},{"start":{"line":222,"column":78},"end":{"line":222,"column":94}}]}},"s":{"0":0,"1":0,"2":0,"3":0,"4":0,"5":0,"6":0,"7":0,"8":0,"9":0,"10":0,"11":0,"12":0,"13":0,"14":0,"15":0,"16":0,"17":0,"18":0,"19":0,"20":0,"21":0,"22":0,"23":0},"f":{"0":0,"1":0,"2":0,"3":0,"4":0,"5":0,"6":0,"7":0,"8":0,"9":0,"10":0,"11":0},"b":{"0":[0,0],"1":[0,0],"2":[0,0],"3":[0,0]}}
,"C:\\Users\\yanp0\\OneDrive\\Documentos\\proyectos\\forgevid\\app\\admin\\cost-management\\page.tsx": {"path":"C:\\Users\\yanp0\\OneDrive\\Documentos\\proyectos\\forgevid\\app\\admin\\cost-management\\page.tsx","statementMap":{"0":{"start":{"line":38,"column":24},"end":{"line":38,"column":null}},"1":{"start":{"line":3,"column":36},"end":{"line":3,"column":null}},"2":{"start":{"line":4,"column":74},"end":{"line":4,"column":null}},"3":{"start":{"line":5,"column":23},"end":{"line":5,"column":null}},"4":{"start":{"line":6,"column":22},"end":{"line":6,"column":null}},"5":{"start":{"line":7,"column":57},"end":{"line":7,"column":null}},"6":{"start":{"line":8,"column":25},"end":{"line":8,"column":null}},"7":{"start":{"line":9,"column":22},"end":{"line":9,"column":null}},"8":{"start":{"line":10,"column":22},"end":{"line":10,"column":null}},"9":{"start":{"line":20,"column":7},"end":{"line":20,"column":null}},"10":{"start":{"line":39,"column":34},"end":{"line":51,"column":null}},"11":{"start":{"line":53,"column":42},"end":{"line":68,"column":null}},"12":{"start":{"line":70,"column":2},"end":{"line":121,"column":null}},"13":{"start":{"line":72,"column":4},"end":{"line":120,"column":null}},"14":{"start":{"line":123,"column":25},"end":{"line":128,"column":null}},"15":{"start":{"line":124,"column":4},"end":{"line":127,"column":null}},"16":{"start":{"line":130,"column":30},"end":{"line":134,"column":null}},"17":{"start":{"line":131,"column":4},"end":{"line":131,"column":null}},"18":{"start":{"line":131,"column":27},"end":{"line":131,"column":null}},"19":{"start":{"line":132,"column":4},"end":{"line":132,"column":null}},"20":{"start":{"line":132,"column":27},"end":{"line":132,"column":null}},"21":{"start":{"line":133,"column":4},"end":{"line":133,"column":null}},"22":{"start":{"line":136,"column":32},"end":{"line":140,"column":null}},"23":{"start":{"line":137,"column":4},"end":{"line":137,"column":null}},"24":{"start":{"line":137,"column":27},"end":{"line":137,"column":null}},"25":{"start":{"line":138,"column":4},"end":{"line":138,"column":null}},"26":{"start":{"line":138,"column":27},"end":{"line":138,"column":null}},"27":{"start":{"line":139,"column":4},"end":{"line":139,"column":null}},"28":{"start":{"line":153,"column":12},"end":{"line":154,"column":null}},"29":{"start":{"line":245,"column":39},"end":{"line":245,"column":null}},"30":{"start":{"line":246,"column":20},"end":{"line":247,"column":41}},"31":{"start":{"line":271,"column":20},"end":{"line":271,"column":45}},"32":{"start":{"line":295,"column":14},"end":{"line":295,"column":null}},"33":{"start":{"line":335,"column":18},"end":{"line":335,"column":45}},"34":{"start":{"line":384,"column":18},"end":{"line":384,"column":41}}},"fnMap":{"0":{"name":"CostManagementPage","decl":{"start":{"line":38,"column":24},"end":{"line":38,"column":null}},"loc":{"start":{"line":38,"column":24},"end":{"line":404,"column":null}}},"1":{"name":"(anonymous_2)","decl":{"start":{"line":70,"column":12},"end":{"line":70,"column":null}},"loc":{"start":{"line":70,"column":12},"end":{"line":121,"column":5}}},"2":{"name":"(anonymous_3)","decl":{"start":{"line":123,"column":25},"end":{"line":123,"column":26}},"loc":{"start":{"line":123,"column":26},"end":{"line":128,"column":null}}},"3":{"name":"(anonymous_4)","decl":{"start":{"line":130,"column":30},"end":{"line":130,"column":31}},"loc":{"start":{"line":130,"column":31},"end":{"line":134,"column":null}}},"4":{"name":"(anonymous_5)","decl":{"start":{"line":136,"column":32},"end":{"line":136,"column":33}},"loc":{"start":{"line":136,"column":33},"end":{"line":140,"column":null}}},"5":{"name":"(anonymous_6)","decl":{"start":{"line":152,"column":28},"end":{"line":152,"column":29}},"loc":{"start":{"line":153,"column":12},"end":{"line":154,"column":null}}},"6":{"name":"(anonymous_7)","decl":{"start":{"line":244,"column":62},"end":{"line":244,"column":63}},"loc":{"start":{"line":244,"column":78},"end":{"line":258,"column":null}}},"7":{"name":"(anonymous_8)","decl":{"start":{"line":270,"column":39},"end":{"line":270,"column":40}},"loc":{"start":{"line":271,"column":20},"end":{"line":271,"column":45}}},"8":{"name":"(anonymous_9)","decl":{"start":{"line":294,"column":54},"end":{"line":294,"column":55}},"loc":{"start":{"line":295,"column":14},"end":{"line":295,"column":null}}},"9":{"name":"(anonymous_10)","decl":{"start":{"line":334,"column":44},"end":{"line":334,"column":45}},"loc":{"start":{"line":335,"column":18},"end":{"line":335,"column":45}}},"10":{"name":"(anonymous_11)","decl":{"start":{"line":383,"column":58},"end":{"line":383,"column":59}},"loc":{"start":{"line":384,"column":18},"end":{"line":384,"column":41}}}},"branchMap":{"0":{"loc":{"start":{"line":131,"column":4},"end":{"line":131,"column":null}},"type":"if","locations":[{"start":{"line":131,"column":4},"end":{"line":131,"column":null}},{"start":{},"end":{}}]},"1":{"loc":{"start":{"line":132,"column":4},"end":{"line":132,"column":null}},"type":"if","locations":[{"start":{"line":132,"column":4},"end":{"line":132,"column":null}},{"start":{},"end":{}}]},"2":{"loc":{"start":{"line":137,"column":4},"end":{"line":137,"column":null}},"type":"if","locations":[{"start":{"line":137,"column":4},"end":{"line":137,"column":null}},{"start":{},"end":{}}]},"3":{"loc":{"start":{"line":138,"column":4},"end":{"line":138,"column":null}},"type":"if","locations":[{"start":{"line":138,"column":4},"end":{"line":138,"column":null}},{"start":{},"end":{}}]},"4":{"loc":{"start":{"line":150,"column":7},"end":{"line":150,"column":null}},"type":"binary-expr","locations":[{"start":{"line":150,"column":7},"end":{"line":150,"column":null}}]},"5":{"loc":{"start":{"line":156,"column":16},"end":{"line":156,"column":null}},"type":"cond-expr","locations":[{"start":{"line":156,"column":48},"end":{"line":156,"column":77}},{"start":{"line":156,"column":77},"end":{"line":156,"column":null}}]},"6":{"loc":{"start":{"line":162,"column":42},"end":{"line":162,"column":109}},"type":"cond-expr","locations":[{"start":{"line":162,"column":74},"end":{"line":162,"column":91}},{"start":{"line":162,"column":91},"end":{"line":162,"column":109}}]},"7":{"loc":{"start":{"line":275,"column":26},"end":{"line":277,"column":27}},"type":"cond-expr","locations":[{"start":{"line":275,"column":26},"end":{"line":277,"column":27}}]},"8":{"loc":{"start":{"line":279,"column":56},"end":{"line":279,"column":109}},"type":"cond-expr","locations":[{"start":{"line":279,"column":75},"end":{"line":279,"column":92}},{"start":{"line":279,"column":92},"end":{"line":279,"column":109}}]},"9":{"loc":{"start":{"line":280,"column":27},"end":{"line":280,"column":null}},"type":"cond-expr","locations":[{"start":{"line":280,"column":46},"end":{"line":280,"column":52}},{"start":{"line":280,"column":52},"end":{"line":280,"column":null}}]},"10":{"loc":{"start":{"line":301,"column":24},"end":{"line":301,"column":null}},"type":"cond-expr","locations":[{"start":{"line":301,"column":51},"end":{"line":301,"column":67}},{"start":{"line":301,"column":67},"end":{"line":301,"column":null}}]},"11":{"loc":{"start":{"line":301,"column":67},"end":{"line":301,"column":null}},"type":"cond-expr","locations":[{"start":{"line":301,"column":94},"end":{"line":301,"column":108}},{"start":{"line":301,"column":108},"end":{"line":301,"column":null}}]},"12":{"loc":{"start":{"line":342,"column":30},"end":{"line":346,"column":null}},"type":"cond-expr","locations":[{"start":{"line":343,"column":34},"end":{"line":343,"column":null}},{"start":{"line":344,"column":34},"end":{"line":346,"column":null}}]},"13":{"loc":{"start":{"line":344,"column":34},"end":{"line":346,"column":null}},"type":"cond-expr","locations":[{"start":{"line":345,"column":36},"end":{"line":345,"column":null}},{"start":{"line":346,"column":36},"end":{"line":346,"column":null}}]}},"s":{"0":0,"1":0,"2":0,"3":0,"4":0,"5":0,"6":0,"7":0,"8":0,"9":0,"10":0,"11":0,"12":0,"13":0,"14":0,"15":0,"16":0,"17":0,"18":0,"19":0,"20":0,"21":0,"22":0,"23":0,"24":0,"25":0,"26":0,"27":0,"28":0,"29":0,"30":0,"31":0,"32":0,"33":0,"34":0},"f":{"0":0,"1":0,"2":0,"3":0,"4":0,"5":0,"6":0,"7":0,"8":0,"9":0,"10":0},"b":{"0":[0,0],"1":[0,0],"2":[0,0],"3":[0,0],"4":[0],"5":[0,0],"6":[0,0],"7":[0],"8":[0,0],"9":[0,0],"10":[0,0],"11":[0,0],"12":[0,0],"13":[0,0]}}
,"C:\\Users\\yanp0\\OneDrive\\Documentos\\proyectos\\forgevid\\app\\admin\\data\\page.tsx": {"path":"C:\\Users\\yanp0\\OneDrive\\Documentos\\proyectos\\forgevid\\app\\admin\\data\\page.tsx","statementMap":{"0":{"start":{"line":38,"column":24},"end":{"line":38,"column":null}},"1":{"start":{"line":3,"column":25},"end":{"line":3,"column":null}},"2":{"start":{"line":4,"column":74},"end":{"line":4,"column":null}},"3":{"start":{"line":5,"column":23},"end":{"line":5,"column":null}},"4":{"start":{"line":6,"column":22},"end":{"line":6,"column":null}},"5":{"start":{"line":7,"column":22},"end":{"line":7,"column":null}},"6":{"start":{"line":8,"column":78},"end":{"line":8,"column":null}},"7":{"start":{"line":9,"column":78},"end":{"line":9,"column":null}},"8":{"start":{"line":10,"column":57},"end":{"line":10,"column":null}},"9":{"start":{"line":11,"column":25},"end":{"line":11,"column":null}},"10":{"start":{"line":12,"column":52},"end":{"line":12,"column":null}},"11":{"start":{"line":20,"column":7},"end":{"line":20,"column":null}},"12":{"start":{"line":21,"column":22},"end":{"line":21,"column":null}},"13":{"start":{"line":22,"column":25},"end":{"line":22,"column":null}},"14":{"start":{"line":36,"column":7},"end":{"line":36,"column":null}},"15":{"start":{"line":39,"column":36},"end":{"line":39,"column":null}},"16":{"start":{"line":41,"column":18},"end":{"line":73,"column":null}},"17":{"start":{"line":75,"column":32},"end":{"line":106,"column":null}},"18":{"start":{"line":108,"column":25},"end":{"line":134,"column":null}},"19":{"start":{"line":136,"column":25},"end":{"line":143,"column":null}},"20":{"start":{"line":335,"column":20},"end":{"line":335,"column":null}},"21":{"start":{"line":400,"column":20},"end":{"line":400,"column":null}},"22":{"start":{"line":455,"column":20},"end":{"line":455,"column":null}}},"fnMap":{"0":{"name":"DataManagement","decl":{"start":{"line":38,"column":24},"end":{"line":38,"column":null}},"loc":{"start":{"line":38,"column":24},"end":{"line":562,"column":null}}},"1":{"name":"(anonymous_2)","decl":{"start":{"line":334,"column":31},"end":{"line":334,"column":32}},"loc":{"start":{"line":335,"column":20},"end":{"line":335,"column":null}}},"2":{"name":"(anonymous_3)","decl":{"start":{"line":399,"column":45},"end":{"line":399,"column":46}},"loc":{"start":{"line":400,"column":20},"end":{"line":400,"column":null}}},"3":{"name":"(anonymous_4)","decl":{"start":{"line":454,"column":38},"end":{"line":454,"column":39}},"loc":{"start":{"line":455,"column":20},"end":{"line":455,"column":null}}}},"branchMap":{"0":{"loc":{"start":{"line":338,"column":40},"end":{"line":338,"column":91}},"type":"cond-expr","locations":[{"start":{"line":338,"column":65},"end":{"line":338,"column":77}},{"start":{"line":338,"column":77},"end":{"line":338,"column":91}}]},"1":{"loc":{"start":{"line":341,"column":25},"end":{"line":341,"column":null}},"type":"binary-expr","locations":[{"start":{"line":341,"column":25},"end":{"line":341,"column":null}}]},"2":{"loc":{"start":{"line":347,"column":25},"end":{"line":347,"column":null}},"type":"binary-expr","locations":[{"start":{"line":347,"column":25},"end":{"line":347,"column":null}}]},"3":{"loc":{"start":{"line":408,"column":26},"end":{"line":410,"column":27}},"type":"cond-expr","locations":[{"start":{"line":408,"column":26},"end":{"line":410,"column":27}}]},"4":{"loc":{"start":{"line":461,"column":25},"end":{"line":461,"column":null}},"type":"binary-expr","locations":[{"start":{"line":461,"column":25},"end":{"line":461,"column":null}}]},"5":{"loc":{"start":{"line":467,"column":25},"end":{"line":467,"column":null}},"type":"binary-expr","locations":[{"start":{"line":467,"column":25},"end":{"line":467,"column":null}}]},"6":{"loc":{"start":{"line":474,"column":25},"end":{"line":474,"column":57}},"type":"binary-expr","locations":[{"start":{"line":474,"column":25},"end":{"line":474,"column":57}}]},"7":{"loc":{"start":{"line":477,"column":54},"end":{"line":477,"column":null}},"type":"binary-expr","locations":[{"start":{"line":477,"column":54},"end":{"line":477,"column":75}},{"start":{"line":477,"column":79},"end":{"line":477,"column":null}}]},"8":{"loc":{"start":{"line":480,"column":27},"end":{"line":480,"column":null}},"type":"binary-expr","locations":[{"start":{"line":480,"column":27},"end":{"line":480,"column":null}}]}},"s":{"0":0,"1":0,"2":0,"3":0,"4":0,"5":0,"6":0,"7":0,"8":0,"9":0,"10":0,"11":0,"12":0,"13":0,"14":0,"15":0,"16":0,"17":0,"18":0,"19":0,"20":0,"21":0,"22":0},"f":{"0":0,"1":0,"2":0,"3":0},"b":{"0":[0,0],"1":[0],"2":[0],"3":[0],"4":[0],"5":[0],"6":[0],"7":[0,0],"8":[0]}}
,"C:\\Users\\yanp0\\OneDrive\\Documentos\\proyectos\\forgevid\\app\\admin\\monitoring\\page.tsx": {"path":"C:\\Users\\yanp0\\OneDrive\\Documentos\\proyectos\\forgevid\\app\\admin\\monitoring\\page.tsx","statementMap":{"0":{"start":{"line":37,"column":24},"end":{"line":37,"column":null}},"1":{"start":{"line":3,"column":36},"end":{"line":3,"column":null}},"2":{"start":{"line":4,"column":74},"end":{"line":4,"column":null}},"3":{"start":{"line":5,"column":23},"end":{"line":5,"column":null}},"4":{"start":{"line":6,"column":22},"end":{"line":6,"column":null}},"5":{"start":{"line":7,"column":57},"end":{"line":7,"column":null}},"6":{"start":{"line":8,"column":78},"end":{"line":8,"column":null}},"7":{"start":{"line":9,"column":25},"end":{"line":9,"column":null}},"8":{"start":{"line":10,"column":52},"end":{"line":10,"column":null}},"9":{"start":{"line":23,"column":7},"end":{"line":23,"column":null}},"10":{"start":{"line":35,"column":7},"end":{"line":35,"column":null}},"11":{"start":{"line":38,"column":36},"end":{"line":38,"column":null}},"12":{"start":{"line":39,"column":42},"end":{"line":44,"column":null}},"13":{"start":{"line":47,"column":2},"end":{"line":58,"column":null}},"14":{"start":{"line":48,"column":21},"end":{"line":55,"column":null}},"15":{"start":{"line":49,"column":6},"end":{"line":54,"column":null}},"16":{"start":{"line":49,"column":33},"end":{"line":54,"column":null}},"17":{"start":{"line":57,"column":4},"end":{"line":57,"column":null}},"18":{"start":{"line":57,"column":17},"end":{"line":57,"column":null}},"19":{"start":{"line":60,"column":26},"end":{"line":67,"column":null}},"20":{"start":{"line":69,"column":24},"end":{"line":74,"column":null}},"21":{"start":{"line":76,"column":17},"end":{"line":98,"column":null}},"22":{"start":{"line":100,"column":19},"end":{"line":107,"column":null}},"23":{"start":{"line":109,"column":20},"end":{"line":134,"column":null}},"24":{"start":{"line":207,"column":32},"end":{"line":207,"column":59}},"25":{"start":{"line":212,"column":38},"end":{"line":212,"column":65}},"26":{"start":{"line":406,"column":20},"end":{"line":406,"column":null}},"27":{"start":{"line":460,"column":20},"end":{"line":460,"column":null}},"28":{"start":{"line":503,"column":20},"end":{"line":503,"column":null}}},"fnMap":{"0":{"name":"MonitoringDashboard","decl":{"start":{"line":37,"column":24},"end":{"line":37,"column":null}},"loc":{"start":{"line":37,"column":24},"end":{"line":554,"column":null}}},"1":{"name":"(anonymous_2)","decl":{"start":{"line":47,"column":12},"end":{"line":47,"column":null}},"loc":{"start":{"line":47,"column":12},"end":{"line":58,"column":5}}},"2":{"name":"(anonymous_3)","decl":{"start":{"line":48,"column":33},"end":{"line":48,"column":null}},"loc":{"start":{"line":48,"column":33},"end":{"line":55,"column":7}}},"3":{"name":"(anonymous_4)","decl":{"start":{"line":49,"column":22},"end":{"line":49,"column":23}},"loc":{"start":{"line":49,"column":33},"end":{"line":54,"column":null}}},"4":{"name":"(anonymous_5)","decl":{"start":{"line":57,"column":11},"end":{"line":57,"column":17}},"loc":{"start":{"line":57,"column":17},"end":{"line":57,"column":null}}},"5":{"name":"(anonymous_6)","decl":{"start":{"line":207,"column":21},"end":{"line":207,"column":22}},"loc":{"start":{"line":207,"column":32},"end":{"line":207,"column":59}}},"6":{"name":"(anonymous_7)","decl":{"start":{"line":212,"column":27},"end":{"line":212,"column":28}},"loc":{"start":{"line":212,"column":38},"end":{"line":212,"column":65}}},"7":{"name":"(anonymous_8)","decl":{"start":{"line":405,"column":32},"end":{"line":405,"column":33}},"loc":{"start":{"line":406,"column":20},"end":{"line":406,"column":null}}},"8":{"name":"(anonymous_9)","decl":{"start":{"line":459,"column":33},"end":{"line":459,"column":34}},"loc":{"start":{"line":460,"column":20},"end":{"line":460,"column":null}}},"9":{"name":"(anonymous_10)","decl":{"start":{"line":502,"column":30},"end":{"line":502,"column":31}},"loc":{"start":{"line":503,"column":20},"end":{"line":503,"column":null}}}},"branchMap":{"0":{"loc":{"start":{"line":165,"column":15},"end":{"line":165,"column":null}},"type":"cond-expr","locations":[{"start":{"line":165,"column":49},"end":{"line":165,"column":69}},{"start":{"line":165,"column":69},"end":{"line":165,"column":null}}]},"1":{"loc":{"start":{"line":178,"column":15},"end":{"line":178,"column":null}},"type":"cond-expr","locations":[{"start":{"line":178,"column":44},"end":{"line":178,"column":64}},{"start":{"line":178,"column":64},"end":{"line":178,"column":null}}]},"2":{"loc":{"start":{"line":207,"column":7},"end":{"line":207,"column":null}},"type":"binary-expr","locations":[{"start":{"line":207,"column":7},"end":{"line":207,"column":null}}]},"3":{"loc":{"start":{"line":345,"column":67},"end":{"line":345,"column":null}},"type":"cond-expr","locations":[{"start":{"line":345,"column":92},"end":{"line":345,"column":107}},{"start":{"line":345,"column":107},"end":{"line":345,"column":null}}]},"4":{"loc":{"start":{"line":416,"column":28},"end":{"line":420,"column":null}},"type":"cond-expr","locations":[{"start":{"line":417,"column":32},"end":{"line":417,"column":null}},{"start":{"line":418,"column":32},"end":{"line":420,"column":null}}]},"5":{"loc":{"start":{"line":418,"column":32},"end":{"line":420,"column":null}},"type":"cond-expr","locations":[{"start":{"line":419,"column":34},"end":{"line":419,"column":null}},{"start":{"line":420,"column":34},"end":{"line":420,"column":null}}]},"6":{"loc":{"start":{"line":465,"column":28},"end":{"line":465,"column":null}},"type":"cond-expr","locations":[{"start":{"line":465,"column":52},"end":{"line":465,"column":68}},{"start":{"line":465,"column":68},"end":{"line":465,"column":null}}]},"7":{"loc":{"start":{"line":465,"column":68},"end":{"line":465,"column":null}},"type":"cond-expr","locations":[{"start":{"line":465,"column":94},"end":{"line":465,"column":108}},{"start":{"line":465,"column":108},"end":{"line":465,"column":null}}]},"8":{"loc":{"start":{"line":507,"column":28},"end":{"line":511,"column":null}},"type":"cond-expr","locations":[{"start":{"line":508,"column":32},"end":{"line":508,"column":null}},{"start":{"line":509,"column":32},"end":{"line":511,"column":null}}]},"9":{"loc":{"start":{"line":509,"column":32},"end":{"line":511,"column":null}},"type":"cond-expr","locations":[{"start":{"line":510,"column":34},"end":{"line":510,"column":null}},{"start":{"line":511,"column":34},"end":{"line":511,"column":null}}]},"10":{"loc":{"start":{"line":522,"column":28},"end":{"line":526,"column":null}},"type":"cond-expr","locations":[{"start":{"line":523,"column":32},"end":{"line":523,"column":null}},{"start":{"line":524,"column":32},"end":{"line":526,"column":null}}]},"11":{"loc":{"start":{"line":524,"column":32},"end":{"line":526,"column":null}},"type":"cond-expr","locations":[{"start":{"line":525,"column":34},"end":{"line":525,"column":null}},{"start":{"line":526,"column":34},"end":{"line":526,"column":null}}]},"12":{"loc":{"start":{"line":534,"column":27},"end":{"line":534,"column":null}},"type":"binary-expr","locations":[{"start":{"line":534,"column":27},"end":{"line":534,"column":null}}]}},"s":{"0":0,"1":0,"2":0,"3":0,"4":0,"5":0,"6":0,"7":0,"8":0,"9":0,"10":0,"11":0,"12":0,"13":0,"14":0,"15":0,"16":0,"17":0,"18":0,"19":0,"20":0,"21":0,"22":0,"23":0,"24":0,"25":0,"26":0,"27":0,"28":0},"f":{"0":0,"1":0,"2":0,"3":0,"4":0,"5":0,"6":0,"7":0,"8":0,"9":0},"b":{"0":[0,0],"1":[0,0],"2":[0],"3":[0,0],"4":[0,0],"5":[0,0],"6":[0,0],"7":[0,0],"8":[0,0],"9":[0,0],"10":[0,0],"11":[0,0],"12":[0]}}
,"C:\\Users\\yanp0\\OneDrive\\Documentos\\proyectos\\forgevid\\app\\admin\\performance\\page.tsx": {"path":"C:\\Users\\yanp0\\OneDrive\\Documentos\\proyectos\\forgevid\\app\\admin\\performance\\page.tsx","statementMap":{"0":{"start":{"line":11,"column":24},"end":{"line":11,"column":null}},"1":{"start":{"line":3,"column":25},"end":{"line":3,"column":null}},"2":{"start":{"line":4,"column":74},"end":{"line":4,"column":null}},"3":{"start":{"line":5,"column":23},"end":{"line":5,"column":null}},"4":{"start":{"line":6,"column":22},"end":{"line":6,"column":null}},"5":{"start":{"line":7,"column":25},"end":{"line":7,"column":null}},"6":{"start":{"line":8,"column":57},"end":{"line":8,"column":null}},"7":{"start":{"line":9,"column":103},"end":{"line":9,"column":null}},"8":{"start":{"line":12,"column":32},"end":{"line":36,"column":null}},"9":{"start":{"line":38,"column":44},"end":{"line":45,"column":null}},"10":{"start":{"line":47,"column":24},"end":{"line":52,"column":null}},"11":{"start":{"line":48,"column":4},"end":{"line":48,"column":null}},"12":{"start":{"line":48,"column":24},"end":{"line":48,"column":null}},"13":{"start":{"line":49,"column":4},"end":{"line":49,"column":null}},"14":{"start":{"line":49,"column":24},"end":{"line":49,"column":null}},"15":{"start":{"line":50,"column":4},"end":{"line":50,"column":null}},"16":{"start":{"line":50,"column":24},"end":{"line":50,"column":null}},"17":{"start":{"line":51,"column":4},"end":{"line":51,"column":null}},"18":{"start":{"line":54,"column":25},"end":{"line":61,"column":null}},"19":{"start":{"line":55,"column":21},"end":{"line":59,"column":null}},"20":{"start":{"line":60,"column":4},"end":{"line":60,"column":null}},"21":{"start":{"line":189,"column":18},"end":{"line":189,"column":36}}},"fnMap":{"0":{"name":"PerformancePage","decl":{"start":{"line":11,"column":24},"end":{"line":11,"column":null}},"loc":{"start":{"line":11,"column":24},"end":{"line":347,"column":null}}},"1":{"name":"(anonymous_2)","decl":{"start":{"line":47,"column":24},"end":{"line":47,"column":25}},"loc":{"start":{"line":47,"column":40},"end":{"line":52,"column":null}}},"2":{"name":"(anonymous_3)","decl":{"start":{"line":54,"column":25},"end":{"line":54,"column":26}},"loc":{"start":{"line":54,"column":26},"end":{"line":61,"column":null}}},"3":{"name":"(anonymous_4)","decl":{"start":{"line":188,"column":35},"end":{"line":188,"column":36}},"loc":{"start":{"line":189,"column":18},"end":{"line":189,"column":36}}}},"branchMap":{"0":{"loc":{"start":{"line":48,"column":4},"end":{"line":48,"column":null}},"type":"if","locations":[{"start":{"line":48,"column":4},"end":{"line":48,"column":null}},{"start":{},"end":{}}]},"1":{"loc":{"start":{"line":48,"column":31},"end":{"line":48,"column":null}},"type":"cond-expr","locations":[{"start":{"line":48,"column":45},"end":{"line":48,"column":64}},{"start":{"line":48,"column":64},"end":{"line":48,"column":null}}]},"2":{"loc":{"start":{"line":48,"column":64},"end":{"line":48,"column":null}},"type":"cond-expr","locations":[{"start":{"line":48,"column":76},"end":{"line":48,"column":96}},{"start":{"line":48,"column":96},"end":{"line":48,"column":null}}]},"3":{"loc":{"start":{"line":49,"column":4},"end":{"line":49,"column":null}},"type":"if","locations":[{"start":{"line":49,"column":4},"end":{"line":49,"column":null}},{"start":{},"end":{}}]},"4":{"loc":{"start":{"line":49,"column":31},"end":{"line":49,"column":null}},"type":"cond-expr","locations":[{"start":{"line":49,"column":45},"end":{"line":49,"column":64}},{"start":{"line":49,"column":64},"end":{"line":49,"column":null}}]},"5":{"loc":{"start":{"line":49,"column":64},"end":{"line":49,"column":null}},"type":"cond-expr","locations":[{"start":{"line":49,"column":78},"end":{"line":49,"column":98}},{"start":{"line":49,"column":98},"end":{"line":49,"column":null}}]},"6":{"loc":{"start":{"line":50,"column":4},"end":{"line":50,"column":null}},"type":"if","locations":[{"start":{"line":50,"column":4},"end":{"line":50,"column":null}},{"start":{},"end":{}}]},"7":{"loc":{"start":{"line":50,"column":31},"end":{"line":50,"column":null}},"type":"cond-expr","locations":[{"start":{"line":50,"column":45},"end":{"line":50,"column":64}},{"start":{"line":50,"column":64},"end":{"line":50,"column":null}}]},"8":{"loc":{"start":{"line":50,"column":64},"end":{"line":50,"column":null}},"type":"cond-expr","locations":[{"start":{"line":50,"column":79},"end":{"line":50,"column":99}},{"start":{"line":50,"column":99},"end":{"line":50,"column":null}}]},"9":{"loc":{"start":{"line":60,"column":11},"end":{"line":60,"column":73}},"type":"binary-expr","locations":[{"start":{"line":60,"column":11},"end":{"line":60,"column":52}},{"start":{"line":60,"column":56},"end":{"line":60,"column":73}}]},"10":{"loc":{"start":{"line":202,"column":26},"end":{"line":206,"column":null}},"type":"cond-expr","locations":[{"start":{"line":203,"column":30},"end":{"line":203,"column":null}},{"start":{"line":204,"column":30},"end":{"line":206,"column":null}}]},"11":{"loc":{"start":{"line":204,"column":30},"end":{"line":206,"column":null}},"type":"cond-expr","locations":[{"start":{"line":205,"column":32},"end":{"line":205,"column":null}},{"start":{"line":206,"column":32},"end":{"line":206,"column":null}}]}},"s":{"0":0,"1":0,"2":0,"3":0,"4":0,"5":0,"6":0,"7":0,"8":0,"9":0,"10":0,"11":0,"12":0,"13":0,"14":0,"15":0,"16":0,"17":0,"18":0,"19":0,"20":0,"21":0},"f":{"0":0,"1":0,"2":0,"3":0},"b":{"0":[0,0],"1":[0,0],"2":[0,0],"3":[0,0],"4":[0,0],"5":[0,0],"6":[0,0],"7":[0,0],"8":[0,0],"9":[0,0],"10":[0,0],"11":[0,0]}}
,"C:\\Users\\yanp0\\OneDrive\\Documentos\\proyectos\\forgevid\\app\\admin\\security\\page.tsx": {"path":"C:\\Users\\yanp0\\OneDrive\\Documentos\\proyectos\\forgevid\\app\\admin\\security\\page.tsx","statementMap":{"0":{"start":{"line":13,"column":24},"end":{"line":13,"column":null}},"1":{"start":{"line":3,"column":25},"end":{"line":3,"column":null}},"2":{"start":{"line":4,"column":74},"end":{"line":4,"column":null}},"3":{"start":{"line":5,"column":23},"end":{"line":5,"column":null}},"4":{"start":{"line":6,"column":22},"end":{"line":6,"column":null}},"5":{"start":{"line":7,"column":57},"end":{"line":7,"column":null}},"6":{"start":{"line":8,"column":78},"end":{"line":8,"column":null}},"7":{"start":{"line":9,"column":25},"end":{"line":9,"column":null}},"8":{"start":{"line":10,"column":52},"end":{"line":10,"column":null}},"9":{"start":{"line":11,"column":84},"end":{"line":11,"column":null}},"10":{"start":{"line":14,"column":36},"end":{"line":14,"column":null}},"11":{"start":{"line":16,"column":26},"end":{"line":30,"column":null}},"12":{"start":{"line":32,"column":20},"end":{"line":78,"column":null}},"13":{"start":{"line":80,"column":18},"end":{"line":105,"column":null}},"14":{"start":{"line":278,"column":20},"end":{"line":278,"column":null}},"15":{"start":{"line":326,"column":20},"end":{"line":326,"column":null}}},"fnMap":{"0":{"name":"SecurityDashboard","decl":{"start":{"line":13,"column":24},"end":{"line":13,"column":null}},"loc":{"start":{"line":13,"column":24},"end":{"line":461,"column":null}}},"1":{"name":"(anonymous_2)","decl":{"start":{"line":277,"column":31},"end":{"line":277,"column":32}},"loc":{"start":{"line":278,"column":20},"end":{"line":278,"column":null}}},"2":{"name":"(anonymous_3)","decl":{"start":{"line":325,"column":33},"end":{"line":325,"column":34}},"loc":{"start":{"line":326,"column":20},"end":{"line":326,"column":null}}}},"branchMap":{"0":{"loc":{"start":{"line":284,"column":28},"end":{"line":288,"column":null}},"type":"cond-expr","locations":[{"start":{"line":285,"column":32},"end":{"line":285,"column":null}},{"start":{"line":286,"column":32},"end":{"line":288,"column":null}}]},"1":{"loc":{"start":{"line":286,"column":32},"end":{"line":288,"column":null}},"type":"cond-expr","locations":[{"start":{"line":287,"column":34},"end":{"line":287,"column":null}},{"start":{"line":288,"column":34},"end":{"line":288,"column":null}}]},"2":{"loc":{"start":{"line":332,"column":40},"end":{"line":332,"column":95}},"type":"cond-expr","locations":[{"start":{"line":332,"column":67},"end":{"line":332,"column":79}},{"start":{"line":332,"column":79},"end":{"line":332,"column":95}}]},"3":{"loc":{"start":{"line":337,"column":28},"end":{"line":337,"column":null}},"type":"cond-expr","locations":[{"start":{"line":337,"column":50},"end":{"line":337,"column":66}},{"start":{"line":337,"column":66},"end":{"line":337,"column":null}}]},"4":{"loc":{"start":{"line":337,"column":66},"end":{"line":337,"column":null}},"type":"cond-expr","locations":[{"start":{"line":337,"column":90},"end":{"line":337,"column":104}},{"start":{"line":337,"column":104},"end":{"line":337,"column":null}}]}},"s":{"0":0,"1":0,"2":0,"3":0,"4":0,"5":0,"6":0,"7":0,"8":0,"9":0,"10":0,"11":0,"12":0,"13":0,"14":0,"15":0},"f":{"0":0,"1":0,"2":0},"b":{"0":[0,0],"1":[0,0],"2":[0,0],"3":[0,0],"4":[0,0]}}
,"C:\\Users\\yanp0\\OneDrive\\Documentos\\proyectos\\forgevid\\app\\admin\\support\\loading.tsx": {"path":"C:\\Users\\yanp0\\OneDrive\\Documentos\\proyectos\\forgevid\\app\\admin\\support\\loading.tsx","statementMap":{"0":{"start":{"line":1,"column":24},"end":{"line":1,"column":null}},"1":{"start":{"line":2,"column":2},"end":{"line":2,"column":null}}},"fnMap":{"0":{"name":"Loading","decl":{"start":{"line":1,"column":24},"end":{"line":1,"column":null}},"loc":{"start":{"line":1,"column":24},"end":{"line":3,"column":null}}}},"branchMap":{},"s":{"0":0,"1":0},"f":{"0":0},"b":{}}
,"C:\\Users\\yanp0\\OneDrive\\Documentos\\proyectos\\forgevid\\app\\admin\\support\\page.tsx": {"path":"C:\\Users\\yanp0\\OneDrive\\Documentos\\proyectos\\forgevid\\app\\admin\\support\\page.tsx","statementMap":{"0":{"start":{"line":21,"column":24},"end":{"line":21,"column":null}},"1":{"start":{"line":3,"column":25},"end":{"line":3,"column":null}},"2":{"start":{"line":4,"column":74},"end":{"line":4,"column":null}},"3":{"start":{"line":5,"column":23},"end":{"line":5,"column":null}},"4":{"start":{"line":6,"column":22},"end":{"line":6,"column":null}},"5":{"start":{"line":7,"column":22},"end":{"line":7,"column":null}},"6":{"start":{"line":8,"column":57},"end":{"line":8,"column":null}},"7":{"start":{"line":19,"column":7},"end":{"line":19,"column":null}},"8":{"start":{"line":22,"column":32},"end":{"line":56,"column":null}},"9":{"start":{"line":58,"column":32},"end":{"line":65,"column":null}},"10":{"start":{"line":67,"column":25},"end":{"line":75,"column":null}},"11":{"start":{"line":68,"column":19},"end":{"line":73,"column":null}},"12":{"start":{"line":74,"column":4},"end":{"line":74,"column":null}},"13":{"start":{"line":77,"column":27},"end":{"line":85,"column":null}},"14":{"start":{"line":78,"column":19},"end":{"line":83,"column":null}},"15":{"start":{"line":84,"column":4},"end":{"line":84,"column":null}},"16":{"start":{"line":206,"column":18},"end":{"line":206,"column":39}},"17":{"start":{"line":328,"column":18},"end":{"line":328,"column":35}},"18":{"start":{"line":333,"column":38},"end":{"line":333,"column":42}}},"fnMap":{"0":{"name":"AdminSupportPage","decl":{"start":{"line":21,"column":24},"end":{"line":21,"column":null}},"loc":{"start":{"line":21,"column":24},"end":{"line":360,"column":null}}},"1":{"name":"(anonymous_2)","decl":{"start":{"line":67,"column":25},"end":{"line":67,"column":26}},"loc":{"start":{"line":67,"column":26},"end":{"line":75,"column":null}}},"2":{"name":"(anonymous_3)","decl":{"start":{"line":77,"column":27},"end":{"line":77,"column":28}},"loc":{"start":{"line":77,"column":28},"end":{"line":85,"column":null}}},"3":{"name":"(anonymous_4)","decl":{"start":{"line":205,"column":29},"end":{"line":205,"column":30}},"loc":{"start":{"line":206,"column":18},"end":{"line":206,"column":39}}},"4":{"name":"(anonymous_5)","decl":{"start":{"line":327,"column":22},"end":{"line":327,"column":23}},"loc":{"start":{"line":328,"column":18},"end":{"line":328,"column":35}}},"5":{"name":"(anonymous_6)","decl":{"start":{"line":333,"column":31},"end":{"line":333,"column":32}},"loc":{"start":{"line":333,"column":38},"end":{"line":333,"column":42}}}},"branchMap":{"0":{"loc":{"start":{"line":74,"column":11},"end":{"line":74,"column":63}},"type":"binary-expr","locations":[{"start":{"line":74,"column":11},"end":{"line":74,"column":48}},{"start":{"line":74,"column":52},"end":{"line":74,"column":63}}]},"1":{"loc":{"start":{"line":84,"column":11},"end":{"line":84,"column":67}},"type":"binary-expr","locations":[{"start":{"line":84,"column":11},"end":{"line":84,"column":50}},{"start":{"line":84,"column":54},"end":{"line":84,"column":67}}]}},"s":{"0":0,"1":0,"2":0,"3":0,"4":0,"5":0,"6":0,"7":0,"8":0,"9":0,"10":0,"11":0,"12":0,"13":0,"14":0,"15":0,"16":0,"17":0,"18":0},"f":{"0":0,"1":0,"2":0,"3":0,"4":0,"5":0},"b":{"0":[0,0],"1":[0,0]}}
,"C:\\Users\\yanp0\\OneDrive\\Documentos\\proyectos\\forgevid\\app\\admin\\users\\loading.tsx": {"path":"C:\\Users\\yanp0\\OneDrive\\Documentos\\proyectos\\forgevid\\app\\admin\\users\\loading.tsx","statementMap":{"0":{"start":{"line":1,"column":24},"end":{"line":1,"column":null}},"1":{"start":{"line":2,"column":2},"end":{"line":2,"column":null}}},"fnMap":{"0":{"name":"Loading","decl":{"start":{"line":1,"column":24},"end":{"line":1,"column":null}},"loc":{"start":{"line":1,"column":24},"end":{"line":3,"column":null}}}},"branchMap":{},"s":{"0":0,"1":0},"f":{"0":0},"b":{}}
,"C:\\Users\\yanp0\\OneDrive\\Documentos\\proyectos\\forgevid\\app\\admin\\users\\page.tsx": {"path":"C:\\Users\\yanp0\\OneDrive\\Documentos\\proyectos\\forgevid\\app\\admin\\users\\page.tsx","statementMap":{"0":{"start":{"line":22,"column":24},"end":{"line":22,"column":null}},"1":{"start":{"line":3,"column":25},"end":{"line":3,"column":null}},"2":{"start":{"line":4,"column":74},"end":{"line":4,"column":null}},"3":{"start":{"line":5,"column":23},"end":{"line":5,"column":null}},"4":{"start":{"line":6,"column":22},"end":{"line":6,"column":null}},"5":{"start":{"line":7,"column":22},"end":{"line":7,"column":null}},"6":{"start":{"line":8,"column":78},"end":{"line":8,"column":null}},"7":{"start":{"line":9,"column":78},"end":{"line":9,"column":null}},"8":{"start":{"line":17,"column":7},"end":{"line":17,"column":null}},"9":{"start":{"line":18,"column":22},"end":{"line":18,"column":null}},"10":{"start":{"line":19,"column":57},"end":{"line":19,"column":null}},"11":{"start":{"line":20,"column":86},"end":{"line":20,"column":null}},"12":{"start":{"line":23,"column":38},"end":{"line":23,"column":null}},"13":{"start":{"line":24,"column":38},"end":{"line":24,"column":null}},"14":{"start":{"line":25,"column":42},"end":{"line":25,"column":null}},"15":{"start":{"line":27,"column":16},"end":{"line":61,"column":null}},"16":{"start":{"line":63,"column":24},"end":{"line":81,"column":null}},"17":{"start":{"line":83,"column":24},"end":{"line":90,"column":null}},"18":{"start":{"line":85,"column":6},"end":{"line":86,"column":null}},"19":{"start":{"line":87,"column":24},"end":{"line":87,"column":null}},"20":{"start":{"line":88,"column":26},"end":{"line":88,"column":null}},"21":{"start":{"line":89,"column":4},"end":{"line":89,"column":null}},"22":{"start":{"line":147,"column":24},"end":{"line":147,"column":49}},"23":{"start":{"line":180,"column":39},"end":{"line":180,"column":null}},"24":{"start":{"line":233,"column":20},"end":{"line":233,"column":null}},"25":{"start":{"line":309,"column":20},"end":{"line":309,"column":null}}},"fnMap":{"0":{"name":"UserManagement","decl":{"start":{"line":22,"column":24},"end":{"line":22,"column":null}},"loc":{"start":{"line":22,"column":24},"end":{"line":463,"column":null}}},"1":{"name":"(anonymous_2)","decl":{"start":{"line":83,"column":37},"end":{"line":83,"column":38}},"loc":{"start":{"line":83,"column":38},"end":{"line":90,"column":null}}},"2":{"name":"(anonymous_3)","decl":{"start":{"line":146,"column":41},"end":{"line":146,"column":42}},"loc":{"start":{"line":147,"column":24},"end":{"line":147,"column":49}}},"3":{"name":"(anonymous_4)","decl":{"start":{"line":180,"column":32},"end":{"line":180,"column":33}},"loc":{"start":{"line":180,"column":39},"end":{"line":180,"column":null}}},"4":{"name":"(anonymous_5)","decl":{"start":{"line":232,"column":37},"end":{"line":232,"column":38}},"loc":{"start":{"line":233,"column":20},"end":{"line":233,"column":null}}},"5":{"name":"(anonymous_6)","decl":{"start":{"line":308,"column":37},"end":{"line":308,"column":38}},"loc":{"start":{"line":309,"column":20},"end":{"line":309,"column":null}}}},"branchMap":{"0":{"loc":{"start":{"line":85,"column":6},"end":{"line":86,"column":null}},"type":"binary-expr","locations":[{"start":{"line":85,"column":6},"end":{"line":85,"column":null}},{"start":{"line":86,"column":6},"end":{"line":86,"column":null}}]},"1":{"loc":{"start":{"line":87,"column":24},"end":{"line":87,"column":null}},"type":"binary-expr","locations":[{"start":{"line":87,"column":24},"end":{"line":87,"column":48}},{"start":{"line":87,"column":48},"end":{"line":87,"column":null}}]},"2":{"loc":{"start":{"line":88,"column":26},"end":{"line":88,"column":null}},"type":"binary-expr","locations":[{"start":{"line":88,"column":26},"end":{"line":88,"column":52}},{"start":{"line":88,"column":52},"end":{"line":88,"column":null}}]},"3":{"loc":{"start":{"line":89,"column":11},"end":{"line":89,"column":null}},"type":"binary-expr","locations":[{"start":{"line":89,"column":11},"end":{"line":89,"column":28}},{"start":{"line":89,"column":28},"end":{"line":89,"column":43}},{"start":{"line":89,"column":43},"end":{"line":89,"column":null}}]},"4":{"loc":{"start":{"line":241,"column":40},"end":{"line":241,"column":90}},"type":"cond-expr","locations":[{"start":{"line":241,"column":64},"end":{"line":241,"column":76}},{"start":{"line":241,"column":76},"end":{"line":241,"column":90}}]},"5":{"loc":{"start":{"line":246,"column":28},"end":{"line":250,"column":null}},"type":"cond-expr","locations":[{"start":{"line":247,"column":32},"end":{"line":247,"column":null}},{"start":{"line":248,"column":32},"end":{"line":250,"column":null}}]},"6":{"loc":{"start":{"line":248,"column":32},"end":{"line":250,"column":null}},"type":"cond-expr","locations":[{"start":{"line":249,"column":34},"end":{"line":249,"column":null}},{"start":{"line":250,"column":34},"end":{"line":250,"column":null}}]},"7":{"loc":{"start":{"line":260,"column":26},"end":{"line":265,"column":27}},"type":"cond-expr","locations":[{"start":{"line":260,"column":26},"end":{"line":265,"column":27}}]},"8":{"loc":{"start":{"line":314,"column":40},"end":{"line":314,"column":94}},"type":"cond-expr","locations":[{"start":{"line":314,"column":68},"end":{"line":314,"column":80}},{"start":{"line":314,"column":80},"end":{"line":314,"column":94}}]},"9":{"loc":{"start":{"line":318,"column":26},"end":{"line":320,"column":27}},"type":"cond-expr","locations":[{"start":{"line":318,"column":26},"end":{"line":320,"column":27}}]}},"s":{"0":0,"1":0,"2":0,"3":0,"4":0,"5":0,"6":0,"7":0,"8":0,"9":0,"10":0,"11":0,"12":0,"13":0,"14":0,"15":0,"16":0,"17":0,"18":0,"19":0,"20":0,"21":0,"22":0,"23":0,"24":0,"25":0},"f":{"0":0,"1":0,"2":0,"3":0,"4":0,"5":0},"b":{"0":[0,0],"1":[0,0],"2":[0,0],"3":[0,0,0],"4":[0,0],"5":[0,0],"6":[0,0],"7":[0],"8":[0,0],"9":[0]}}
,"C:\\Users\\yanp0\\OneDrive\\Documentos\\proyectos\\forgevid\\app\\api\\admin\\revenue\\route.ts": {"path":"C:\\Users\\yanp0\\OneDrive\\Documentos\\proyectos\\forgevid\\app\\api\\admin\\revenue\\route.ts","statementMap":{"0":{"start":{"line":3,"column":22},"end":{"line":3,"column":26}},"1":{"start":{"line":1,"column":47},"end":{"line":1,"column":null}},"2":{"start":{"line":4,"column":2},"end":{"line":14,"column":null}},"3":{"start":{"line":5,"column":29},"end":{"line":5,"column":null}},"4":{"start":{"line":6,"column":19},"end":{"line":6,"column":54}},"5":{"start":{"line":8,"column":24},"end":{"line":8,"column":null}},"6":{"start":{"line":10,"column":4},"end":{"line":10,"column":null}},"7":{"start":{"line":12,"column":4},"end":{"line":12,"column":null}},"8":{"start":{"line":13,"column":4},"end":{"line":13,"column":null}},"9":{"start":{"line":19,"column":19},"end":{"line":66,"column":null}},"10":{"start":{"line":68,"column":2},"end":{"line":68,"column":null}}},"fnMap":{"0":{"name":"GET","decl":{"start":{"line":3,"column":22},"end":{"line":3,"column":26}},"loc":{"start":{"line":3,"column":42},"end":{"line":15,"column":null}}},"1":{"name":"getRevenueAnalytics","decl":{"start":{"line":17,"column":15},"end":{"line":17,"column":35}},"loc":{"start":{"line":17,"column":47},"end":{"line":69,"column":null}}}},"branchMap":{"0":{"loc":{"start":{"line":6,"column":19},"end":{"line":6,"column":54}},"type":"binary-expr","locations":[{"start":{"line":6,"column":19},"end":{"line":6,"column":49}},{"start":{"line":6,"column":49},"end":{"line":6,"column":54}}]}},"s":{"0":0,"1":0,"2":0,"3":0,"4":0,"5":0,"6":0,"7":0,"8":0,"9":0,"10":0},"f":{"0":0,"1":0},"b":{"0":[0,0]}}
,"C:\\Users\\yanp0\\OneDrive\\Documentos\\proyectos\\forgevid\\app\\api\\analytics\\track\\route.ts": {"path":"C:\\Users\\yanp0\\OneDrive\\Documentos\\proyectos\\forgevid\\app\\api\\analytics\\track\\route.ts","statementMap":{"0":{"start":{"line":10,"column":22},"end":{"line":10,"column":27}},"1":{"start":{"line":1,"column":47},"end":{"line":1,"column":null}},"2":{"start":{"line":11,"column":2},"end":{"line":45,"column":null}},"3":{"start":{"line":12,"column":34},"end":{"line":12,"column":null}},"4":{"start":{"line":15,"column":4},"end":{"line":17,"column":null}},"5":{"start":{"line":16,"column":6},"end":{"line":16,"column":null}},"6":{"start":{"line":20,"column":26},"end":{"line":26,"column":null}},"7":{"start":{"line":29,"column":4},"end":{"line":29,"column":null}},"8":{"start":{"line":32,"column":4},"end":{"line":34,"column":null}},"9":{"start":{"line":33,"column":6},"end":{"line":33,"column":null}},"10":{"start":{"line":37,"column":4},"end":{"line":39,"column":null}},"11":{"start":{"line":38,"column":6},"end":{"line":38,"column":null}},"12":{"start":{"line":41,"column":4},"end":{"line":41,"column":null}},"13":{"start":{"line":43,"column":4},"end":{"line":43,"column":null}},"14":{"start":{"line":44,"column":4},"end":{"line":44,"column":null}},"15":{"start":{"line":51,"column":2},"end":{"line":51,"column":null}},"16":{"start":{"line":55,"column":54},"end":{"line":55,"column":null}},"17":{"start":{"line":57,"column":2},"end":{"line":60,"column":null}},"18":{"start":{"line":59,"column":4},"end":{"line":59,"column":null}},"19":{"start":{"line":62,"column":2},"end":{"line":66,"column":null}},"20":{"start":{"line":64,"column":23},"end":{"line":64,"column":null}},"21":{"start":{"line":65,"column":4},"end":{"line":65,"column":null}},"22":{"start":{"line":70,"column":56},"end":{"line":70,"column":72}},"23":{"start":{"line":73,"column":2},"end":{"line":80,"column":null}},"24":{"start":{"line":85,"column":2},"end":{"line":85,"column":null}},"25":{"start":{"line":97,"column":25},"end":{"line":97,"column":null}},"26":{"start":{"line":98,"column":2},"end":{"line":98,"column":null}},"27":{"start":{"line":103,"column":2},"end":{"line":103,"column":null}}},"fnMap":{"0":{"name":"POST","decl":{"start":{"line":10,"column":22},"end":{"line":10,"column":27}},"loc":{"start":{"line":10,"column":47},"end":{"line":46,"column":null}}},"1":{"name":"storeAnalyticsEvent","decl":{"start":{"line":48,"column":15},"end":{"line":48,"column":35}},"loc":{"start":{"line":48,"column":45},"end":{"line":52,"column":null}}},"2":{"name":"processReferralEvent","decl":{"start":{"line":54,"column":15},"end":{"line":54,"column":36}},"loc":{"start":{"line":54,"column":46},"end":{"line":67,"column":null}}},"3":{"name":"processConversionEvent","decl":{"start":{"line":69,"column":15},"end":{"line":69,"column":38}},"loc":{"start":{"line":69,"column":48},"end":{"line":81,"column":null}}},"4":{"name":"creditReferrer","decl":{"start":{"line":83,"column":15},"end":{"line":83,"column":30}},"loc":{"start":{"line":83,"column":105},"end":{"line":92,"column":null}}},"5":{"name":"calculateCommission","decl":{"start":{"line":94,"column":9},"end":{"line":94,"column":29}},"loc":{"start":{"line":94,"column":76},"end":{"line":99,"column":null}}},"6":{"name":"trackConversionAttribution","decl":{"start":{"line":101,"column":15},"end":{"line":101,"column":42}},"loc":{"start":{"line":101,"column":51},"end":{"line":104,"column":null}}}},"branchMap":{"0":{"loc":{"start":{"line":15,"column":4},"end":{"line":17,"column":null}},"type":"if","locations":[{"start":{"line":15,"column":4},"end":{"line":17,"column":null}},{"start":{},"end":{}}]},"1":{"loc":{"start":{"line":23,"column":10},"end":{"line":23,"column":null}},"type":"binary-expr","locations":[{"start":{"line":23,"column":10},"end":{"line":23,"column":20}},{"start":{"line":23,"column":24},"end":{"line":23,"column":null}}]},"2":{"loc":{"start":{"line":32,"column":4},"end":{"line":34,"column":null}},"type":"if","locations":[{"start":{"line":32,"column":4},"end":{"line":34,"column":null}},{"start":{},"end":{}}]},"3":{"loc":{"start":{"line":37,"column":4},"end":{"line":39,"column":null}},"type":"if","locations":[{"start":{"line":37,"column":4},"end":{"line":39,"column":null}},{"start":{},"end":{}}]},"4":{"loc":{"start":{"line":57,"column":2},"end":{"line":60,"column":null}},"type":"if","locations":[{"start":{"line":57,"column":2},"end":{"line":60,"column":null}},{"start":{},"end":{}}]},"5":{"loc":{"start":{"line":57,"column":6},"end":{"line":57,"column":52}},"type":"binary-expr","locations":[{"start":{"line":57,"column":6},"end":{"line":57,"column":37}},{"start":{"line":57,"column":37},"end":{"line":57,"column":52}}]},"6":{"loc":{"start":{"line":62,"column":2},"end":{"line":66,"column":null}},"type":"if","locations":[{"start":{"line":62,"column":2},"end":{"line":66,"column":null}},{"start":{},"end":{}}]},"7":{"loc":{"start":{"line":62,"column":6},"end":{"line":62,"column":61}},"type":"binary-expr","locations":[{"start":{"line":62,"column":6},"end":{"line":62,"column":46}},{"start":{"line":62,"column":46},"end":{"line":62,"column":61}}]}},"s":{"0":0,"1":0,"2":0,"3":0,"4":0,"5":0,"6":0,"7":0,"8":0,"9":0,"10":0,"11":0,"12":0,"13":0,"14":0,"15":0,"16":0,"17":0,"18":0,"19":0,"20":0,"21":0,"22":0,"23":0,"24":0,"25":0,"26":0,"27":0},"f":{"0":0,"1":0,"2":0,"3":0,"4":0,"5":0,"6":0},"b":{"0":[0,0],"1":[0,0],"2":[0,0],"3":[0,0],"4":[0,0],"5":[0,0],"6":[0,0],"7":[0,0]}}
,"C:\\Users\\yanp0\\OneDrive\\Documentos\\proyectos\\forgevid\\app\\api\\auth\\[...nextauth]\\route.ts": {"path":"C:\\Users\\yanp0\\OneDrive\\Documentos\\proyectos\\forgevid\\app\\api\\auth\\[...nextauth]\\route.ts","statementMap":{"0":{"start":{"line":6,"column":9},"end":{"line":6,"column":20}},"1":{"start":{"line":6,"column":25},"end":{"line":6,"column":36}},"2":{"start":{"line":1,"column":21},"end":{"line":1,"column":null}},"3":{"start":{"line":2,"column":28},"end":{"line":2,"column":null}},"4":{"start":{"line":4,"column":16},"end":{"line":4,"column":null}}},"fnMap":{},"branchMap":{},"s":{"0":0,"1":0,"2":0,"3":0,"4":0},"f":{},"b":{}}
,"C:\\Users\\yanp0\\OneDrive\\Documentos\\proyectos\\forgevid\\app\\api\\auth\\_log\\route.ts": {"path":"C:\\Users\\yanp0\\OneDrive\\Documentos\\proyectos\\forgevid\\app\\api\\auth\\_log\\route.ts","statementMap":{"0":{"start":{"line":3,"column":22},"end":{"line":3,"column":27}},"1":{"start":{"line":1,"column":42},"end":{"line":1,"column":null}},"2":{"start":{"line":4,"column":2},"end":{"line":14,"column":null}},"3":{"start":{"line":5,"column":17},"end":{"line":5,"column":null}},"4":{"start":{"line":6,"column":40},"end":{"line":6,"column":null}},"5":{"start":{"line":9,"column":4},"end":{"line":9,"column":null}},"6":{"start":{"line":11,"column":4},"end":{"line":11,"column":null}},"7":{"start":{"line":13,"column":4},"end":{"line":13,"column":null}}},"fnMap":{"0":{"name":"POST","decl":{"start":{"line":3,"column":22},"end":{"line":3,"column":27}},"loc":{"start":{"line":3,"column":47},"end":{"line":15,"column":null}}}},"branchMap":{"0":{"loc":{"start":{"line":6,"column":21},"end":{"line":6,"column":35}},"type":"default-arg","locations":[{"start":{"line":6,"column":29},"end":{"line":6,"column":35}}]}},"s":{"0":0,"1":0,"2":0,"3":0,"4":0,"5":0,"6":0,"7":0},"f":{"0":0},"b":{"0":[0]}}
,"C:\\Users\\yanp0\\OneDrive\\Documentos\\proyectos\\forgevid\\app\\api\\auth\\session\\route.ts": {"path":"C:\\Users\\yanp0\\OneDrive\\Documentos\\proyectos\\forgevid\\app\\api\\auth\\session\\route.ts","statementMap":{"0":{"start":{"line":5,"column":22},"end":{"line":5,"column":26}},"1":{"start":{"line":1,"column":42},"end":{"line":1,"column":null}},"2":{"start":{"line":2,"column":33},"end":{"line":2,"column":null}},"3":{"start":{"line":3,"column":28},"end":{"line":3,"column":null}},"4":{"start":{"line":6,"column":2},"end":{"line":11,"column":null}},"5":{"start":{"line":7,"column":20},"end":{"line":7,"column":null}},"6":{"start":{"line":8,"column":4},"end":{"line":8,"column":null}},"7":{"start":{"line":10,"column":4},"end":{"line":10,"column":null}}},"fnMap":{"0":{"name":"GET","decl":{"start":{"line":5,"column":22},"end":{"line":5,"column":26}},"loc":{"start":{"line":5,"column":46},"end":{"line":12,"column":null}}}},"branchMap":{},"s":{"0":0,"1":0,"2":0,"3":0,"4":0,"5":0,"6":0,"7":0},"f":{"0":0},"b":{}}
,"C:\\Users\\yanp0\\OneDrive\\Documentos\\proyectos\\forgevid\\app\\api\\collaboration\\auth\\route.ts": {"path":"C:\\Users\\yanp0\\OneDrive\\Documentos\\proyectos\\forgevid\\app\\api\\collaboration\\auth\\route.ts","statementMap":{"0":{"start":{"line":44,"column":22},"end":{"line":44,"column":25}},"1":{"start":{"line":6,"column":22},"end":{"line":6,"column":26}},"2":{"start":{"line":1,"column":42},"end":{"line":1,"column":null}},"3":{"start":{"line":2,"column":33},"end":{"line":2,"column":null}},"4":{"start":{"line":3,"column":28},"end":{"line":3,"column":null}},"5":{"start":{"line":4,"column":30},"end":{"line":4,"column":null}},"6":{"start":{"line":7,"column":2},"end":{"line":41,"column":null}},"7":{"start":{"line":9,"column":20},"end":{"line":9,"column":null}},"8":{"start":{"line":11,"column":4},"end":{"line":16,"column":null}},"9":{"start":{"line":12,"column":6},"end":{"line":14,"column":null}},"10":{"start":{"line":19,"column":17},"end":{"line":25,"column":null}},"11":{"start":{"line":27,"column":18},"end":{"line":27,"column":null}},"12":{"start":{"line":29,"column":4},"end":{"line":33,"column":null}},"13":{"start":{"line":36,"column":4},"end":{"line":36,"column":null}},"14":{"start":{"line":37,"column":4},"end":{"line":39,"column":null}},"15":{"start":{"line":45,"column":2},"end":{"line":76,"column":null}},"16":{"start":{"line":47,"column":20},"end":{"line":47,"column":null}},"17":{"start":{"line":49,"column":4},"end":{"line":54,"column":null}},"18":{"start":{"line":50,"column":6},"end":{"line":52,"column":null}},"19":{"start":{"line":57,"column":17},"end":{"line":63,"column":null}},"20":{"start":{"line":65,"column":4},"end":{"line":68,"column":null}},"21":{"start":{"line":71,"column":4},"end":{"line":71,"column":null}},"22":{"start":{"line":72,"column":4},"end":{"line":74,"column":null}}},"fnMap":{"0":{"name":"POST","decl":{"start":{"line":6,"column":22},"end":{"line":6,"column":26}},"loc":{"start":{"line":6,"column":47},"end":{"line":42,"column":null}}},"1":{"name":"GET","decl":{"start":{"line":44,"column":22},"end":{"line":44,"column":25}},"loc":{"start":{"line":44,"column":46},"end":{"line":77,"column":null}}}},"branchMap":{"0":{"loc":{"start":{"line":11,"column":4},"end":{"line":16,"column":null}},"type":"if","locations":[{"start":{"line":11,"column":4},"end":{"line":16,"column":null}},{"start":{},"end":{}}]},"1":{"loc":{"start":{"line":20,"column":10},"end":{"line":20,"column":null}},"type":"binary-expr","locations":[{"start":{"line":20,"column":10},"end":{"line":20,"column":25}},{"start"
[...]
96,"column":10},"end":{"line":96,"column":null}},"27":{"start":{"line":104,"column":4},"end":{"line":133,"column":null}},"28":{"start":{"line":106,"column":6},"end":{"line":106,"column":null}},"29":{"start":{"line":108,"column":19},"end":{"line":108,"column":null}},"30":{"start":{"line":109,"column":21},"end":{"line":109,"column":null}},"31":{"start":{"line":111,"column":6},"end":{"line":122,"column":null}},"32":{"start":{"line":112,"column":22},"end":{"line":112,"column":null}},"33":{"start":{"line":113,"column":25},"end":{"line":113,"column":null}},"34":{"start":{"line":115,"column":8},"end":{"line":121,"column":null}},"35":{"start":{"line":124,"column":6},"end":{"line":127,"column":null}},"36":{"start":{"line":129,"column":6},"end":{"line":132,"column":null}},"37":{"start":{"line":142,"column":4},"end":{"line":174,"column":null}},"38":{"start":{"line":143,"column":6},"end":{"line":143,"column":null}},"39":{"start":{"line":145,"column":19},"end":{"line":152,"column":null}},"40":{"start":{"line":154,"column":21},"end":{"line":154,"column":null}},"41":{"start":{"line":156,"column":6},"end":{"line":163,"column":null}},"42":{"start":{"line":157,"column":22},"end":{"line":157,"column":null}},"43":{"start":{"line":158,"column":8},"end":{"line":162,"column":null}},"44":{"start":{"line":165,"column":6},"end":{"line":168,"column":null}},"45":{"start":{"line":170,"column":6},"end":{"line":173,"column":null}},"46":{"start":{"line":181,"column":4},"end":{"line":213,"column":null}},"47":{"start":{"line":182,"column":6},"end":{"line":182,"column":null}},"48":{"start":{"line":184,"column":19},"end":{"line":191,"column":null}},"49":{"start":{"line":193,"column":21},"end":{"line":193,"column":null}},"50":{"start":{"line":195,"column":6},"end":{"line":202,"column":null}},"51":{"start":{"line":196,"column":22},"end":{"line":196,"column":null}},"52":{"start":{"line":197,"column":8},"end":{"line":201,"column":null}},"53":{"start":{"line":204,"column":6},"end":{"line":207,"column":null}},"54":{"start":{"line":209,"column":6},"end":{"line":212,"column":null}},"55":{"start":{"line":223,"column":32},"end":{"line":229,"column":null}},"56":{"start":{"line":231,"column":4},"end":{"line":231,"column":null}},"57":{"start":{"line":240,"column":32},"end":{"line":245,"column":null}},"58":{"start":{"line":247,"column":4},"end":{"line":247,"column":null}},"59":{"start":{"line":256,"column":4},"end":{"line":297,"column":null}},"60":{"start":{"line":257,"column":6},"end":{"line":257,"column":null}},"61":{"start":{"line":260,"column":28},"end":{"line":260,"column":null}},"62":{"start":{"line":261,"column":24},"end":{"line":261,"column":null}},"63":{"start":{"line":261,"column":42},"end":{"line":261,"column":79}},"64":{"start":{"line":262,"column":6},"end":{"line":262,"column":null}},"65":{"start":{"line":264,"column":19},"end":{"line":272,"column":null}},"66":{"start":{"line":274,"column":21},"end":{"line":274,"column":null}},"67":{"start":{"line":277,"column":6},"end":{"line":277,"column":null}},"68":{"start":{"line":279,"column":6},"end":{"line":286,"column":null}},"69":{"start":{"line":280,"column":22},"end":{"line":280,"column":null}},"70":{"start":{"line":281,"column":8},"end":{"line":285,"column":null}},"71":{"start":{"line":288,"column":6},"end":{"line":291,"column":null}},"72":{"start":{"line":293,"column":6},"end":{"line":296,"column":null}},"73":{"start":{"line":307,"column":4},"end":{"line":347,"column":null}},"74":{"start":{"line":308,"column":6},"end":{"line":308,"column":null}},"75":{"start":{"line":310,"column":26},"end":{"line":316,"column":null}},"76":{"start":{"line":318,"column":19},"end":{"line":325,"column":null}},"77":{"start":{"line":327,"column":21},"end":{"line":327,"column":null}},"78":{"start":{"line":329,"column":6},"end":{"line":336,"column":null}},"79":{"start":{"line":330,"column":22},"end":{"line":330,"column":null}},"80":{"start":{"line":331,"column":8},"end":{"line":335,"column":null}},"81":{"start":{"line":338,"column":6},"end":{"line":341,"column":null}},"82":{"start":{"line":343,"column":6},"end":{"line":346,"column":null}},"83":{"start":{"line":352,"column":17},"end":{"line":352,"column":null}},"84":{"start":{"line":355,"column":28},"end":{"line":360,"column":null}},"85":{"start":{"line":362,"column":20},"end":{"line":362,"column":51}},"86":{"start":{"line":363,"column":4},"end":{"line":363,"column":null}},"87":{"start":{"line":364,"column":4},"end":{"line":364,"column":null}},"88":{"start":{"line":365,"column":4},"end":{"line":365,"column":null}},"89":{"start":{"line":368,"column":4},"end":{"line":370,"column":null}},"90":{"start":{"line":369,"column":6},"end":{"line":369,"column":null}},"91":{"start":{"line":373,"column":4},"end":{"line":375,"column":null}},"92":{"start":{"line":374,"column":6},"end":{"line":374,"column":null}},"93":{"start":{"line":378,"column":4},"end":{"line":380,"column":null}},"94":{"start":{"line":379,"column":6},"end":{"line":379,"column":null}},"95":{"start":{"line":383,"column":4},"end":{"line":385,"column":null}},"96":{"start":{"line":384,"column":6},"end":{"line":384,"column":null}},"97":{"start":{"line":388,"column":4},"end":{"line":390,"column":null}},"98":{"start":{"line":389,"column":6},"end":{"line":389,"column":null}},"99":{"start":{"line":393,"column":4},"end":{"line":393,"column":null}},"100":{"start":{"line":394,"column":4},"end":{"line":394,"column":null}},"101":{"start":{"line":397,"column":4},"end":{"line":397,"column":null}},"102":{"start":{"line":400,"column":4},"end":{"line":400,"column":null}},"103":{"start":{"line":403,"column":4},"end":{"line":403,"column":null}},"104":{"start":{"line":405,"column":4},"end":{"line":405,"column":null}},"105":{"start":{"line":410,"column":4},"end":{"line":429,"column":null}},"106":{"start":{"line":411,"column":21},"end":{"line":411,"column":null}},"107":{"start":{"line":412,"column":18},"end":{"line":412,"column":null}},"108":{"start":{"line":414,"column":6},"end":{"line":416,"column":null}},"109":{"start":{"line":415,"column":8},"end":{"line":415,"column":null}},"110":{"start":{"line":418,"column":6},"end":{"line":424,"column":null}},"111":{"start":{"line":419,"column":8},"end":{"line":423,"column":null}},"112":{"start":{"line":420,"column":10},"end":{"line":420,"column":null}},"113":{"start":{"line":422,"column":10},"end":{"line":422,"column":null}},"114":{"start":{"line":426,"column":6},"end":{"line":428,"column":null}},"115":{"start":{"line":427,"column":8},"end":{"line":427,"column":null}},"116":{"start":{"line":434,"column":4},"end":{"line":470,"column":null}},"117":{"start":{"line":435,"column":23},"end":{"line":435,"column":null}},"118":{"start":{"line":438,"column":22},"end":{"line":438,"column":75}},"119":{"start":{"line":439,"column":6},"end":{"line":444,"column":null}},"120":{"start":{"line":440,"column":8},"end":{"line":443,"column":null}},"121":{"start":{"line":447,"column":26},"end":{"line":447,"column":78}},"122":{"start":{"line":448,"column":6},"end":{"line":453,"column":null}},"123":{"start":{"line":449,"column":8},"end":{"line":452,"column":null}},"124":{"start":{"line":456,"column":29},"end":{"line":456,"column":null}},"125":{"start":{"line":457,"column":6},"end":{"line":462,"column":null}},"126":{"start":{"line":457,"column":41},"end":{"line":457,"column":76}},"127":{"start":{"line":458,"column":8},"end":{"line":461,"column":null}},"128":{"start":{"line":464,"column":6},"end":{"line":464,"column":null}},"129":{"start":{"line":466,"column":6},"end":{"line":469,"column":null}}},"fnMap":{"0":{"name":"(anonymous_2)","decl":{"start":{"line":46,"column":2},"end":{"line":46,"column":16}},"loc":{"start":{"line":46,"column":16},"end":{"line":50,"column":null}}},"1":{"name":"(anonymous_3)","decl":{"start":{"line":53,"column":2},"end":{"line":53,"column":8}},"loc":{"start":{"line":53,"column":63},"end":{"line":100,"column":null}}},"2":{"name":"(anonymous_4)","decl":{"start":{"line":54,"column":23},"end":{"line":54,"column":24}},"loc":{"start":{"line":54,"column":33},"end":{"line":99,"column":null}}},"3":{"name":"(anonymous_5)","decl":{"start":{"line":66,"column":32},"end":{"line":66,"column":33}},"loc":{"start":{"line":66,"column":33},"end":{"line":68,"column":null}}},"4":{"name":"(anonymous_6)","decl":{"start":{"line":70,"column":32},"end":{"line":70,"column":33}},"loc":{"start":{"line":70,"column":33},"end":{"line":72,"column":null}}},"5":{"name":"(anonymous_7)","decl":{"start":{"line":74,"column":26},"end":{"line":74,"column":27}},"loc":{"start":{"line":74,"column":27},"end":{"line":98,"column":null}}},"6":{"name":"(anonymous_8)","decl":{"start":{"line":82,"column":52},"end":{"line":82,"column":53}},"loc":{"start":{"line":82,"column":64},"end":{"line":82,"column":null}}},"7":{"name":"(anonymous_9)","decl":{"start":{"line":103,"column":2},"end":{"line":103,"column":8}},"loc":{"start":{"line":103,"column":69},"end":{"line":134,"column":null}}},"8":{"name":"(anonymous_10)","decl":{"start":{"line":137,"column":2},"end":{"line":137,"column":8}},"loc":{"start":{"line":141,"column":31},"end":{"line":175,"column":null}}},"9":{"name":"(anonymous_11)","decl":{"start":{"line":176,"column":2},"end":{"line":176,"column":8}},"loc":{"start":{"line":180,"column":31},"end":{"line":214,"column":null}}},"10":{"name":"(anonymous_12)","decl":{"start":{"line":217,"column":2},"end":{"line":217,"column":8}},"loc":{"start":{"line":222,"column":31},"end":{"line":232,"column":null}}},"11":{"name":"(anonymous_13)","decl":{"start":{"line":235,"column":2},"end":{"line":235,"column":8}},"loc":{"start":{"line":239,"column":31},"end":{"line":248,"column":null}}},"12":{"name":"(anonymous_14)","decl":{"start":{"line":251,"column":2},"end":{"line":251,"column":8}},"loc":{"start":{"line":255,"column":31},"end":{"line":298,"column":null}}},"13":{"name":"(anonymous_15)","decl":{"start":{"line":261,"column":35},"end":{"line":261,"column":42}},"loc":{"start":{"line":261,"column":42},"end":{"line":261,"column":79}}},"14":{"name":"(anonymous_16)","decl":{"start":{"line":277,"column":43},"end":{"line":277,"column":50}},"loc":{"start":{"line":277,"column":43},"end":{"line":277,"column":null}}},"15":{"name":"(anonymous_17)","decl":{"start":{"line":301,"column":2},"end":{"line":301,"column":8}},"loc":{"start":{"line":306,"column":31},"end":{"line":348,"column":null}}},"16":{"name":"(anonymous_18)","decl":{"start":{"line":351,"column":10},"end":{"line":351,"column":26}},"loc":{"start":{"line":351,"column":57},"end":{"line":406,"column":null}}},"17":{"name":"(anonymous_19)","decl":{"start":{"line":409,"column":2},"end":{"line":409,"column":16}},"loc":{"start":{"line":409,"column":89},"end":{"line":430,"column":null}}},"18":{"name":"(anonymous_20)","decl":{"start":{"line":410,"column":23},"end":{"line":410,"column":24}},"loc":{"start":{"line":410,"column":24},"end":{"line":429,"column":null}}},"19":{"name":"(anonymous_21)","decl":{"start":{"line":414,"column":31},"end":{"line":414,"column":32}},"loc":{"start":{"line":414,"column":32},"end":{"line":416,"column":null}}},"20":{"name":"(anonymous_22)","decl":{"start":{"line":418,"column":25},"end":{"line":418,"column":26}},"loc":{"start":{"line":418,"column":26},"end":{"line":424,"column":null}}},"21":{"name":"(anonymous_23)","decl":{"start":{"line":426,"column":25},"end":{"line":426,"column":26}},"loc":{"start":{"line":426,"column":26},"end":{"line":428,"column":null}}},"22":{"name":"(anonymous_24)","decl":{"start":{"line":433,"column":2},"end":{"line":433,"column":8}},"loc":{"start":{"line":433,"column":86},"end":{"line":471,"column":null}}},"23":{"name":"(anonymous_25)","decl":{"start":{"line":457,"column":31},"end":{"line":457,"column":41}},"loc":{"start":{"line":457,"column":41},"end":{"line":457,"column":76}}}},"branchMap":{"0":{"loc":{"start":{"line":47,"column":22},"end":{"line":47,"column":null}},"type":"binary-expr","locations":[{"start":{"line":47,"column":22},"end":{"line":47,"column":45}},{"start":{"line":47,"column":49},"end":{"line":47,"column":null}}]},"1":{"loc":{"start":{"line":48,"column":23},"end":{"line":48,"column":null}},"type":"binary-expr","locations":[{"start":{"line":48,"column":23},"end":{"line":48,"column":47}},{"start":{"line":48,"column":51},"end":{"line":48,"column":null}}]},"2":{"loc":{"start":{"line":49,"column":19},"end":{"line":49,"column":null}},"type":"binary-expr","locations":[{"start":{"line":49,"column":19},"end":{"line":49,"column":39}},{"start":{"line":49,"column":43},"end":{"line":49,"column":null}}]},"3":{"loc":{"start":{"line":75,"column":8},"end":{"line":78,"column":null}},"type":"if","locations":[{"start":{"line":75,"column":8},"end":{"line":78,"column":null}},{"start":{},"end":{}}]},"4":{"loc":{"start":{"line":111,"column":6},"end":{"line":122,"column":null}},"type":"if","locations":[{"start":{"line":111,"column":6},"end":{"line":122,"column":null}},{"start":{},"end":{}}]},"5":{"loc":{"start":{"line":131,"column":15},"end":{"line":131,"column":null}},"type":"cond-expr","locations":[{"start":{"line":131,"column":40},"end":{"line":131,"column":53}},{"start":{"line":131,"column":56},"end":{"line":131,"column":null}}]},"6":{"loc":{"start":{"line":140,"column":4},"end":{"line":140,"column":27}},"type":"default-arg","locations":[{"start":{"line":140,"column":25},"end":{"line":140,"column":27}}]},"7":{"loc":{"start":{"line":156,"column":6},"end":{"line":163,"column":null}},"type":"if","locations":[{"start":{"line":156,"column":6},"end":{"line":163,"column":null}},{"start":{},"end":{}}]},"8":{"loc":{"start":{"line":172,"column":15},"end":{"line":172,"column":null}},"type":"cond-expr","locations":[{"start":{"line":172,"column":40},"end":{"line":172,"column":53}},{"start":{"line":172,"column":56},"end":{"line":172,"column":null}}]},"9":{"loc":{"start":{"line":179,"column":4},"end":{"line":179,"column":41}},"type":"default-arg","locations":[{"start":{"line":179,"column":36},"end":{"line":179,"column":41}}]},"10":{"loc":{"start":{"line":187,"column":19},"end":{"line":187,"column":null}},"type":"cond-expr","locations":[{"start":{"line":187,"column":38},"end":{"line":187,"column":53}},{"start":{"line":187,"column":53},"end":{"line":187,"column":null}}]},"11":{"loc":{"start":{"line":195,"column":6},"end":{"line":202,"column":null}},"type":"if","locations":[{"start":{"line":195,"column":6},"end":{"line":202,"column":null}},{"start":{},"end":{}}]},"12":{"loc":{"start":{"line":211,"column":15},"end":{"line":211,"column":null}},"type":"cond-expr","locations":[{"start":{"line":211,"column":40},"end":{"line":211,"column":53}},{"start":{"line":211,"column":56},"end":{"line":211,"column":null}}]},"13":{"loc":{"start":{"line":238,"column":4},"end":{"line":238,"column":49}},"type":"default-arg","locations":[{"start":{"line":238,"column":41},"end":{"line":238,"column":49}}]},"14":{"loc":{"start":{"line":254,"column":4},"end":{"line":254,"column":24}},"type":"default-arg","locations":[{"start":{"line":254,"column":23},"end":{"line":254,"column":24}}]},"15":{"loc":{"start":{"line":279,"column":6},"end":{"line":286,"column":null}},"type":"if","locations":[{"start":{"line":279,"column":6},"end":{"line":286,"column":null}},{"start":{},"end":{}}]},"16":{"loc":{"start":{"line":295,"column":15},"end":{"line":295,"column":null}},"type":"cond-expr","locations":[{"start":{"line":295,"column":40},"end":{"line":295,"column":53}},{"start":{"line":295,"column":56},"end":{"line":295,"column":null}}]},"17":{"loc":{"start":{"line":305,"column":4},"end":{"line":305,"column":99}},"type":"default-arg","locations":[{"start":{"line":305,"column":85},"end":{"line":305,"column":99}}]},"18":{"loc":{"start":{"line":329,"column":6},"end":{"line":336,"column":null}},"type":"if","locations":[{"start":{"line":329,"column":6},"end":{"line":336,"column":null}},{"start":{},"end":{}}]},"19":{"loc":{"start":{"line":345,"column":15},"end":{"line":345,"column":null}},"type":"cond-expr","locations":[{"start":{"line":345,"column":40},"end":{"line":345,"column":53}},{"start":{"line":345,"column":56},"end":{"line":345,"column":null}}]},"20":{"loc":{"start":{"line":368,"column":4},"end":{"line":370,"column":null}},"type":"if","locations":[{"start":{"line":368,"column":4},"end":{"line":370,"column":null}},{"start":{},"end":{}}]},"21":{"loc":{"start":{"line":373,"column":4},"end":{"line":375,"column":null}},"type":"if","locations":[{"start":{"line":373,"column":4},"end":{"line":375,"column":null}},{"start":{},"end":{}}]},"22":{"loc":{"start":{"line":378,"column":4},"end":{"line":380,"column":null}},"type":"if","locations":[{"start":{"line":378,"column":4},"end":{"line":380,"column":null}},{"start":{},"end":{}}]},"23":{"loc":{"start":{"line":383,"column":4},"end":{"line":385,"column":null}},"type":"if","locations":[{"start":{"line":383,"column":4},"end":{"line":385,"column":null}},{"start":{},"end":{}}]},"24":{"loc":{"start":{"line":388,"column":4},"end":{"line":390,"column":null}},"type":"if","locations":[{"start":{"line":388,"column":4},"end":{"line":390,"column":null}},{"start":{},"end":{}}]},"25":{"loc":{"start":{"line":419,"column":8},"end":{"line":423,"column":null}},"type":"if","locations":[{"start":{"line":419,"column":8},"end":{"line":423,"column":null}},{"start":{"line":421,"column":15},"end":{"line":423,"column":null}}]},"26":{"loc":{"start":{"line":438,"column":31},"end":{"line":438,"column":75}},"type":"binary-expr","locations":[{"start":{"line":438,"column":31},"end":{"line":438,"column":57}},{"start":{"line":438,"column":61},"end":{"line":438,"column":75}}]},"27":{"loc":{"start":{"line":439,"column":6},"end":{"line":444,"column":null}},"type":"if","locations":[{"start":{"line":439,"column":6},"end":{"line":444,"column":null}},{"start":{},"end":{}}]},"28":{"loc":{"start":{"line":447,"column":35},"end":{"line":447,"column":78}},"type":"binary-expr","locations":[{"start":{"line":447,"column":35},"end":{"line":447,"column":65}},{"start":{"line":447,"column":69},"end":{"line":447,"column":78}}]},"29":{"loc":{"start":{"line":448,"column":6},"end":{"line":453,"column":null}},"type":"if","locations":[{"start":{"line":448,"column":6},"end":{"line":453,"column":null}},{"start":{},"end":{}}]},"30":{"loc":{"start":{"line":457,"column":6},"end":{"line":462,"column":null}},"type":"if","locations":[{"start":{"line":457,"column":6},"end":{"line":462,"column":null}},{"start":{},"end":{}}]},"31":{"loc":{"start":{"line":468,"column":15},"end":{"line":468,"column":null}},"type":"cond-expr","locations":[{"start":{"line":468,"column":40},"end":{"line":468,"column":53}},{"start":{"line":468,"column":56},"end":{"line":468,"column":null}}]}},"s":{"0":0,"1":0,"2":0,"3":0,"4":0,"5":0,"6":0,"7":0,"8":0,"9":0,"10":0,"11":0,"12":0,"13":0,"14":0,"15":0,"16":0,"17":0,"18":0,"19":0,"20":0,"21":0,"22":0,"23":0,"24":0,"25":0,"26":0,"27":0,"28":0,"29":0,"30":0,"31":0,"32":0,"33":0,"34":0,"35":0,"36":0,"37":0,"38":0,"39":0,"40":0,"41":0,"42":0,"43":0,"44":0,"45":0,"46":0,"47":0,"48":0,"49":0,"50":0,"51":0,"52":0,"53":0,"54":0,"55":0,"56":0,"57":0,"58":0,"59":0,"60":0,"61":0,"62":0,"63":0,"64":0,"65":0,"66":0,"67":0,"68":0,"69":0,"70":0,"71":0,"72":0,"73":0,"74":0,"75":0,"76":0,"77":0,"78":0,"79":0,"80":0,"81":0,"82":0,"83":0,"84":0,"85":0,"86":0,"87":0,"88":0,"89":0,"90":0,"91":0,"92":0,"93":0,"94":0,"95":0,"96":0,"97":0,"98":0,"99":0,"100":0,"101":0,"102":0,"103":0,"104":0,"105":0,"106":0,"107":0,"108":0,"109":0,"110":0,"111":0,"112":0,"113":0,"114":0,"115":0,"116":0,"117":0,"118":0,"119":0,"120":0,"121":0,"122":0,"123":0,"124":0,"125":0,"126":0,"127":0,"128":0,"129":0},"f":{"0":0,"1":0,"2":0,"3":0,"4":0,"5":0,"6":0,"7":0,"8":0,"9":0,"10":0,"11":0,"12":0,"13":0,"14":0,"15":0,"16":0,"17":0,"18":0,"19":0,"20":0,"21":0,"22":0,"23":0},"b":{"0":[0,0],"1":[0,0],"2":[0,0],"3":[0,0],"4":[0,0],"5":[0,0],"6":[0],"7":[0,0],"8":[0,0],"9":[0],"10":[0,0],"11":[0,0],"12":[0,0],"13":[0],"14":[0],"15":[0,0],"16":[0,0],"17":[0],"18":[0,0],"19":[0,0],"20":[0,0],"21":[0,0],"22":[0,0],"23":[0,0],"24":[0,0],"25":[0,0],"26":[0,0],"27":[0,0],"28":[0,0],"29":[0,0],"30":[0,0],"31":[0,0]}}
}
