TN:
SF:app\not-found.tsx
FN:5,NotFound
FNF:1
FNH:0
FNDA:0,NotFound
DA:3,0
DA:5,0
LF:2
LH:0
BRF:0
BRH:0
end_of_record
TN:
SF:app\page-backup.tsx
FN:23,LanguageSwitcher
FN:32,LandingPage
FN:418,(anonymous_4)
FN:441,(anonymous_5)
FN:464,(anonymous_6)
FNF:5
FNH:0
FNDA:0,LanguageSwitcher
FNDA:0,LandingPage
FNDA:0,(anonymous_4)
FNDA:0,(anonymous_5)
FNDA:0,(anonymous_6)
DA:2,0
DA:3,0
DA:4,0
DA:5,0
DA:18,0
DA:19,0
DA:20,0
DA:21,0
DA:32,0
DA:419,0
DA:442,0
DA:465,0
LF:12
LH:0
BRF:0
BRH:0
end_of_record
TN:
SF:app\page.tsx
FN:3,RootPage
FNF:1
FNH:0
FNDA:0,RootPage
DA:1,0
DA:3,0
DA:5,0
LF:3
LH:0
BRF:0
BRH:0
end_of_record
TN:
SF:app\[locale]\layout.tsx
FN:7,LocaleLayout
FNF:1
FNH:0
FNDA:0,LocaleLayout
DA:1,0
DA:2,0
DA:3,0
DA:5,0
DA:7,0
DA:14,0
DA:17,0
DA:21,0
LF:8
LH:0
BRDA:17,0,0,0
BRDA:17,0,1,0
BRF:2
BRH:0
end_of_record
TN:
SF:app\[locale]\not-found.tsx
FN:5,NotFound
FNF:1
FNH:0
FNDA:0,NotFound
DA:2,0
DA:3,0
DA:5,0
LF:3
LH:0
BRF:0
BRH:0
end_of_record
TN:
SF:app\[locale]\page.tsx
FN:22,LandingPage
FNF:1
FNH:0
FNDA:0,LandingPage
DA:3,0
DA:4,0
DA:5,0
DA:6,0
DA:18,0
DA:19,0
DA:20,0
DA:22,0
DA:23,0
LF:9
LH:0
BRF:0
BRH:0
end_of_record
TN:
SF:app\[locale]\collaborate\page.tsx
FN:22,CollaboratePage
FN:33,(anonymous_2)
FN:41,(anonymous_3)
FN:42,(anonymous_4)
FN:51,(anonymous_5)
FN:58,(anonymous_6)
FN:73,(anonymous_7)
FN:78,(anonymous_8)
FN:105,(anonymous_9)
FN:120,(anonymous_10)
FN:149,(anonymous_11)
FNF:11
FNH:0
FNDA:0,CollaboratePage
FNDA:0,(anonymous_2)
FNDA:0,(anonymous_3)
FNDA:0,(anonymous_4)
FNDA:0,(anonymous_5)
FNDA:0,(anonymous_6)
FNDA:0,(anonymous_7)
FNDA:0,(anonymous_8)
FNDA:0,(anonymous_9)
FNDA:0,(anonymous_10)
FNDA:0,(anonymous_11)
DA:3,0
DA:4,0
DA:5,0
DA:6,0
DA:7,0
DA:8,0
DA:9,0
DA:11,0
DA:12,0
DA:22,0
DA:23,0
DA:24,0
DA:25,0
DA:26,0
DA:27,0
DA:28,0
DA:29,0
DA:30,0
DA:33,0
DA:34,0
DA:35,0
DA:41,0
DA:43,0
DA:44,0
DA:45,0
DA:46,0
DA:48,0
DA:52,0
DA:53,0
DA:58,0
DA:59,0
DA:60,0
DA:61,0
DA:64,0
DA:65,0
DA:66,0
DA:69,0
DA:70,0
DA:73,0
DA:74,0
DA:78,0
DA:79,0
DA:80,0
DA:83,0
DA:94,0
DA:105,0
DA:115,0
DA:120,0
DA:149,0
LF:49
LH:0
BRDA:34,0,0,0
BRDA:34,0,1,0
BRDA:43,1,0,0
BRDA:43,1,1,0
BRDA:59,2,0,0
BRDA:59,2,1,0
BRDA:64,3,0,0
BRDA:64,3,1,0
BRDA:64,4,0,0
BRDA:64,4,1,0
BRDA:83,5,0,0
BRDA:83,5,1,0
BRDA:94,6,0,0
BRDA:94,6,1,0
BRDA:115,7,0,0
BRDA:115,7,1,0
BRDA:115,8,0,0
BRDA:115,8,1,0
BRDA:115,8,2,0
BRDA:140,9,0,0
BRDA:156,10,0,0
BRDA:156,10,1,0
BRDA:156,10,2,0
BRDA:159,11,0,0
BRDA:159,11,1,0
BRF:25
BRH:0
end_of_record
TN:
SF:app\admin\loading.tsx
FN:1,Loading
FNF:1
FNH:0
FNDA:0,Loading
DA:1,0
DA:2,0
LF:2
LH:0
BRF:0
BRH:0
end_of_record
TN:
SF:app\admin\page.tsx
FN:168,AdminDashboard
FN:171,(anonymous_2)
FN:192,(anonymous_3)
FN:205,(anonymous_4)
FN:243,(anonymous_5)
FN:272,(anonymous_6)
FN:301,(anonymous_7)
FN:328,(anonymous_8)
FN:373,(anonymous_9)
FN:481,(anonymous_10)
FN:500,(anonymous_11)
FN:509,(anonymous_12)
FN:617,(anonymous_13)
FN:640,(anonymous_14)
FNF:14
FNH:0
FNDA:0,AdminDashboard
FNDA:0,(anonymous_2)
FNDA:0,(anonymous_3)
FNDA:0,(anonymous_4)
FNDA:0,(anonymous_5)
FNDA:0,(anonymous_6)
FNDA:0,(anonymous_7)
FNDA:0,(anonymous_8)
FNDA:0,(anonymous_9)
FNDA:0,(anonymous_10)
FNDA:0,(anonymous_11)
FNDA:0,(anonymous_12)
FNDA:0,(anonymous_13)
FNDA:0,(anonymous_14)
DA:3,0
DA:4,0
DA:5,0
DA:6,0
DA:7,0
DA:8,0
DA:9,0
DA:10,0
DA:11,0
DA:29,0
DA:30,0
DA:33,0
DA:40,0
DA:49,0
DA:56,0
DA:95,0
DA:104,0
DA:147,0
DA:168,0
DA:169,0
DA:171,0
DA:172,0
DA:192,0
DA:193,0
DA:205,0
DA:206,0
DA:244,0
DA:273,0
DA:302,0
DA:329,0
DA:374,0
DA:481,0
DA:501,0
DA:509,0
DA:618,0
DA:641,0
LF:36
LH:0
BRDA:277,0,0,0
BRDA:285,1,0,0
BRDA:285,1,1,0
BRDA:305,2,0,0
BRDA:305,2,1,0
BRDA:505,3,0,0
BRDA:505,3,1,0
BRDA:645,4,0,0
BRDA:645,4,1,0
BRDA:647,5,0,0
BRDA:647,5,1,0
BRF:11
BRH:0
end_of_record
TN:
SF:app\admin\api\page.tsx
FN:33,APIManagementPage
FN:162,(anonymous_2)
FN:217,(anonymous_3)
FN:263,(anonymous_4)
FN:263,(anonymous_5)
FN:274,(anonymous_6)
FN:275,(anonymous_7)
FN:285,(anonymous_8)
FN:286,(anonymous_9)
FN:300,(anonymous_10)
FN:330,(anonymous_11)
FN:352,(anonymous_12)
FNF:12
FNH:0
FNDA:0,APIManagementPage
FNDA:0,(anonymous_2)
FNDA:0,(anonymous_3)
FNDA:0,(anonymous_4)
FNDA:0,(anonymous_5)
FNDA:0,(anonymous_6)
FNDA:0,(anonymous_7)
FNDA:0,(anonymous_8)
FNDA:0,(anonymous_9)
FNDA:0,(anonymous_10)
FNDA:0,(anonymous_11)
FNDA:0,(anonymous_12)
DA:3,0
DA:4,0
DA:5,0
DA:6,0
DA:7,0
DA:8,0
DA:9,0
DA:10,0
DA:11,0
DA:33,0
DA:34,0
DA:64,0
DA:85,0
DA:163,0
DA:218,0
DA:263,0
DA:275,0
DA:286,0
DA:301,0
DA:331,0
DA:353,0
LF:21
LH:0
BRDA:165,0,0,0
BRDA:165,0,1,0
BRDA:169,1,0,0
BRDA:169,1,1,0
BRDA:171,2,0,0
BRDA:171,2,1,0
BRDA:222,3,0,0
BRDA:222,3,1,0
BRF:8
BRH:0
end_of_record
TN:
SF:app\admin\cost-management\page.tsx
FN:38,CostManagementPage
FN:70,(anonymous_2)
FN:123,(anonymous_3)
FN:130,(anonymous_4)
FN:136,(anonymous_5)
FN:152,(anonymous_6)
FN:244,(anonymous_7)
FN:270,(anonymous_8)
FN:294,(anonymous_9)
FN:334,(anonymous_10)
FN:383,(anonymous_11)
FNF:11
FNH:0
FNDA:0,CostManagementPage
FNDA:0,(anonymous_2)
FNDA:0,(anonymous_3)
FNDA:0,(anonymous_4)
FNDA:0,(anonymous_5)
FNDA:0,(anonymous_6)
FNDA:0,(anonymous_7)
FNDA:0,(anonymous_8)
FNDA:0,(anonymous_9)
FNDA:0,(anonymous_10)
FNDA:0,(anonymous_11)
DA:3,0
DA:4,0
DA:5,0
DA:6,0
DA:7,0
DA:8,0
DA:9,0
DA:10,0
DA:20,0
DA:38,0
DA:39,0
DA:53,0
DA:70,0
DA:72,0
DA:123,0
DA:124,0
DA:130,0
DA:131,0
DA:132,0
DA:133,0
DA:136,0
DA:137,0
DA:138,0
DA:139,0
DA:153,0
DA:245,0
DA:246,0
DA:271,0
DA:295,0
DA:335,0
DA:384,0
LF:31
LH:0
BRDA:131,0,0,0
BRDA:131,0,1,0
BRDA:132,1,0,0
BRDA:132,1,1,0
BRDA:137,2,0,0
BRDA:137,2,1,0
BRDA:138,3,0,0
BRDA:138,3,1,0
BRDA:150,4,0,0
BRDA:156,5,0,0
BRDA:156,5,1,0
BRDA:162,6,0,0
BRDA:162,6,1,0
BRDA:275,7,0,0
BRDA:279,8,0,0
BRDA:279,8,1,0
BRDA:280,9,0,0
BRDA:280,9,1,0
BRDA:301,10,0,0
BRDA:301,10,1,0
BRDA:301,11,0,0
BRDA:301,11,1,0
BRDA:342,12,0,0
BRDA:342,12,1,0
BRDA:344,13,0,0
BRDA:344,13,1,0
BRF:26
BRH:0
end_of_record
TN:
SF:app\admin\data\page.tsx
FN:38,DataManagement
FN:334,(anonymous_2)
FN:399,(anonymous_3)
FN:454,(anonymous_4)
FNF:4
FNH:0
FNDA:0,DataManagement
FNDA:0,(anonymous_2)
FNDA:0,(anonymous_3)
FNDA:0,(anonymous_4)
DA:3,0
DA:4,0
DA:5,0
DA:6,0
DA:7,0
DA:8,0
DA:9,0
DA:10,0
DA:11,0
DA:12,0
DA:20,0
DA:21,0
DA:22,0
DA:36,0
DA:38,0
DA:39,0
DA:41,0
DA:75,0
DA:108,0
DA:136,0
DA:335,0
DA:400,0
DA:455,0
LF:23
LH:0
BRDA:338,0,0,0
BRDA:338,0,1,0
BRDA:341,1,0,0
BRDA:347,2,0,0
BRDA:408,3,0,0
BRDA:461,4,0,0
BRDA:467,5,0,0
BRDA:474,6,0,0
BRDA:477,7,0,0
BRDA:477,7,1,0
BRDA:480,8,0,0
BRF:11
BRH:0
end_of_record
TN:
SF:app\admin\monitoring\page.tsx
FN:37,MonitoringDashboard
FN:47,(anonymous_2)
FN:48,(anonymous_3)
FN:49,(anonymous_4)
FN:57,(anonymous_5)
FN:207,(anonymous_6)
FN:212,(anonymous_7)
FN:405,(anonymous_8)
FN:459,(anonymous_9)
FN:502,(anonymous_10)
FNF:10
FNH:0
FNDA:0,MonitoringDashboard
FNDA:0,(anonymous_2)
FNDA:0,(anonymous_3)
FNDA:0,(anonymous_4)
FNDA:0,(anonymous_5)
FNDA:0,(anonymous_6)
FNDA:0,(anonymous_7)
FNDA:0,(anonymous_8)
FNDA:0,(anonymous_9)
FNDA:0,(anonymous_10)
DA:3,0
DA:4,0
DA:5,0
DA:6,0
DA:7,0
DA:8,0
DA:9,0
DA:10,0
DA:23,0
DA:35,0
DA:37,0
DA:38,0
DA:39,0
DA:47,0
DA:48,0
DA:49,0
DA:57,0
DA:60,0
DA:69,0
DA:76,0
DA:100,0
DA:109,0
DA:207,0
DA:212,0
DA:406,0
DA:460,0
DA:503,0
LF:27
LH:0
BRDA:165,0,0,0
BRDA:165,0,1,0
BRDA:178,1,0,0
BRDA:178,1,1,0
BRDA:207,2,0,0
BRDA:345,3,0,0
BRDA:345,3,1,0
BRDA:416,4,0,0
BRDA:416,4,1,0
BRDA:418,5,0,0
BRDA:418,5,1,0
BRDA:465,6,0,0
BRDA:465,6,1,0
BRDA:465,7,0,0
BRDA:465,7,1,0
BRDA:507,8,0,0
BRDA:507,8,1,0
BRDA:509,9,0,0
BRDA:509,9,1,0
BRDA:522,10,0,0
BRDA:522,10,1,0
BRDA:524,11,0,0
BRDA:524,11,1,0
BRDA:534,12,0,0
BRF:24
BRH:0
end_of_record
TN:
SF:app\admin\performance\page.tsx
FN:11,PerformancePage
FN:47,(anonymous_2)
FN:54,(anonymous_3)
FN:188,(anonymous_4)
FNF:4
FNH:0
FNDA:0,PerformancePage
FNDA:0,(anonymous_2)
FNDA:0,(anonymous_3)
FNDA:0,(anonymous_4)
DA:3,0
DA:4,0
DA:5,0
DA:6,0
DA:7,0
DA:8,0
DA:9,0
DA:11,0
DA:12,0
DA:38,0
DA:47,0
DA:48,0
DA:49,0
DA:50,0
DA:51,0
DA:54,0
DA:55,0
DA:60,0
DA:189,0
LF:19
LH:0
BRDA:48,0,0,0
BRDA:48,0,1,0
BRDA:48,1,0,0
BRDA:48,1,1,0
BRDA:48,2,0,0
BRDA:48,2,1,0
BRDA:49,3,0,0
BRDA:49,3,1,0
BRDA:49,4,0,0
BRDA:49,4,1,0
BRDA:49,5,0,0
BRDA:49,5,1,0
BRDA:50,6,0,0
BRDA:50,6,1,0
BRDA:50,7,0,0
BRDA:50,7,1,0
BRDA:50,8,0,0
BRDA:50,8,1,0
BRDA:60,9,0,0
BRDA:60,9,1,0
BRDA:202,10,0,0
BRDA:202,10,1,0
BRDA:204,11,0,0
BRDA:204,11,1,0
BRF:24
BRH:0
end_of_record
TN:
SF:app\admin\security\page.tsx
FN:13,SecurityDashboard
FN:277,(anonymous_2)
FN:325,(anonymous_3)
FNF:3
FNH:0
FNDA:0,SecurityDashboard
FNDA:0,(anonymous_2)
FNDA:0,(anonymous_3)
DA:3,0
DA:4,0
DA:5,0
DA:6,0
DA:7,0
DA:8,0
DA:9,0
DA:10,0
DA:11,0
DA:13,0
DA:14,0
DA:16,0
DA:32,0
DA:80,0
DA:278,0
DA:326,0
LF:16
LH:0
BRDA:284,0,0,0
BRDA:284,0,1,0
BRDA:286,1,0,0
BRDA:286,1,1,0
BRDA:332,2,0,0
BRDA:332,2,1,0
BRDA:337,3,0,0
BRDA:337,3,1,0
BRDA:337,4,0,0
BRDA:337,4,1,0
BRF:10
BRH:0
end_of_record
TN:
SF:app\admin\support\loading.tsx
FN:1,Loading
FNF:1
FNH:0
FNDA:0,Loading
DA:1,0
DA:2,0
LF:2
LH:0
BRF:0
BRH:0
end_of_record
TN:
SF:app\admin\support\page.tsx
FN:21,AdminSupportPage
FN:67,(anonymous_2)
FN:77,(anonymous_3)
FN:205,(anonymous_4)
FN:327,(anonymous_5)
FN:333,(anonymous_6)
FNF:6
FNH:0
FNDA:0,AdminSupportPage
FNDA:0,(anonymous_2)
FNDA:0,(anonymous_3)
FNDA:0,(anonymous_4)
FNDA:0,(anonymous_5)
FNDA:0,(anonymous_6)
DA:3,0
DA:4,0
DA:5,0
DA:6,0
DA:7,0
DA:8,0
DA:19,0
DA:21,0
DA:22,0
DA:58,0
DA:67,0
DA:68,0
DA:74,0
DA:77,0
DA:78,0
DA:84,0
DA:206,0
DA:328,0
DA:333,0
LF:19
LH:0
BRDA:74,0,0,0
BRDA:74,0,1,0
BRDA:84,1,0,0
BRDA:84,1,1,0
BRF:4
BRH:0
end_of_record
TN:
SF:app\admin\users\loading.tsx
FN:1,Loading
FNF:1
FNH:0
FNDA:0,Loading
DA:1,0
DA:2,0
LF:2
LH:0
BRF:0
BRH:0
end_of_record
TN:
SF:app\admin\users\page.tsx
FN:22,UserManagement
FN:83,(anonymous_2)
FN:146,(anonymous_3)
FN:180,(anonymous_4)
FN:232,(anonymous_5)
FN:308,(anonymous_6)
FNF:6
FNH:0
FNDA:0,UserManagement
FNDA:0,(anonymous_2)
FNDA:0,(anonymous_3)
FNDA:0,(anonymous_4)
FNDA:0,(anonymous_5)
FNDA:0,(anonymous_6)
DA:3,0
DA:4,0
DA:5,0
DA:6,0
DA:7,0
DA:8,0
DA:9,0
DA:17,0
DA:18,0
DA:19,0
DA:20,0
DA:22,0
DA:23,0
DA:24,0
DA:25,0
DA:27,0
DA:63,0
DA:83,0
DA:85,0
DA:87,0
DA:88,0
DA:89,0
DA:147,0
DA:180,0
DA:233,0
DA:309,0
LF:26
LH:0
BRDA:85,0,0,0
BRDA:85,0,1,0
BRDA:87,1,0,0
BRDA:87,1,1,0
BRDA:88,2,0,0
BRDA:88,2,1,0
BRDA:89,3,0,0
BRDA:89,3,1,0
BRDA:89,3,2,0
BRDA:241,4,0,0
BRDA:241,4,1,0
BRDA:246,5,0,0
BRDA:246,5,1,0
BRDA:248,6,0,0
BRDA:248,6,1,0
BRDA:260,7,0,0
BRDA:314,8,0,0
BRDA:314,8,1,0
BRDA:318,9,0,0
BRF:19
BRH:0
end_of_record
TN:
SF:app\api\admin\revenue\route.ts
FN:3,GET
FN:17,getRevenueAnalytics
FNF:2
FNH:0
FNDA:0,GET
FNDA:0,getRevenueAnalytics
DA:1,0
DA:3,0
DA:4,0
DA:5,0
DA:6,0
DA:8,0
DA:10,0
DA:12,0
DA:13,0
DA:19,0
DA:68,0
LF:11
LH:0
BRDA:6,0,0,0
BRDA:6,0,1,0
BRF:2
BRH:0
end_of_record
TN:
SF:app\api\analytics\track\route.ts
FN:10,POST
FN:48,storeAnalyticsEvent
FN:54,processReferralEvent
FN:69,processConversionEvent
FN:83,creditReferrer
FN:94,calculateCommission
FN:101,trackConversionAttribution
FNF:7
FNH:0
FNDA:0,POST
FNDA:0,storeAnalyticsEvent
FNDA:0,processReferralEvent
FNDA:0,processConversionEvent
FNDA:0,creditReferrer
FNDA:0,calculateCommission
FNDA:0,trackConversionAttribution
DA:1,0
DA:10,0
DA:11,0
DA:12,0
DA:15,0
DA:16,0
DA:20,0
DA:29,0
DA:32,0
DA:33,0
DA:37,0
DA:38,0
DA:41,0
DA:43,0
DA:44,0
DA:51,0
DA:55,0
DA:57,0
DA:59,0
DA:62,0
DA:64,0
DA:65,0
DA:70,0
DA:73,0
DA:85,0
DA:97,0
DA:98,0
DA:103,0
LF:28
LH:0
BRDA:15,0,0,0
BRDA:15,0,1,0
BRDA:23,1,0,0
BRDA:23,1,1,0
BRDA:32,2,0,0
BRDA:32,2,1,0
BRDA:37,3,0,0
BRDA:37,3,1,0
BRDA:57,4,0,0
BRDA:57,4,1,0
BRDA:57,5,0,0
BRDA:57,5,1,0
BRDA:62,6,0,0
BRDA:62,6,1,0
BRDA:62,7,0,0
BRDA:62,7,1,0
BRF:16
BRH:0
end_of_record
TN:
SF:app\api\auth\[...nextauth]\route.ts
FNF:0
FNH:0
DA:1,0
DA:2,0
DA:4,0
DA:6,0
LF:4
LH:0
BRF:0
BRH:0
end_of_record
TN:
SF:app\api\auth\_log\route.ts
FN:3,POST
FNF:1
FNH:0
FNDA:0,POST
DA:1,0
DA:3,0
DA:4,0
DA:5,0
DA:6,0
DA:9,0
DA:11,0
DA:13,0
LF:8
LH:0
BRDA:6,0,0,0
BRF:1
BRH:0
end_of_record
TN:
SF:app\api\auth\session\route.ts
FN:5,GET
FNF:1
FNH:0
FNDA:0,GET
DA:1,0
DA:2,0
DA:3,0
DA:5,0
DA:6,0
DA:7,0
DA:8,0
DA:10,0
LF:8
LH:0
BRF:0
BRH:0
end_of_record
TN:
SF:app\api\collaboration\auth\route.ts
FN:6,POST
FN:44,GET
FNF:2
FNH:0
FNDA:0,POST
FNDA:0,GET
DA:1,0
DA:2,0
DA:3,0
DA:4,0
DA:6,0
DA:7,0
DA:9,0
DA:11,0
DA:12,0
DA:19,0
DA:27,0
DA:29,0
DA:36,0
DA:37,0
DA:44,0
DA:45,0
DA:47,0
DA:49,0
DA:50,0
DA:57,0
DA:65,0
DA:71,0
DA:72,0
LF:23
LH:0
BRDA:11,0,0,0
BRDA:11,0,1,0
BRDA:20,1,0,0
BRDA:20,1,1,0
BRDA:20,1,2,0
BRDA:21,2,0,0
BRDA:21,2,1,0
BRDA:22,3,0,0
BRDA:22,3,1,0
BRDA:23,4,0,0
BRDA:23,4,1,0
BRDA:49,5,0,0
BRDA:49,5,1,0
BRDA:58,6,0,0
BRDA:58,6,1,0
BRDA:58,6,2,0
BRDA:59,7,0,0
BRDA:59,7,1,0
BRDA:60,8,0,0
BRDA:60,8,1,0
BRDA:61,9,0,0
BRDA:61,9,1,0
BRF:22
BRH:0
end_of_record
TN:
SF:app\api\data\backup\route.ts
FN:3,POST
FN:27,(anonymous_4)
FN:38,GET
FN:71,(anonymous_6)
FNF:4
FNH:0
FNDA:0,POST
FNDA:0,(anonymous_4)
FNDA:0,GET
FNDA:0,(anonymous_6)
DA:1,0
DA:3,0
DA:4,0
DA:5,0
DA:8,0
DA:9,0
DA:12,0
DA:13,0
DA:24,0
DA:27,0
DA:28,0
DA:31,0
DA:33,0
DA:34,0
DA:38,0
DA:39,0
DA:40,0
DA:41,0
DA:42,0
DA:43,0
DA:46,0
DA:69,0
DA:70,0
DA:71,0
DA:74,0
DA:76,0
DA:83,0
DA:84,0
LF:28
LH:0
BRDA:8,0,0,0
BRDA:8,0,1,0
BRDA:8,1,0,0
BRDA:8,1,1,0
BRDA:41,2,0,0
BRDA:41,2,1,0
BRDA:42,3,0,0
BRDA:42,3,1,0
BRDA:70,4,0,0
BRDA:70,4,1,0
BRF:10
BRH:0
end_of_record
TN:
SF:app\api\data\export\route.ts
FN:3,POST
FN:26,(anonymous_4)
FN:38,GET
FN:61,(anonymous_6)
FN:64,(anonymous_7)
FNF:5
FNH:0
FNDA:0,POST
FNDA:0,(anonymous_4)
FNDA:0,GET
FNDA:0,(anonymous_6)
FNDA:0,(anonymous_7)
DA:1,0
DA:3,0
DA:4,0
DA:5,0
DA:7,0
DA:8,0
DA:11,0
DA:12,0
DA:23,0
DA:26,0
DA:27,0
DA:31,0
DA:33,0
DA:34,0
DA:38,0
DA:39,0
DA:40,0
DA:41,0
DA:42,0
DA:45,0
DA:59,0
DA:60,0
DA:61,0
DA:63,0
DA:64,0
DA:67,0
DA:69,0
DA:70,0
LF:28
LH:0
BRDA:7,0,0,0
BRDA:7,0,1,0
BRDA:7,1,0,0
BRDA:7,1,1,0
BRDA:60,2,0,0
BRDA:60,2,1,0
BRDA:63,3,0,0
BRDA:63,3,1,0
BRF:8
BRH:0
end_of_record
TN:
SF:app\api\health\route.ts
FN:5,GET
FNF:1
FNH:0
FNDA:0,GET
DA:1,0
DA:2,0
DA:5,0
DA:6,0
DA:8,0
DA:11,0
DA:14,0
DA:24,0
DA:26,0
DA:34,0
DA:35,0
LF:11
LH:0
BRDA:24,0,0,0
BRDA:24,0,1,0
BRF:2
BRH:0
end_of_record
TN:
SF:app\api\monitoring\health\route.ts
FN:5,GET
FNF:1
FNH:0
FNDA:0,GET
DA:1,0
DA:2,0
DA:3,0
DA:5,0
DA:6,0
DA:7,0
DA:10,0
DA:13,0
DA:16,0
DA:19,0
DA:22,0
DA:34,0
DA:35,0
DA:38,0
DA:40,0
DA:53,0
DA:55,0
DA:56,0
LF:18
LH:0
BRDA:34,0,0,0
BRDA:34,0,1,0
BRDA:34,1,0,0
BRDA:34,1,1,0
BRDA:61,2,0,0
BRDA:61,2,1,0
BRF:6
BRH:0
end_of_record
TN:
SF:app\api\monitoring\metrics\route.ts
FN:3,GET
FN:34,generateTimeSeriesData
FNF:2
FNH:0
FNDA:0,GET
FNDA:0,generateTimeSeriesData
DA:1,0
DA:3,0
DA:4,0
DA:5,0
DA:6,0
DA:7,0
DA:10,0
DA:23,0
DA:24,0
DA:27,0
DA:29,0
DA:30,0
DA:35,0
DA:36,0
DA:38,0
DA:39,0
DA:42,0
DA:44,0
DA:45,0
DA:47,0
DA:48,0
DA:50,0
DA:51,0
DA:53,0
DA:54,0
DA:56,0
DA:59,0
DA:65,0
LF:28
LH:0
BRDA:6,0,0,0
BRDA:6,0,1,0
BRDA:23,1,0,0
BRDA:23,1,1,0
BRDA:23,2,0,0
BRDA:23,2,1,0
BRDA:35,3,0,0
BRDA:35,3,1,0
BRDA:35,4,0,0
BRDA:35,4,1,0
BRDA:39,5,0,0
BRDA:39,5,1,0
BRDA:42,6,0,0
BRDA:42,6,1,0
BRDA:42,6,2,0
BRDA:42,6,3,0
BRDA:42,6,4,0
BRF:17
BRH:0
end_of_record
TN:
SF:app\api\referrals\generate\route.ts
FN:3,POST
FN:27,generateReferralCode
FN:35,createReferralCode
FNF:3
FNH:0
FNDA:0,POST
FNDA:0,generateReferralCode
FNDA:0,createReferralCode
DA:1,0
DA:3,0
DA:4,0
DA:5,0
DA:7,0
DA:8,0
DA:12,0
DA:15,0
DA:17,0
DA:22,0
DA:23,0
DA:29,0
DA:30,0
DA:31,0
DA:32,0
DA:37,0
LF:16
LH:0
BRDA:7,0,0,0
BRDA:7,0,1,0
BRF:2
BRH:0
end_of_record
TN:
SF:app\api\security\audit\route.ts
FN:3,POST
FN:30,GET
FN:66,(anonymous_5)
FN:69,(anonymous_6)
FN:86,calculateSeverity
FN:91,(anonymous_8)
FN:92,(anonymous_9)
FN:93,(anonymous_10)
FNF:8
FNH:0
FNDA:0,POST
FNDA:0,GET
FNDA:0,(anonymous_5)
FNDA:0,(anonymous_6)
FNDA:0,calculateSeverity
FNDA:0,(anonymous_8)
FNDA:0,(anonymous_9)
FNDA:0,(anonymous_10)
DA:1,0
DA:3,0
DA:4,0
DA:5,0
DA:7,0
DA:21,0
DA:23,0
DA:25,0
DA:26,0
DA:30,0
DA:31,0
DA:32,0
DA:33,0
DA:34,0
DA:35,0
DA:36,0
DA:39,0
DA:64,0
DA:65,0
DA:66,0
DA:68,0
DA:69,0
DA:72,0
DA:74,0
DA:81,0
DA:82,0
DA:87,0
DA:88,0
DA:89,0
DA:91,0
DA:92,0
DA:93,0
DA:94,0
LF:33
LH:0
BRDA:13,0,0,0
BRDA:13,0,1,0
BRDA:13,0,2,0
BRDA:14,1,0,0
BRDA:14,1,1,0
BRDA:14,1,2,0
BRDA:15,2,0,0
BRDA:15,2,1,0
BRDA:33,3,0,0
BRDA:33,3,1,0
BRDA:34,4,0,0
BRDA:34,4,1,0
BRDA:65,5,0,0
BRDA:65,5,1,0
BRDA:68,6,0,0
BRDA:68,6,1,0
BRDA:91,7,0,0
BRDA:91,7,1,0
BRDA:92,8,0,0
BRDA:92,8,1,0
BRDA:93,9,0,0
BRDA:93,9,1,0
BRF:22
BRH:0
end_of_record
TN:
SF:app\api\storyboarding\index.ts
FN:7,handler
FNF:1
FNH:0
FNDA:0,handler
DA:4,0
DA:5,0
DA:7,0
DA:8,0
DA:9,0
DA:12,0
DA:13,0
DA:14,0
DA:15,0
DA:18,0
DA:19,0
DA:20,0
DA:24,0
DA:25,0
DA:27,0
DA:28,0
LF:16
LH:0
BRDA:8,0,0,0
BRDA:8,0,1,0
BRDA:14,1,0,0
BRDA:14,1,1,0
BRDA:14,2,0,0
BRDA:14,2,1,0
BRDA:19,3,0,0
BRDA:19,3,1,0
BRF:8
BRH:0
end_of_record
TN:
SF:app\api\stripe\cancel-subscription\route.ts
FN:4,POST
FNF:1
FNH:0
FNDA:0,POST
DA:1,0
DA:2,0
DA:4,0
DA:5,0
DA:6,0
DA:8,0
DA:9,0
DA:12,0
DA:16,0
DA:25,0
DA:26,0
LF:11
LH:0
BRDA:8,0,0,0
BRDA:8,0,1,0
BRF:2
BRH:0
end_of_record
TN:
SF:app\api\stripe\create-checkout\route.ts
FN:4,POST
FNF:1
FNH:0
FNDA:0,POST
DA:1,0
DA:2,0
DA:4,0
DA:5,0
DA:6,0
DA:8,0
DA:9,0
DA:12,0
DA:13,0
DA:16,0
DA:18,0
DA:36,0
DA:38,0
DA:39,0
LF:14
LH:0
BRDA:8,0,0,0
BRDA:8,0,1,0
BRDA:8,1,0,0
BRDA:8,1,1,0
BRDA:12,2,0,0
BRDA:12,2,1,0
BRF:6
BRH:0
end_of_record
TN:
SF:app\api\stripe\customer-portal\route.ts
FN:4,POST
FNF:1
FNH:0
FNDA:0,POST
DA:1,0
DA:2,0
DA:4,0
DA:5,0
DA:6,0
DA:8,0
DA:9,0
DA:12,0
DA:17,0
DA:19,0
DA:20,0
LF:11
LH:0
BRDA:8,0,0,0
BRDA:8,0,1,0
BRF:2
BRH:0
end_of_record
TN:
SF:app\api\stripe\webhook\route.ts
FN:7,POST
FNF:1
FNH:0
FNDA:0,POST
DA:1,0
DA:2,0
DA:5,0
DA:7,0
DA:8,0
DA:9,0
DA:10,0
DA:14,0
DA:15,0
DA:17,0
DA:18,0
DA:21,0
DA:23,0
DA:24,0
DA:25,0
DA:27,0
DA:29,0
DA:31,0
DA:36,0
DA:37,0
DA:40,0
DA:41,0
DA:45,0
DA:46,0
DA:47,0
DA:51,0
DA:52,0
DA:53,0
DA:57,0
DA:60,0
DA:62,0
DA:63,0
LF:32
LH:0
BRDA:21,0,0,0
BRDA:21,0,1,0
BRDA:21,0,2,0
BRDA:21,0,3,0
BRDA:21,0,4,0
BRDA:21,0,5,0
BRDA:27,1,0,0
BRDA:27,1,1,0
BRDA:27,2,0,0
BRDA:27,2,1,0
BRF:10
BRH:0
end_of_record
TN:
SF:app\api\usage\analytics\route.ts
FN:3,GET
FN:22,generateAnalytics
FNF:2
FNH:0
FNDA:0,GET
FNDA:0,generateAnalytics
DA:1,0
DA:3,0
DA:4,0
DA:5,0
DA:6,0
DA:7,0
DA:9,0
DA:10,0
DA:13,0
DA:15,0
DA:17,0
DA:18,0
DA:24,0
DA:92,0
LF:14
LH:0
BRDA:7,0,0,0
BRDA:7,0,1,0
BRDA:9,1,0,0
BRDA:9,1,1,0
BRF:4
BRH:0
end_of_record
TN:
SF:app\api\usage\track\route.ts
FN:13,POST
FN:60,getCurrentUsage
FN:72,(anonymous_3)
FN:136,getUserPlan
FN:153,getPlanLimits
FN:188,checkUsageLimits
FNF:6
FNH:0
FNDA:0,POST
FNDA:0,getCurrentUsage
FNDA:0,(anonymous_3)
FNDA:0,getUserPlan
FNDA:0,getPlanLimits
FNDA:0,checkUsageLimits
DA:1,0
DA:2,0
DA:3,0
DA:4,0
DA:5,0
DA:7,0
DA:13,0
DA:14,0
DA:15,0
DA:17,0
DA:18,0
DA:21,0
DA:22,0
DA:25,0
DA:35,0
DA:36,0
DA:37,0
DA:39,0
DA:40,0
DA:42,0
DA:43,0
DA:45,0
DA:52,0
DA:53,0
DA:55,0
DA:56,0
DA:61,0
DA:63,0
DA:72,0
DA:73,0
DA:78,0
DA:87,0
DA:96,0
DA:108,0
DA:117,0
DA:125,0
DA:126,0
DA:137,0
DA:138,0
DA:146,0
DA:148,0
DA:149,0
DA:154,0
DA:185,0
DA:189,0
DA:197,0
DA:198,0
DA:200,0
DA:203,0
LF:49
LH:0
BRDA:17,0,0,0
BRDA:17,0,1,0
BRDA:29,1,0,0
BRDA:29,1,1,0
BRDA:30,2,0,0
BRDA:30,2,1,0
BRDA:52,3,0,0
BRDA:52,3,1,0
BRDA:73,4,0,0
BRDA:73,4,1,0
BRDA:120,5,0,0
BRDA:120,5,1,0
BRDA:146,6,0,0
BRDA:146,6,1,0
BRDA:185,7,0,0
BRDA:185,7,1,0
BRDA:198,8,0,0
BRDA:198,8,1,0
BRF:18
BRH:0
end_of_record
TN:
SF:app\api\user\subscription\route.ts
FN:3,GET
FNF:1
FNH:0
FNDA:0,GET
DA:1,0
DA:3,0
DA:4,0
DA:6,0
DA:8,0
DA:17,0
DA:19,0
DA:20,0
LF:8
LH:0
BRF:0
BRH:0
end_of_record
TN:
SF:app\api\v1\videos\route.ts
FN:16,GET
FN:85,(anonymous_4)
FN:102,POST
FNF:3
FNH:0
FNDA:0,GET
FNDA:0,(anonymous_4)
FNDA:0,POST
DA:1,0
DA:2,0
DA:3,0
DA:4,0
DA:5,0
DA:7,0
DA:16,0
DA:17,0
DA:18,0
DA:20,0
DA:21,0
DA:24,0
DA:25,0
DA:35,0
DA:39,0
DA:40,0
DA:46,0
DA:47,0
DA:51,0
DA:54,0
DA:84,0
DA:85,0
DA:95,0
DA:97,0
DA:98,0
DA:102,0
DA:103,0
DA:104,0
DA:106,0
DA:107,0
DA:110,0
DA:112,0
DA:113,0
DA:122,0
DA:143,0
DA:151,0
DA:152,0
LF:37
LH:0
BRDA:20,0,0,0
BRDA:20,0,1,0
BRDA:39,1,0,0
BRDA:39,1,1,0
BRDA:46,2,0,0
BRDA:46,2,1,0
BRDA:87,3,0,0
BRDA:87,3,1,0
BRDA:88,4,0,0
BRDA:88,4,1,0
BRDA:106,5,0,0
BRDA:106,5,1,0
BRDA:112,6,0,0
BRDA:112,6,1,0
BRDA:112,7,0,0
BRDA:112,7,1,0
BRDA:126,8,0,0
BRDA:126,8,1,0
BRDA:127,9,0,0
BRDA:127,9,1,0
BRF:20
BRH:0
end_of_record
TN:
SF:app\api\v1\videos\[id]\route.ts
FN:14,GET
FN:57,PUT
FN:108,DELETE
FNF:3
FNH:0
FNDA:0,GET
FNDA:0,PUT
FNDA:0,DELETE
DA:1,0
DA:2,0
DA:3,0
DA:4,0
DA:5,0
DA:7,0
DA:14,0
DA:18,0
DA:19,0
DA:21,0
DA:22,0
DA:25,0
DA:42,0
DA:43,0
DA:46,0
DA:52,0
DA:53,0
DA:57,0
DA:61,0
DA:62,0
DA:64,0
DA:65,0
DA:68,0
DA:69,0
DA:72,0
DA:79,0
DA:80,0
DA:83,0
DA:94,0
DA:100,0
DA:101,0
DA:103,0
DA:104,0
DA:108,0
DA:112,0
DA:113,0
DA:115,0
DA:116,0
DA:120,0
DA:127,0
DA:128,0
DA:131,0
DA:135,0
DA:137,0
DA:138,0
LF:45
LH:0
BRDA:21,0,0,0
BRDA:21,0,1,0
BRDA:42,1,0,0
BRDA:42,1,1,0
BRDA:48,2,0,0
BRDA:48,2,1,0
BRDA:49,3,0,0
BRDA:49,3,1,0
BRDA:64,4,0,0
BRDA:64,4,1,0
BRDA:79,5,0,0
BRDA:79,5,1,0
BRDA:96,6,0,0
BRDA:96,6,1,0
BRDA:97,7,0,0
BRDA:97,7,1,0
BRDA:100,8,0,0
BRDA:100,8,1,0
BRDA:115,9,0,0
BRDA:115,9,1,0
BRDA:127,10,0,0
BRDA:127,10,1,0
BRF:22
BRH:0
end_of_record
TN:
SF:app\api\video\process\route.ts
FN:19,POST
FN:143,(anonymous_4)
FN:144,(anonymous_5)
FN:168,(anonymous_6)
FN:184,GET
FNF:5
FNH:0
FNDA:0,POST
FNDA:0,(anonymous_4)
FNDA:0,(anonymous_5)
FNDA:0,(anonymous_6)
FNDA:0,GET
DA:1,0
DA:2,0
DA:3,0
DA:4,0
DA:5,0
DA:6,0
DA:7,0
DA:11,0
DA:14,0
DA:17,0
DA:19,0
DA:20,0
DA:22,0
DA:23,0
DA:24,0
DA:31,0
DA:32,0
DA:33,0
DA:40,0
DA:41,0
DA:42,0
DA:43,0
DA:45,0
DA:46,0
DA:53,0
DA:54,0
DA:55,0
DA:62,0
DA:63,0
DA:66,0
DA:67,0
DA:68,0
DA:72,0
DA:74,0
DA:76,0
DA:84,0
DA:87,0
DA:92,0
DA:95,0
DA:101,0
DA:104,0
DA:109,0
DA:112,0
DA:117,0
DA:120,0
DA:126,0
DA:128,0
DA:134,0
DA:136,0
DA:143,0
DA:144,0
DA:146,0
DA:155,0
DA:158,0
DA:162,0
DA:168,0
DA:170,0
DA:176,0
DA:177,0
DA:184,0
DA:185,0
DA:187,0
DA:188,0
DA:189,0
DA:196,0
DA:197,0
DA:199,0
DA:200,0
DA:207,0
DA:208,0
DA:210,0
DA:215,0
DA:216,0
LF:73
LH:0
BRDA:23,0,0,0
BRDA:23,0,1,0
BRDA:32,1,0,0
BRDA:32,1,1,0
BRDA:43,2,0,0
BRDA:43,2,1,0
BRDA:45,3,0,0
BRDA:45,3,1,0
BRDA:54,4,0,0
BRDA:54,4,1,0
BRDA:74,5,0,0
BRDA:74,5,1,0
BRDA:74,5,2,0
BRDA:74,5,3,0
BRDA:74,5,4,0
BRDA:74,5,5,0
BRDA:79,6,0,0
BRDA:79,6,1,0
BRDA:80,7,0,0
BRDA:80,7,1,0
BRDA:90,8,0,0
BRDA:90,8,1,0
BRDA:107,9,0,0
BRDA:107,9,1,0
BRDA:115,10,0,0
BRDA:115,10,1,0
BRDA:126,11,0,0
BRDA:126,11,1,0
BRDA:126,12,0,0
BRDA:126,12,1,0
BRDA:134,13,0,0
BRDA:134,13,1,0
BRDA:138,14,0,0
BRDA:138,14,1,0
BRDA:139,15,0,0
BRDA:139,15,1,0
BRDA:164,16,0,0
BRDA:164,16,1,0
BRDA:188,17,0,0
BRDA:188,17,1,0
BRDA:199,18,0,0
BRDA:199,18,1,0
BRF:42
BRH:0
end_of_record
TN:
SF:app\auth\login\page.tsx
FN:14,LoginPage
FN:20,(anonymous_3)
FN:25,(anonymous_4)
FN:32,(anonymous_5)
FN:97,(anonymous_6)
FN:113,(anonymous_7)
FN:122,(anonymous_8)
FNF:7
FNH:0
FNDA:0,LoginPage
FNDA:0,(anonymous_3)
FNDA:0,(anonymous_4)
FNDA:0,(anonymous_5)
FNDA:0,(anonymous_6)
FNDA:0,(anonymous_7)
FNDA:0,(anonymous_8)
DA:5,0
DA:6,0
DA:7,0
DA:8,0
DA:9,0
DA:10,0
DA:11,0
DA:12,0
DA:14,0
DA:15,0
DA:16,0
DA:17,0
DA:18,0
DA:20,0
DA:21,0
DA:22,0
DA:25,0
DA:26,0
DA:28,0
DA:32,0
DA:34,0
DA:97,0
DA:113,0
DA:122,0
LF:24
LH:0
BRDA:110,0,0,0
BRDA:110,0,1,0
BRDA:125,1,0,0
BRDA:144,2,0,0
BRDA:144,2,1,0
BRF:5
BRH:0
end_of_record
TN:
SF:app\auth\mfa\page.tsx
FN:12,MFASetupPage
FN:27,(anonymous_3)
FN:30,(anonymous_4)
FN:89,(anonymous_5)
FN:106,(anonymous_6)
FN:116,(anonymous_7)
FN:138,(anonymous_8)
FNF:7
FNH:0
FNDA:0,MFASetupPage
FNDA:0,(anonymous_3)
FNDA:0,(anonymous_4)
FNDA:0,(anonymous_5)
FNDA:0,(anonymous_6)
FNDA:0,(anonymous_7)
FNDA:0,(anonymous_8)
DA:3,0
DA:4,0
DA:5,0
DA:6,0
DA:7,0
DA:8,0
DA:9,0
DA:10,0
DA:12,0
DA:13,0
DA:14,0
DA:15,0
DA:25,0
DA:27,0
DA:28,0
DA:30,0
DA:31,0
DA:32,0
DA:89,0
DA:106,0
DA:116,0
DA:139,0
LF:22
LH:0
BRDA:53,0,0,0
BRDA:53,0,1,0
BRDA:54,1,0,0
BRDA:54,1,1,0
BRDA:55,2,0,0
BRDA:55,2,1,0
BRDA:58,3,0,0
BRDA:58,3,1,0
BRDA:59,4,0,0
BRDA:59,4,1,0
BRDA:60,5,0,0
BRDA:60,5,1,0
BRDA:64,6,0,0
BRDA:96,7,0,0
BRDA:112,8,0,0
BRDA:112,8,1,0
BRDA:113,9,0,0
BRDA:113,9,1,0
BRDA:123,10,0,0
BRF:19
BRH:0
end_of_record
TN:
SF:app\auth\signup\page.tsx
FN:14,SignupPage
FN:25,(anonymous_3)
FN:30,(anonymous_4)
FN:37,(anonymous_5)
FN:42,(anonymous_6)
FN:43,(anonymous_7)
FN:106,(anonymous_8)
FN:122,(anonymous_9)
FN:138,(anonymous_10)
FN:147,(anonymous_11)
FN:167,(anonymous_12)
FN:176,(anonymous_13)
FNF:12
FNH:0
FNDA:0,SignupPage
FNDA:0,(anonymous_3)
FNDA:0,(anonymous_4)
FNDA:0,(anonymous_5)
FNDA:0,(anonymous_6)
FNDA:0,(anonymous_7)
FNDA:0,(anonymous_8)
FNDA:0,(anonymous_9)
FNDA:0,(anonymous_10)
FNDA:0,(anonymous_11)
FNDA:0,(anonymous_12)
FNDA:0,(anonymous_13)
DA:5,0
DA:6,0
DA:7,0
DA:8,0
DA:9,0
DA:10,0
DA:11,0
DA:12,0
DA:14,0
DA:15,0
DA:21,0
DA:22,0
DA:23,0
DA:25,0
DA:26,0
DA:27,0
DA:30,0
DA:31,0
DA:33,0
DA:37,0
DA:39,0
DA:42,0
DA:43,0
DA:106,0
DA:122,0
DA:138,0
DA:147,0
DA:167,0
DA:176,0
LF:29
LH:0
BRDA:135,0,0,0
BRDA:135,0,1,0
BRDA:150,1,0,0
BRDA:164,2,0,0
BRDA:164,2,1,0
BRDA:179,3,0,0
BRDA:202,4,0,0
BRDA:202,4,1,0
BRF:8
BRH:0
end_of_record
TN:
SF:app\dashboard\layout.tsx
FN:3,DashboardLayout
FNF:1
FNH:0
FNDA:0,DashboardLayout
DA:3,0
LF:1
LH:0
BRF:0
BRH:0
end_of_record
TN:
SF:app\dashboard\loading.tsx
FN:1,Loading
FNF:1
FNH:0
FNDA:0,Loading
DA:1,0
DA:2,0
LF:2
LH:0
BRF:0
BRH:0
end_of_record
TN:
SF:app\dashboard\page.tsx
FN:77,DashboardPage
FN:81,(anonymous_2)
FN:144,(anonymous_3)
FN:208,(anonymous_4)
FN:304,(anonymous_5)
FN:313,(anonymous_6)
FNF:6
FNH:0
FNDA:0,DashboardPage
FNDA:0,(anonymous_2)
FNDA:0,(anonymous_3)
FNDA:0,(anonymous_4)
FNDA:0,(anonymous_5)
FNDA:0,(anonymous_6)
DA:3,0
DA:4,0
DA:5,0
DA:6,0
DA:7,0
DA:8,0
DA:9,0
DA:10,0
DA:11,0
DA:14,0
DA:77,0
DA:78,0
DA:79,0
DA:81,0
DA:83,0
DA:84,0
DA:85,0
DA:86,0
DA:87,0
DA:144,0
DA:209,0
DA:304,0
DA:313,0
LF:23
LH:0
BRDA:84,0,0,0
BRDA:84,0,1,0
BRDA:102,1,0,0
BRDA:102,1,1,0
BRDA:105,2,0,0
BRDA:105,2,1,0
BRDA:130,3,0,0
BRDA:212,4,0,0
BRDA:212,4,1,0
BRDA:230,5,0,0
BRDA:230,5,1,0
BRDA:232,6,0,0
BRDA:232,6,1,0
BRDA:290,7,0,0
BRF:14
BRH:0
end_of_record
TN:
SF:app\dashboard\ai\page.tsx
FN:15,AIFeaturesPage
FN:23,(anonymous_2)
FN:28,(anonymous_3)
FN:29,(anonymous_4)
FN:40,(anonymous_5)
FN:44,(anonymous_6)
FN:92,(anonymous_7)
FN:126,(anonymous_8)
FN:131,(anonymous_9)
FN:149,(anonymous_10)
FN:154,(anonymous_11)
FN:255,(anonymous_12)
FN:280,(anonymous_13)
FN:334,(anonymous_14)
FN:364,(anonymous_15)
FN:428,(anonymous_16)
FNF:16
FNH:0
FNDA:0,AIFeaturesPage
FNDA:0,(anonymous_2)
FNDA:0,(anonymous_3)
FNDA:0,(anonymous_4)
FNDA:0,(anonymous_5)
FNDA:0,(anonymous_6)
FNDA:0,(anonymous_7)
FNDA:0,(anonymous_8)
FNDA:0,(anonymous_9)
FNDA:0,(anonymous_10)
FNDA:0,(anonymous_11)
FNDA:0,(anonymous_12)
FNDA:0,(anonymous_13)
FNDA:0,(anonymous_14)
FNDA:0,(anonymous_15)
FNDA:0,(anonymous_16)
DA:3,0
DA:4,0
DA:5,0
DA:6,0
DA:7,0
DA:8,0
DA:9,0
DA:10,0
DA:11,0
DA:12,0
DA:13,0
DA:15,0
DA:16,0
DA:17,0
DA:18,0
DA:19,0
DA:20,0
DA:21,0
DA:23,0
DA:24,0
DA:25,0
DA:28,0
DA:29,0
DA:30,0
DA:31,0
DA:32,0
DA:33,0
DA:35,0
DA:40,0
DA:41,0
DA:42,0
DA:44,0
DA:92,0
DA:127,0
DA:131,0
DA:150,0
DA:154,0
DA:256,0
DA:281,0
DA:335,0
DA:365,0
DA:429,0
LF:42
LH:0
BRDA:30,0,0,0
BRDA:30,0,1,0
BRDA:41,1,0,0
BRDA:41,1,1,0
BRDA:129,2,0,0
BRDA:129,2,1,0
BRDA:172,3,0,0
BRDA:172,3,1,0
BRDA:175,4,0,0
BRDA:188,5,0,0
BRDA:438,6,0,0
BRDA:438,6,1,0
BRDA:438,7,0,0
BRDA:438,7,1,0
BRF:14
BRH:0
end_of_record
TN:
SF:app\dashboard\analytics\page.tsx
FN:12,AnalyticsPage
FN:179,(anonymous_2)
FN:216,(anonymous_3)
FN:283,(anonymous_4)
FNF:4
FNH:0
FNDA:0,AnalyticsPage
FNDA:0,(anonymous_2)
FNDA:0,(anonymous_3)
FNDA:0,(anonymous_4)
DA:3,0
DA:4,0
DA:5,0
DA:6,0
DA:7,0
DA:8,0
DA:9,0
DA:10,0
DA:12,0
DA:13,0
DA:16,0
DA:23,0
DA:32,0
DA:179,0
DA:217,0
DA:284,0
LF:16
LH:0
BRDA:17,0,0,0
BRDA:17,0,1,0
BRDA:18,1,0,0
BRDA:18,1,1,0
BRDA:19,2,0,0
BRDA:19,2,1,0
BRDA:20,3,0,0
BRDA:20,3,1,0
BRDA:92,4,0,0
BRDA:92,4,1,0
BRDA:93,5,0,0
BRDA:93,5,1,0
BRDA:96,6,0,0
BRDA:100,7,0,0
BRDA:100,7,1,0
BRDA:117,8,0,0
BRDA:117,8,1,0
BRDA:118,9,0,0
BRDA:118,9,1,0
BRDA:121,10,0,0
BRDA:125,11,0,0
BRDA:125,11,1,0
BRDA:143,12,0,0
BRDA:143,12,1,0
BRDA:164,13,0,0
BRDA:164,13,1,0
BRDA:167,14,0,0
BRDA:171,15,0,0
BRDA:171,15,1,0
BRDA:179,16,0,0
BRDA:189,17,0,0
BRDA:194,18,0,0
BRF:32
BRH:0
end_of_record
TN:
SF:app\dashboard\billing\page.tsx
FN:10,BillingPage
FN:47,(anonymous_2)
FN:69,(anonymous_3)
FN:225,(anonymous_4)
FNF:4
FNH:0
FNDA:0,BillingPage
FNDA:0,(anonymous_2)
FNDA:0,(anonymous_3)
FNDA:0,(anonymous_4)
DA:3,0
DA:4,0
DA:5,0
DA:6,0
DA:7,0
DA:8,0
DA:10,0
DA:11,0
DA:14,0
DA:23,0
DA:47,0
DA:48,0
DA:49,0
DA:50,0
DA:58,0
DA:60,0
DA:63,0
DA:65,0
DA:69,0
DA:70,0
DA:71,0
DA:72,0
DA:80,0
DA:81,0
DA:82,0
DA:85,0
DA:87,0
DA:226,0
LF:28
LH:0
BRDA:58,0,0,0
BRDA:58,0,1,0
BRDA:81,1,0,0
BRDA:81,1,1,0
BRDA:113,2,0,0
BRDA:113,2,1,0
BRDA:127,3,0,0
BRDA:149,4,0,0
BRDA:230,5,0,0
BRDA:243,6,0,0
BRDA:243,6,1,0
BRF:11
BRH:0
end_of_record
TN:
SF:app\dashboard\collaborate\loading.tsx
FN:1,Loading
FNF:1
FNH:0
FNDA:0,Loading
DA:1,0
DA:2,0
LF:2
LH:0
BRF:0
BRH:0
end_of_record
TN:
SF:app\dashboard\collaborate\page.tsx
FN:110,CollaborationPage
FN:113,(anonymous_2)
FN:113,(anonymous_3)
FN:116,(anonymous_4)
FN:117,(anonymous_5)
FN:118,(anonymous_6)
FN:119,(anonymous_7)
FN:127,(anonymous_8)
FN:130,(anonymous_9)
FN:137,(anonymous_10)
FN:224,(anonymous_11)
FN:225,(anonymous_12)
FN:240,(anonymous_13)
FN:254,(anonymous_14)
FN:285,(anonymous_15)
FN:312,(anonymous_16)
FN:361,(anonymous_17)
FN:372,(anonymous_18)
FN:380,(anonymous_19)
FN:419,(anonymous_20)
FN:426,(anonymous_21)
FN:446,(anonymous_22)
FN:448,(anonymous_23)
FNF:23
FNH:0
FNDA:0,CollaborationPage
FNDA:0,(anonymous_2)
FNDA:0,(anonymous_3)
FNDA:0,(anonymous_4)
FNDA:0,(anonymous_5)
FNDA:0,(anonymous_6)
FNDA:0,(anonymous_7)
FNDA:0,(anonymous_8)
FNDA:0,(anonymous_9)
FNDA:0,(anonymous_10)
FNDA:0,(anonymous_11)
FNDA:0,(anonymous_12)
FNDA:0,(anonymous_13)
FNDA:0,(anonymous_14)
FNDA:0,(anonymous_15)
FNDA:0,(anonymous_16)
FNDA:0,(anonymous_17)
FNDA:0,(anonymous_18)
FNDA:0,(anonymous_19)
FNDA:0,(anonymous_20)
FNDA:0,(anonymous_21)
FNDA:0,(anonymous_22)
FNDA:0,(anonymous_23)
DA:3,0
DA:4,0
DA:5,0
DA:6,0
DA:7,0
DA:21,0
DA:22,0
DA:23,0
DA:24,0
DA:26,0
DA:59,0
DA:86,0
DA:110,0
DA:111,0
DA:112,0
DA:113,0
DA:116,0
DA:117,0
DA:118,0
DA:119,0
DA:127,0
DA:130,0
DA:131,0
DA:132,0
DA:133,0
DA:137,0
DA:138,0
DA:139,0
DA:140,0
DA:224,0
DA:226,0
DA:241,0
DA:254,0
DA:286,0
DA:313,0
DA:361,0
DA:373,0
DA:380,0
DA:420,0
DA:426,0
DA:446,0
DA:448,0
LF:42
LH:0
BRDA:131,0,0,0
BRDA:131,0,1,0
BRDA:138,1,0,0
BRDA:138,1,1,0
BRDA:227,2,0,0
BRDA:227,2,1,0
BRDA:317,3,0,0
BRDA:317,3,1,0
BRDA:332,4,0,0
BRDA:332,4,1,0
BRDA:376,5,0,0
BRDA:376,5,1,0
BRDA:386,6,0,0
BRDA:386,6,1,0
BRDA:393,7,0,0
BRDA:396,8,0,0
BRDA:396,8,1,0
BRDA:422,9,0,0
BRDA:422,9,1,0
BRDA:448,10,0,0
BRDA:448,10,1,0
BRF:21
BRH:0
end_of_record
TN:
SF:app\dashboard\editor\page.tsx
FN:9,VideoEditorPage
FNF:1
FNH:0
FNDA:0,VideoEditorPage
DA:1,0
DA:2,0
DA:3,0
DA:4,0
DA:5,0
DA:6,0
DA:7,0
DA:9,0
LF:8
LH:0
BRF:0
BRH:0
end_of_record
TN:
SF:app\dashboard\media\loading.tsx
FN:1,Loading
FNF:1
FNH:0
FNDA:0,Loading
DA:1,0
DA:2,0
LF:2
LH:0
BRF:0
BRH:0
end_of_record
TN:
SF:app\dashboard\media\page.tsx
FN:113,MediaLibraryPage
FN:119,(anonymous_2)
FN:132,(anonymous_3)
FN:159,(anonymous_4)
FN:185,(anonymous_5)
FN:193,(anonymous_6)
FN:212,(anonymous_7)
FN:217,(anonymous_8)
FN:222,(anonymous_9)
FN:260,(anonymous_10)
FN:299,(anonymous_11)
FNF:11
FNH:0
FNDA:0,MediaLibraryPage
FNDA:0,(anonymous_2)
FNDA:0,(anonymous_3)
FNDA:0,(anonymous_4)
FNDA:0,(anonymous_5)
FNDA:0,(anonymous_6)
FNDA:0,(anonymous_7)
FNDA:0,(anonymous_8)
FNDA:0,(anonymous_9)
FNDA:0,(anonymous_10)
FNDA:0,(anonymous_11)
DA:3,0
DA:4,0
DA:5,0
DA:6,0
DA:7,0
DA:8,0
DA:26,0
DA:27,0
DA:28,0
DA:30,0
DA:105,0
DA:113,0
DA:114,0
DA:115,0
DA:116,0
DA:117,0
DA:119,0
DA:120,0
DA:132,0
DA:133,0
DA:134,0
DA:135,0
DA:136,0
DA:159,0
DA:185,0
DA:193,0
DA:212,0
DA:218,0
DA:222,0
DA:261,0
DA:300,0
LF:31
LH:0
BRDA:134,0,0,0
BRDA:134,0,1,0
BRDA:135,1,0,0
BRDA:135,1,1,0
BRDA:135,2,0,0
BRDA:135,2,1,0
BRDA:136,3,0,0
BRDA:136,3,1,0
BRDA:136,3,2,0
BRDA:183,4,0,0
BRDA:183,4,1,0
BRDA:186,5,0,0
BRDA:186,5,1,0
BRDA:191,6,0,0
BRDA:191,6,1,0
BRDA:194,7,0,0
BRDA:194,7,1,0
BRDA:210,8,0,0
BRDA:210,8,1,0
BRDA:220,9,0,0
BRDA:220,9,1,0
BRDA:259,10,0,0
BRDA:264,11,0,0
BRDA:264,11,1,0
BRDA:278,12,0,0
BRDA:281,13,0,0
BRDA:288,14,0,0
BRDA:288,14,1,0
BRDA:288,15,0,0
BRDA:288,15,1,0
BRDA:305,16,0,0
BRDA:305,16,1,0
BRDA:313,17,0,0
BRDA:314,18,0,0
BRF:34
BRH:0
end_of_record
TN:
SF:app\dashboard\referrals\page.tsx
FN:25,ReferralsPage
FN:55,(anonymous_2)
FN:58,(anonymous_3)
FN:61,(anonymous_4)
FN:92,(anonymous_5)
FN:230,(anonymous_6)
FN:234,(anonymous_7)
FN:238,(anonymous_8)
FN:242,(anonymous_9)
FN:266,(anonymous_10)
FN:279,(anonymous_11)
FN:298,(anonymous_12)
FN:343,(anonymous_13)
FNF:13
FNH:0
FNDA:0,ReferralsPage
FNDA:0,(anonymous_2)
FNDA:0,(anonymous_3)
FNDA:0,(anonymous_4)
FNDA:0,(anonymous_5)
FNDA:0,(anonymous_6)
FNDA:0,(anonymous_7)
FNDA:0,(anonymous_8)
FNDA:0,(anonymous_9)
FNDA:0,(anonymous_10)
FNDA:0,(anonymous_11)
FNDA:0,(anonymous_12)
FNDA:0,(anonymous_13)
DA:3,0
DA:4,0
DA:5,0
DA:6,0
DA:7,0
DA:8,0
DA:9,0
DA:22,0
DA:23,0
DA:25,0
DA:26,0
DA:27,0
DA:30,0
DA:40,0
DA:48,0
DA:55,0
DA:56,0
DA:57,0
DA:58,0
DA:61,0
DA:62,0
DA:63,0
DA:65,0
DA:72,0
DA:92,0
DA:230,0
DA:234,0
DA:238,0
DA:242,0
DA:266,0
DA:279,0
DA:299,0
DA:344,0
LF:33
LH:0
BRDA:224,0,0,0
BRDA:225,1,0,0
BRDA:225,1,1,0
BRDA:315,2,0,0
BRDA:315,2,1,0
BRDA:317,3,0,0
BRDA:317,3,1,0
BRDA:346,4,0,0
BRDA:346,4,1,0
BRDA:355,5,0,0
BRF:10
BRH:0
end_of_record
TN:
SF:app\dashboard\templates\loading.tsx
FN:1,Loading
FNF:1
FNH:0
FNDA:0,Loading
DA:1,0
DA:2,0
LF:2
LH:0
BRF:0
BRH:0
end_of_record
TN:
SF:app\dashboard\templates\page.tsx
FN:103,TemplatesPage
FN:109,(anonymous_2)
FN:112,(anonymous_3)
FN:117,(anonymous_4)
FN:146,(anonymous_5)
FN:152,(anonymous_6)
FN:164,(anonymous_7)
FN:184,(anonymous_8)
FN:186,(anonymous_9)
FN:239,(anonymous_10)
FN:246,(anonymous_11)
FN:262,(anonymous_12)
FN:268,(anonymous_13)
FN:317,(anonymous_14)
FN:323,(anonymous_15)
FNF:15
FNH:0
FNDA:0,TemplatesPage
FNDA:0,(anonymous_2)
FNDA:0,(anonymous_3)
FNDA:0,(anonymous_4)
FNDA:0,(anonymous_5)
FNDA:0,(anonymous_6)
FNDA:0,(anonymous_7)
FNDA:0,(anonymous_8)
FNDA:0,(anonymous_9)
FNDA:0,(anonymous_10)
FNDA:0,(anonymous_11)
FNDA:0,(anonymous_12)
FNDA:0,(anonymous_13)
FNDA:0,(anonymous_14)
FNDA:0,(anonymous_15)
DA:3,0
DA:4,0
DA:5,0
DA:6,0
DA:7,0
DA:8,0
DA:9,0
DA:10,0
DA:11,0
DA:13,0
DA:22,0
DA:103,0
DA:104,0
DA:105,0
DA:106,0
DA:107,0
DA:109,0
DA:111,0
DA:112,0
DA:113,0
DA:114,0
DA:117,0
DA:118,0
DA:120,0
DA:121,0
DA:123,0
DA:146,0
DA:152,0
DA:165,0
DA:184,0
DA:187,0
DA:240,0
DA:246,0
DA:262,0
DA:269,0
DA:317,0
DA:323,0
LF:37
LH:0
BRDA:111,0,0,0
BRDA:111,0,1,0
BRDA:113,1,0,0
BRDA:113,1,1,0
BRDA:114,2,0,0
BRDA:114,2,1,0
BRDA:118,3,0,0
BRDA:118,3,1,0
BRDA:118,4,0,0
BRDA:118,4,1,0
BRDA:176,5,0,0
BRDA:190,6,0,0
BRDA:190,6,1,0
BRDA:204,7,0,0
BRDA:260,8,0,0
BRDA:260,8,1,0
BRDA:272,9,0,0
BRDA:272,9,1,0
BRDA:282,10,0,0
BRDA:285,11,0,0
BRDA:302,12,0,0
BRDA:302,12,1,0
BRDA:313,13,0,0
BRDA:312,14,0,0
BRDA:312,14,1,0
BRF:25
BRH:0
end_of_record
TN:
SF:app\docs\page.tsx
FN:8,DocsPage
FN:126,(anonymous_2)
FN:144,(anonymous_3)
FN:157,(anonymous_4)
FNF:4
FNH:0
FNDA:0,DocsPage
FNDA:0,(anonymous_2)
FNDA:0,(anonymous_3)
FNDA:0,(anonymous_4)
DA:3,0
DA:4,0
DA:5,0
DA:6,0
DA:8,0
DA:9,0
DA:84,0
DA:127,0
DA:145,0
DA:158,0
LF:10
LH:0
BRDA:133,0,0,0
BRDA:167,1,0,0
BRDA:168,2,0,0
BRF:3
BRH:0
end_of_record
TN:
SF:app\docs\api\page.tsx
FN:26,APIDocsPage
FN:127,(anonymous_2)
FN:130,(anonymous_3)
FN:366,(anonymous_4)
FN:372,(anonymous_5)
FN:402,(anonymous_6)
FN:404,(anonymous_7)
FN:409,(anonymous_8)
FN:411,(anonymous_9)
FN:413,(anonymous_10)
FN:421,(anonymous_11)
FN:422,(anonymous_12)
FN:510,(anonymous_13)
FN:520,(anonymous_14)
FN:523,(anonymous_15)
FN:535,(anonymous_16)
FN:552,(anonymous_17)
FN:557,(anonymous_18)
FN:573,(anonymous_19)
FNF:19
FNH:0
FNDA:0,APIDocsPage
FNDA:0,(anonymous_2)
FNDA:0,(anonymous_3)
FNDA:0,(anonymous_4)
FNDA:0,(anonymous_5)
FNDA:0,(anonymous_6)
FNDA:0,(anonymous_7)
FNDA:0,(anonymous_8)
FNDA:0,(anonymous_9)
FNDA:0,(anonymous_10)
FNDA:0,(anonymous_11)
FNDA:0,(anonymous_12)
FNDA:0,(anonymous_13)
FNDA:0,(anonymous_14)
FNDA:0,(anonymous_15)
FNDA:0,(anonymous_16)
FNDA:0,(anonymous_17)
FNDA:0,(anonymous_18)
FNDA:0,(anonymous_19)
DA:3,0
DA:4,0
DA:5,0
DA:6,0
DA:7,0
DA:8,0
DA:9,0
DA:24,0
DA:26,0
DA:27,0
DA:28,0
DA:29,0
DA:37,0
DA:88,0
DA:124,0
DA:125,0
DA:127,0
DA:128,0
DA:129,0
DA:130,0
DA:367,0
DA:372,0
DA:402,0
DA:404,0
DA:409,0
DA:411,0
DA:413,0
DA:421,0
DA:422,0
DA:510,0
DA:520,0
DA:524,0
DA:535,0
DA:553,0
DA:557,0
DA:573,0
LF:36
LH:0
BRDA:370,0,0,0
BRDA:370,0,1,0
BRDA:377,1,0,0
BRDA:377,1,1,0
BRDA:379,2,0,0
BRDA:379,2,1,0
BRDA:402,3,0,0
BRDA:402,3,1,0
BRDA:404,4,0,0
BRDA:404,4,1,0
BRDA:427,5,0,0
BRDA:555,6,0,0
BRDA:555,6,1,0
BRDA:575,7,0,0
BRF:14
BRH:0
end_of_record
TN:
SF:app\help\loading.tsx
FN:1,Loading
FNF:1
FNH:0
FNDA:0,Loading
DA:1,0
DA:2,0
LF:2
LH:0
BRF:0
BRH:0
end_of_record
TN:
SF:app\help\page.tsx
FN:27,HelpPage
FN:114,(anonymous_2)
FN:121,(anonymous_3)
FN:142,(anonymous_4)
FN:150,(anonymous_5)
FN:176,(anonymous_6)
FN:197,(anonymous_7)
FN:231,(anonymous_8)
FN:240,(anonymous_9)
FN:254,(anonymous_10)
FN:267,(anonymous_11)
FN:300,(anonymous_12)
FNF:12
FNH:0
FNDA:0,HelpPage
FNDA:0,(anonymous_2)
FNDA:0,(anonymous_3)
FNDA:0,(anonymous_4)
FNDA:0,(anonymous_5)
FNDA:0,(anonymous_6)
FNDA:0,(anonymous_7)
FNDA:0,(anonymous_8)
FNDA:0,(anonymous_9)
FNDA:0,(anonymous_10)
FNDA:0,(anonymous_11)
FNDA:0,(anonymous_12)
DA:5,0
DA:6,0
DA:7,0
DA:8,0
DA:9,0
DA:10,0
DA:11,0
DA:25,0
DA:27,0
DA:28,0
DA:29,0
DA:36,0
DA:75,0
DA:107,0
DA:114,0
DA:115,0
DA:117,0
DA:120,0
DA:122,0
DA:142,0
DA:151,0
DA:177,0
DA:198,0
DA:231,0
DA:240,0
DA:254,0
DA:267,0
DA:301,0
LF:28
LH:0
BRDA:122,0,0,0
BRDA:122,0,1,0
BRF:2
BRH:0
end_of_record
TN:
SF:app\legal\page.tsx
FN:7,LegalHub
FNF:1
FNH:0
FNDA:0,LegalHub
DA:1,0
DA:2,0
DA:3,0
DA:4,0
DA:5,0
DA:7,0
LF:6
LH:0
BRF:0
BRH:0
end_of_record
TN:
SF:app\onboarding\page.tsx
FN:26,OnboardingPage
FN:58,(anonymous_3)
FN:59,(anonymous_4)
FN:61,(anonymous_5)
FN:65,(anonymous_6)
FN:71,(anonymous_7)
FN:77,(anonymous_8)
FN:125,(anonymous_9)
FN:125,(anonymous_10)
FN:134,(anonymous_11)
FN:134,(anonymous_12)
FN:145,(anonymous_13)
FN:145,(anonymous_14)
FN:155,(anonymous_15)
FN:155,(anonymous_16)
FN:171,(anonymous_17)
FN:177,(anonymous_18)
FN:202,(anonymous_19)
FN:202,(anonymous_20)
FN:205,(anonymous_21)
FN:234,(anonymous_22)
FN:234,(anonymous_23)
FNF:22
FNH:0
FNDA:0,OnboardingPage
FNDA:0,(anonymous_3)
FNDA:0,(anonymous_4)
FNDA:0,(anonymous_5)
FNDA:0,(anonymous_6)
FNDA:0,(anonymous_7)
FNDA:0,(anonymous_8)
FNDA:0,(anonymous_9)
FNDA:0,(anonymous_10)
FNDA:0,(anonymous_11)
FNDA:0,(anonymous_12)
FNDA:0,(anonymous_13)
FNDA:0,(anonymous_14)
FNDA:0,(anonymous_15)
FNDA:0,(anonymous_16)
FNDA:0,(anonymous_17)
FNDA:0,(anonymous_18)
FNDA:0,(anonymous_19)
FNDA:0,(anonymous_20)
FNDA:0,(anonymous_21)
FNDA:0,(anonymous_22)
FNDA:0,(anonymous_23)
DA:3,0
DA:4,0
DA:5,0
DA:6,0
DA:7,0
DA:8,0
DA:9,0
DA:23,0
DA:24,0
DA:26,0
DA:27,0
DA:28,0
DA:39,0
DA:40,0
DA:42,0
DA:50,0
DA:58,0
DA:59,0
DA:61,0
DA:65,0
DA:66,0
DA:67,0
DA:71,0
DA:72,0
DA:73,0
DA:77,0
DA:79,0
DA:80,0
DA:125,0
DA:134,0
DA:145,0
DA:155,0
DA:172,0
DA:177,0
DA:202,0
DA:206,0
DA:234,0
LF:37
LH:0
BRDA:61,0,0,0
BRDA:61,0,1,0
BRDA:66,1,0,0
BRDA:66,1,1,0
BRDA:72,2,0,0
BRDA:72,2,1,0
BRDA:112,3,0,0
BRDA:163,4,0,0
BRDA:175,5,0,0
BRDA:175,5,1,0
BRDA:182,6,0,0
BRDA:193,7,0,0
BRDA:225,8,0,0
BRDA:283,9,0,0
BRDA:362,10,0,0
BRF:15
BRH:0
end_of_record
TN:
SF:app\privacy\page.tsx
FN:5,PrivacyPolicy
FNF:1
FNH:0
FNDA:0,PrivacyPolicy
DA:1,0
DA:2,0
DA:3,0
DA:5,0
LF:4
LH:0
BRF:0
BRH:0
end_of_record
TN:
SF:app\terms\page.tsx
FN:5,TermsOfService
FNF:1
FNH:0
FNDA:0,TermsOfService
DA:1,0
DA:2,0
DA:3,0
DA:5,0
LF:4
LH:0
BRF:0
BRH:0
end_of_record
TN:
SF:app\unauthorized\page.tsx
FN:6,UnauthorizedPage
FNF:1
FNH:0
FNDA:0,UnauthorizedPage
DA:1,0
DA:2,0
DA:3,0
DA:4,0
DA:6,0
LF:5
LH:0
BRF:0
BRH:0
end_of_record
TN:
SF:components\ClientDarkModeToggle.tsx
FN:5,(anonymous_5)
FN:5,(anonymous_6)
FN:14,ClientDarkModeToggle
FNF:3
FNH:0
FNDA:0,(anonymous_5)
FNDA:0,(anonymous_6)
FNDA:0,ClientDarkModeToggle
DA:3,0
DA:5,0
DA:14,0
DA:15,0
LF:4
LH:0
BRF:0
BRH:0
end_of_record
TN:
SF:components\CollaborationRoom.tsx
FN:71,CollaborationRoom
FN:92,(anonymous_6)
FN:96,(anonymous_7)
FN:101,(anonymous_8)
FN:108,(anonymous_9)
FN:114,(anonymous_10)
FN:119,(anonymous_11)
FN:124,(anonymous_12)
FN:129,(anonymous_13)
FN:134,(anonymous_14)
FN:139,(anonymous_15)
FN:141,(anonymous_16)
FN:144,(anonymous_17)
FN:146,(anonymous_18)
FN:149,(anonymous_19)
FN:150,(anonymous_20)
FN:151,(anonymous_21)
FN:156,(anonymous_22)
FN:160,(anonymous_23)
FN:163,(anonymous_24)
FN:168,(anonymous_25)
FN:170,(anonymous_26)
FN:171,(anonymous_27)
FN:179,(anonymous_28)
FN:185,(anonymous_29)
FN:199,(anonymous_30)
FN:206,(anonymous_31)
FN:214,(anonymous_32)
FN:223,(anonymous_33)
FN:231,(anonymous_34)
FN:238,(anonymous_35)
FN:246,(anonymous_36)
FN:256,(anonymous_37)
FN:262,(anonymous_38)
FN:321,(anonymous_39)
FN:365,(anonymous_40)
FN:372,(anonymous_41)
FN:396,(anonymous_42)
FN:400,(anonymous_43)
FN:427,(anonymous_44)
FN:457,(anonymous_45)
FNF:41
FNH:0
FNDA:0,CollaborationRoom
FNDA:0,(anonymous_6)
FNDA:0,(anonymous_7)
FNDA:0,(anonymous_8)
FNDA:0,(anonymous_9)
FNDA:0,(anonymous_10)
FNDA:0,(anonymous_11)
FNDA:0,(anonymous_12)
FNDA:0,(anonymous_13)
FNDA:0,(anonymous_14)
FNDA:0,(anonymous_15)
FNDA:0,(anonymous_16)
FNDA:0,(anonymous_17)
FNDA:0,(anonymous_18)
FNDA:0,(anonymous_19)
FNDA:0,(anonymous_20)
FNDA:0,(anonymous_21)
FNDA:0,(anonymous_22)
FNDA:0,(anonymous_23)
FNDA:0,(anonymous_24)
FNDA:0,(anonymous_25)
FNDA:0,(anonymous_26)
FNDA:0,(anonymous_27)
FNDA:0,(anonymous_28)
FNDA:0,(anonymous_29)
FNDA:0,(anonymous_30)
FNDA:0,(anonymous_31)
FNDA:0,(anonymous_32)
FNDA:0,(anonymous_33)
FNDA:0,(anonymous_34)
FNDA:0,(anonymous_35)
FNDA:0,(anonymous_36)
FNDA:0,(anonymous_37)
FNDA:0,(anonymous_38)
FNDA:0,(anonymous_39)
FNDA:0,(anonymous_40)
FNDA:0,(anonymous_41)
FNDA:0,(anonymous_42)
FNDA:0,(anonymous_43)
FNDA:0,(anonymous_44)
FNDA:0,(anonymous_45)
DA:3,0
DA:4,0
DA:5,0
DA:6,0
DA:7,0
DA:8,0
DA:9,0
DA:10,0
DA:25,0
DA:71,0
DA:72,0
DA:73,0
DA:74,0
DA:75,0
DA:76,0
DA:77,0
DA:78,0
DA:79,0
DA:80,0
DA:81,0
DA:82,0
DA:88,0
DA:89,0
DA:92,0
DA:93,0
DA:96,0
DA:97,0
DA:101,0
DA:102,0
DA:103,0
DA:108,0
DA:109,0
DA:110,0
DA:111,0
DA:114,0
DA:115,0
DA:116,0
DA:119,0
DA:120,0
DA:121,0
DA:124,0
DA:125,0
DA:126,0
DA:129,0
DA:130,0
DA:131,0
DA:134,0
DA:135,0
DA:136,0
DA:139,0
DA:140,0
DA:141,0
DA:144,0
DA:145,0
DA:146,0
DA:149,0
DA:150,0
DA:151,0
DA:152,0
DA:156,0
DA:157,0
DA:158,0
DA:160,0
DA:163,0
DA:164,0
DA:165,0
DA:168,0
DA:169,0
DA:170,0
DA:171,0
DA:172,0
DA:177,0
DA:179,0
DA:180,0
DA:185,0
DA:186,0
DA:195,0
DA:199,0
DA:200,0
DA:201,0
DA:206,0
DA:207,0
DA:208,0
DA:209,0
DA:214,0
DA:215,0
DA:216,0
DA:217,0
DA:219,0
DA:220,0
DA:223,0
DA:224,0
DA:225,0
DA:231,0
DA:232,0
DA:233,0
DA:238,0
DA:239,0
DA:240,0
DA:241,0
DA:246,0
DA:247,0
DA:253,0
DA:256,0
DA:257,0
DA:258,0
DA:259,0
DA:262,0
DA:263,0
DA:267,0
DA:322,0
DA:365,0
DA:373,0
DA:397,0
DA:398,0
DA:401,0
DA:402,0
DA:428,0
DA:458,0
LF:119
LH:0
BRDA:102,0,0,0
BRDA:102,0,1,0
BRDA:103,1,0,0
BRDA:103,1,1,0
BRDA:121,2,0,0
BRDA:121,2,1,0
BRDA:126,3,0,0
BRDA:126,3,1,0
BRDA:131,4,0,0
BRDA:131,4,1,0
BRDA:136,5,0,0
BRDA:136,5,1,0
BRDA:169,6,0,0
BRDA:169,6,1,0
BRDA:172,7,0,0
BRDA:172,7,1,0
BRDA:191,8,0,0
BRDA:191,8,1,0
BRDA:200,9,0,0
BRDA:200,9,1,0
BRDA:200,10,0,0
BRDA:200,10,1,0
BRDA:207,11,0,0
BRDA:207,11,1,0
BRDA:207,12,0,0
BRDA:207,12,1,0
BRDA:207,12,2,0
BRDA:215,13,0,0
BRDA:215,13,1,0
BRDA:215,14,0,0
BRDA:215,14,1,0
BRDA:219,15,0,0
BRDA:219,15,1,0
BRDA:232,16,0,0
BRDA:232,16,1,0
BRDA:232,17,0,0
BRDA:232,17,1,0
BRDA:239,18,0,0
BRDA:239,18,1,0
BRDA:239,19,0,0
BRDA:239,19,1,0
BRDA:276,20,0,0
BRDA:276,20,1,0
BRDA:277,21,0,0
BRDA:277,21,1,0
BRDA:302,22,0,0
BRDA:316,23,0,0
BRDA:316,23,1,0
BRDA:342,24,0,0
BRDA:363,25,0,0
BRDA:365,26,0,0
BRDA:365,26,1,0
BRDA:401,27,0,0
BRDA:401,27,1,0
BRDA:437,28,0,0
BRDA:488,29,0,0
BRDA:488,29,1,0
BRF:57
BRH:0
end_of_record
TN:
SF:components\DarkModeToggle.tsx
FN:7,DarkModeToggle
FN:11,(anonymous_5)
FN:19,(anonymous_6)
FNF:3
FNH:0
FNDA:0,DarkModeToggle
FNDA:0,(anonymous_5)
FNDA:0,(anonymous_6)
DA:3,0
DA:4,0
DA:5,0
DA:7,0
DA:8,0
DA:9,0
DA:11,0
DA:12,0
DA:19,0
LF:9
LH:0
BRDA:19,0,0,0
BRDA:19,0,1,0
BRDA:25,1,0,0
BRDA:25,2,0,0
BRDA:25,2,1,0
BRF:5
BRH:0
end_of_record
TN:
SF:components\ErrorBoundary.tsx
FN:17,(anonymous_5)
FN:31,(anonymous_6)
FN:22,(anonymous_7)
FN:26,(anonymous_8)
FN:37,(anonymous_9)
FNF:5
FNH:0
FNDA:0,(anonymous_5)
FNDA:0,(anonymous_6)
FNDA:0,(anonymous_7)
FNDA:0,(anonymous_8)
FNDA:0,(anonymous_9)
DA:3,0
DA:4,0
DA:16,0
DA:18,0
DA:19,0
DA:23,0
DA:27,0
DA:28,0
DA:31,0
DA:32,0
DA:38,0
DA:39,0
DA:40,0
DA:62,0
LF:14
LH:0
BRDA:38,0,0,0
BRDA:38,0,1,0
BRDA:39,1,0,0
BRDA:39,1,1,0
BRDA:49,2,0,0
BRDA:49,2,1,0
BRF:6
BRH:0
end_of_record
TN:
SF:components\LanguageSwitcher.tsx
FN:27,LanguageSwitcher
FN:32,(anonymous_2)
FN:34,(anonymous_3)
FN:52,(anonymous_4)
FN:55,(anonymous_5)
FNF:5
FNH:0
FNDA:0,LanguageSwitcher
FNDA:0,(anonymous_2)
FNDA:0,(anonymous_3)
FNDA:0,(anonymous_4)
FNDA:0,(anonymous_5)
DA:3,0
DA:4,0
DA:5,0
DA:6,0
DA:12,0
DA:14,0
DA:27,0
DA:28,0
DA:29,0
DA:30,0
DA:32,0
DA:34,0
DA:36,0
DA:38,0
DA:53,0
DA:55,0
LF:16
LH:0
BRDA:32,0,0,0
BRDA:32,0,1,0
BRDA:36,1,0,0
BRDA:36,1,1,0
BRDA:57,2,0,0
BRDA:57,2,1,0
BRF:6
BRH:0
end_of_record
TN:
SF:components\ai-editing-panel.tsx
FN:62,AIEditingPanel
FN:95,(anonymous_5)
FN:130,(anonymous_6)
FN:166,(anonymous_7)
FN:205,(anonymous_8)
FN:229,(anonymous_9)
FN:275,(anonymous_10)
FN:299,(anonymous_11)
FN:320,(anonymous_12)
FN:332,(anonymous_13)
FN:360,(anonymous_14)
FN:360,(anonymous_15)
FN:371,(anonymous_16)
FN:371,(anonymous_17)
FN:378,(anonymous_18)
FN:403,(anonymous_19)
FN:403,(anonymous_20)
FN:422,(anonymous_21)
FN:446,(anonymous_22)
FN:446,(anonymous_23)
FN:459,(anonymous_24)
FN:459,(anonymous_25)
FN:470,(anonymous_26)
FN:470,(anonymous_27)
FN:478,(anonymous_28)
FN:506,(anonymous_29)
FN:506,(anonymous_30)
FN:521,(anonymous_31)
FN:521,(anonymous_32)
FN:533,(anonymous_33)
FN:558,(anonymous_34)
FN:558,(anonymous_35)
FN:578,(anonymous_36)
FN:578,(anonymous_37)
FNF:34
FNH:0
FNDA:0,AIEditingPanel
FNDA:0,(anonymous_5)
FNDA:0,(anonymous_6)
FNDA:0,(anonymous_7)
FNDA:0,(anonymous_8)
FNDA:0,(anonymous_9)
FNDA:0,(anonymous_10)
FNDA:0,(anonymous_11)
FNDA:0,(anonymous_12)
FNDA:0,(anonymous_13)
FNDA:0,(anonymous_14)
FNDA:0,(anonymous_15)
FNDA:0,(anonymous_16)
FNDA:0,(anonymous_17)
FNDA:0,(anonymous_18)
FNDA:0,(anonymous_19)
FNDA:0,(anonymous_20)
FNDA:0,(anonymous_21)
FNDA:0,(anonymous_22)
FNDA:0,(anonymous_23)
FNDA:0,(anonymous_24)
FNDA:0,(anonymous_25)
FNDA:0,(anonymous_26)
FNDA:0,(anonymous_27)
FNDA:0,(anonymous_28)
FNDA:0,(anonymous_29)
FNDA:0,(anonymous_30)
FNDA:0,(anonymous_31)
FNDA:0,(anonymous_32)
FNDA:0,(anonymous_33)
FNDA:0,(anonymous_34)
FNDA:0,(anonymous_35)
FNDA:0,(anonymous_36)
FNDA:0,(anonymous_37)
DA:3,0
DA:4,0
DA:5,0
DA:6,0
DA:8,0
DA:9,0
DA:10,0
DA:11,0
DA:12,0
DA:26,0
DA:27,0
DA:62,0
DA:63,0
DA:64,0
DA:65,0
DA:66,0
DA:67,0
DA:68,0
DA:71,0
DA:95,0
DA:96,0
DA:97,0
DA:98,0
DA:101,0
DA:102,0
DA:103,0
DA:115,0
DA:116,0
DA:119,0
DA:120,0
DA:121,0
DA:123,0
DA:124,0
DA:126,0
DA:130,0
DA:131,0
DA:132,0
DA:133,0
DA:136,0
DA:137,0
DA:138,0
DA:151,0
DA:152,0
DA:155,0
DA:156,0
DA:157,0
DA:159,0
DA:160,0
DA:162,0
DA:166,0
DA:167,0
DA:168,0
DA:169,0
DA:172,0
DA:173,0
DA:174,0
DA:190,0
DA:191,0
DA:194,0
DA:195,0
DA:196,0
DA:198,0
DA:199,0
DA:201,0
DA:205,0
DA:206,0
DA:229,0
DA:276,0
DA:299,0
DA:321,0
DA:332,0
DA:360,0
DA:371,0
DA:378,0
DA:403,0
DA:422,0
DA:446,0
DA:459,0
DA:470,0
DA:478,0
DA:506,0
DA:521,0
DA:533,0
DA:558,0
DA:578,0
LF:85
LH:0
BRDA:96,0,0,0
BRDA:96,0,1,0
BRDA:115,1,0,0
BRDA:115,1,1,0
BRDA:131,2,0,0
BRDA:131,2,1,0
BRDA:131,3,0,0
BRDA:131,3,1,0
BRDA:151,4,0,0
BRDA:151,4,1,0
BRDA:167,5,0,0
BRDA:167,5,1,0
BRDA:190,6,0,0
BRDA:190,6,1,0
BRDA:233,7,0,0
BRDA:233,7,1,0
BRDA:235,8,0,0
BRDA:244,9,0,0
BRDA:265,10,0,0
BRDA:265,10,1,0
BRDA:271,11,0,0
BRDA:305,12,0,0
BRDA:305,12,1,0
BRDA:305,12,2,0
BRDA:309,13,0,0
BRDA:317,14,0,0
BRDA:362,15,0,0
BRDA:362,15,1,0
BRDA:373,16,0,0
BRDA:373,16,1,0
BRDA:461,17,0,0
BRDA:461,17,1,0
BRDA:472,18,0,0
BRDA:472,18,1,0
BRDA:483,19,0,0
BRDA:483,19,1,0
BRDA:600,20,0,0
BRDA:630,21,0,0
BRDA:630,21,1,0
BRF:39
BRH:0
end_of_record
TN:
SF:components\ai-prompt-panel.tsx
FN:12,AIPromptPanel
FN:17,(anonymous_2)
FN:20,(anonymous_3)
FN:43,(anonymous_4)
FN:189,(anonymous_5)
FNF:5
FNH:0
FNDA:0,AIPromptPanel
FNDA:0,(anonymous_2)
FNDA:0,(anonymous_3)
FNDA:0,(anonymous_4)
FNDA:0,(anonymous_5)
DA:3,0
DA:4,0
DA:5,0
DA:6,0
DA:7,0
DA:8,0
DA:9,0
DA:10,0
DA:12,0
DA:13,0
DA:14,0
DA:15,0
DA:17,0
DA:18,0
DA:20,0
DA:21,0
DA:43,0
DA:190,0
LF:18
LH:0
BRDA:82,0,0,0
BRDA:82,0,1,0
BRDA:84,1,0,0
BRF:3
BRH:0
end_of_record
TN:
SF:components\auth-provider.tsx
FN:19,AuthProvider
FN:27,AuthContextProvider
FN:31,(anonymous_5)
FN:35,(anonymous_6)
FN:40,(anonymous_7)
FN:45,(anonymous_8)
FN:50,(anonymous_9)
FN:74,useAuth
FNF:8
FNH:0
FNDA:0,AuthProvider
FNDA:0,AuthContextProvider
FNDA:0,(anonymous_5)
FNDA:0,(anonymous_6)
FNDA:0,(anonymous_7)
FNDA:0,(anonymous_8)
FNDA:0,(anonymous_9)
FNDA:0,useAuth
DA:3,0
DA:4,0
DA:6,0
DA:17,0
DA:19,0
DA:28,0
DA:29,0
DA:31,0
DA:32,0
DA:35,0
DA:36,0
DA:37,0
DA:40,0
DA:41,0
DA:42,0
DA:45,0
DA:46,0
DA:47,0
DA:50,0
DA:51,0
DA:52,0
DA:55,0
DA:56,0
DA:74,0
DA:75,0
DA:76,0
DA:77,0
DA:79,0
LF:28
LH:0
BRDA:36,0,0,0
BRDA:36,0,1,0
BRDA:36,1,0,0
BRDA:36,1,1,0
BRDA:41,2,0,0
BRDA:41,2,1,0
BRDA:41,3,0,0
BRDA:41,3,1,0
BRDA:46,4,0,0
BRDA:46,4,1,0
BRDA:46,5,0,0
BRDA:46,5,1,0
BRDA:51,6,0,0
BRDA:51,6,1,0
BRDA:51,7,0,0
BRDA:51,7,1,0
BRDA:55,8,0,0
BRDA:55,8,1,0
BRDA:56,9,0,0
BRDA:56,9,1,0
BRDA:56,9,2,0
BRDA:76,10,0,0
BRDA:76,10,1,0
BRF:23
BRH:0
end_of_record
TN:
SF:components\dashboard-sidebar.tsx
FN:37,DashboardSidebar
FN:68,(anonymous_3)
FN:92,(anonymous_4)
FNF:3
FNH:0
FNDA:0,DashboardSidebar
FNDA:0,(anonymous_3)
FNDA:0,(anonymous_4)
DA:1,0
DA:2,0
DA:3,0
DA:17,0
DA:18,0
DA:19,0
DA:21,0
DA:31,0
DA:37,0
DA:69,0
DA:93,0
LF:11
LH:0
BRDA:74,0,0,0
BRDA:74,0,1,0
BRDA:81,1,0,0
BRF:3
BRH:0
end_of_record
TN:
SF:components\export-panel.tsx
FN:12,ExportPanel
FN:17,(anonymous_2)
FN:22,(anonymous_3)
FN:23,(anonymous_4)
FN:55,(anonymous_5)
FN:62,(anonymous_6)
FN:83,(anonymous_7)
FNF:7
FNH:0
FNDA:0,ExportPanel
FNDA:0,(anonymous_2)
FNDA:0,(anonymous_3)
FNDA:0,(anonymous_4)
FNDA:0,(anonymous_5)
FNDA:0,(anonymous_6)
FNDA:0,(anonymous_7)
DA:3,0
DA:4,0
DA:5,0
DA:6,0
DA:7,0
DA:8,0
DA:9,0
DA:10,0
DA:12,0
DA:13,0
DA:14,0
DA:15,0
DA:17,0
DA:18,0
DA:19,0
DA:22,0
DA:23,0
DA:24,0
DA:25,0
DA:26,0
DA:27,0
DA:29,0
DA:34,0
DA:56,0
DA:62,0
DA:83,0
LF:26
LH:0
BRDA:24,0,0,0
BRDA:24,0,1,0
BRDA:58,1,0,0
BRDA:101,2,0,0
BRDA:146,3,0,0
BRF:5
BRH:0
end_of_record
TN:
SF:components\feature-gate.tsx
FN:16,FeatureGate
FN:48,UsageLimit
FNF:2
FNH:0
FNDA:0,FeatureGate
FNDA:0,UsageLimit
DA:3,0
DA:4,0
DA:5,0
DA:6,0
DA:16,0
DA:17,0
DA:19,0
DA:48,0
DA:49,0
DA:51,0
LF:10
LH:0
BRDA:19,0,0,0
BRDA:19,0,1,0
BRDA:19,1,0,0
BRDA:19,1,1,0
BRDA:21,2,0,0
BRDA:28,3,0,0
BRDA:28,3,1,0
BRDA:51,4,0,0
BRDA:51,4,1,0
BRDA:51,5,0,0
BRDA:51,5,1,0
BRF:11
BRH:0
end_of_record
TN:
SF:components\onboarding-tour.tsx
FN:70,OnboardingTour
FN:74,(anonymous_2)
FN:81,(anonymous_3)
FN:89,(anonymous_4)
FN:95,(anonymous_5)
FN:100,(anonymous_6)
FNF:6
FNH:0
FNDA:0,OnboardingTour
FNDA:0,(anonymous_2)
FNDA:0,(anonymous_3)
FNDA:0,(anonymous_4)
FNDA:0,(anonymous_5)
FNDA:0,(anonymous_6)
DA:3,0
DA:4,0
DA:5,0
DA:6,0
DA:7,0
DA:18,0
DA:70,0
DA:71,0
DA:72,0
DA:74,0
DA:75,0
DA:76,0
DA:77,0
DA:81,0
DA:82,0
DA:83,0
DA:85,0
DA:89,0
DA:90,0
DA:91,0
DA:95,0
DA:96,0
DA:97,0
DA:100,0
DA:101,0
DA:104,0
DA:106,0
DA:107,0
LF:28
LH:0
BRDA:75,0,0,0
BRDA:75,0,1,0
BRDA:82,1,0,0
BRDA:82,1,1,0
BRDA:90,2,0,0
BRDA:90,2,1,0
BRDA:104,3,0,0
BRDA:104,3,1,0
BRDA:121,4,0,0
BRDA:120,5,0,0
BRDA:120,5,1,0
BRDA:152,6,0,0
BRDA:165,7,0,0
BRDA:168,8,0,0
BRDA:168,8,1,0
BRF:15
BRH:0
end_of_record
TN:
SF:components\pricing-card.tsx
FN:20,PricingCard
FN:32,(anonymous_2)
FN:73,(anonymous_3)
FNF:3
FNH:0
FNDA:0,PricingCard
FNDA:0,(anonymous_2)
FNDA:0,(anonymous_3)
DA:3,0
DA:4,0
DA:5,0
DA:6,0
DA:7,0
DA:20,0
DA:30,0
DA:32,0
DA:33,0
DA:35,0
DA:36,0
DA:37,0
DA:48,0
DA:50,0
DA:51,0
DA:54,0
DA:56,0
DA:74,0
LF:18
LH:0
BRDA:28,0,0,0
BRDA:33,1,0,0
BRDA:33,1,1,0
BRDA:50,2,0,0
BRDA:50,2,1,0
BRDA:61,3,0,0
BRDA:61,3,1,0
BRDA:62,4,0,0
BRDA:67,5,0,0
BRDA:81,6,0,0
BRDA:81,6,1,0
BRF:11
BRH:0
end_of_record
TN:
SF:components\protected-route.tsx
FN:20,ProtectedRoute
FN:25,(anonymous_4)
FN:70,UnauthorizedFallback
FN:85,(anonymous_6)
FN:103,PermissionGate
FNF:5
FNH:0
FNDA:0,ProtectedRoute
FNDA:0,(anonymous_4)
FNDA:0,UnauthorizedFallback
FNDA:0,(anonymous_6)
FNDA:0,PermissionGate
DA:5,0
DA:6,0
DA:7,0
DA:8,0
DA:9,0
DA:10,0
DA:11,0
DA:20,0
DA:21,0
DA:22,0
DA:23,0
DA:25,0
DA:26,0
DA:28,0
DA:29,0
DA:30,0
DA:34,0
DA:35,0
DA:36,0
DA:40,0
DA:41,0
DA:42,0
DA:46,0
DA:54,0
DA:59,0
DA:60,0
DA:63,0
DA:64,0
DA:85,0
DA:103,0
DA:104,0
DA:105,0
DA:107,0
DA:110,0
DA:111,0
DA:115,0
DA:116,0
DA:120,0
DA:121,0
LF:39
LH:0
BRDA:20,0,0,0
BRDA:26,1,0,0
BRDA:26,1,1,0
BRDA:28,2,0,0
BRDA:28,2,1,0
BRDA:34,3,0,0
BRDA:34,3,1,0
BRDA:34,4,0,0
BRDA:34,4,1,0
BRDA:40,5,0,0
BRDA:40,5,1,0
BRDA:40,6,0,0
BRDA:40,6,1,0
BRDA:46,7,0,0
BRDA:46,7,1,0
BRDA:54,8,0,0
BRDA:54,8,1,0
BRDA:59,9,0,0
BRDA:59,9,1,0
BRDA:59,10,0,0
BRDA:59,10,1,0
BRDA:60,11,0,0
BRDA:60,11,1,0
BRDA:63,12,0,0
BRDA:63,12,1,0
BRDA:63,13,0,0
BRDA:63,13,1,0
BRDA:64,14,0,0
BRDA:64,14,1,0
BRDA:103,15,0,0
BRDA:103,16,0,0
BRDA:107,17,0,0
BRDA:107,17,1,0
BRDA:110,18,0,0
BRDA:110,18,1,0
BRDA:110,19,0,0
BRDA:110,19,1,0
BRDA:115,20,0,0
BRDA:115,20,1,0
BRDA:115,21,0,0
BRDA:115,21,1,0
BRDA:120,22,0,0
BRDA:120,22,1,0
BRDA:120,23,0,0
BRDA:120,23,1,0
BRF:45
BRH:0
end_of_record
TN:
SF:components\storyboarding-panel.tsx
FN:17,(anonymous_5)
FN:23,(anonymous_6)
FN:47,(anonymous_7)
FN:61,(anonymous_8)
FNF:4
FNH:0
FNDA:0,(anonymous_5)
FNDA:0,(anonymous_6)
FNDA:0,(anonymous_7)
FNDA:0,(anonymous_8)
DA:1,0
DA:2,0
DA:17,0
DA:18,0
DA:19,0
DA:20,0
DA:21,0
DA:23,0
DA:24,0
DA:25,0
DA:26,0
DA:27,0
DA:28,0
DA:31,0
DA:33,0
DA:35,0
DA:47,0
DA:62,0
LF:18
LH:0
BRDA:33,0,0,0
BRDA:33,0,1,0
BRDA:52,1,0,0
BRDA:52,1,1,0
BRDA:54,2,0,0
BRDA:54,2,1,0
BRDA:56,3,0,0
BRDA:57,4,0,0
BRF:8
BRH:0
end_of_record
TN:
SF:components\templates-media-panel.tsx
FN:65,TemplatesMediaPanel
FN:101,(anonymous_5)
FN:106,(anonymous_6)
FN:135,(anonymous_7)
FN:164,(anonymous_8)
FN:189,(anonymous_9)
FN:200,(anonymous_10)
FN:208,(anonymous_11)
FN:248,(anonymous_12)
FN:282,(anonymous_13)
FN:282,(anonymous_14)
FN:289,(anonymous_15)
FN:302,(anonymous_16)
FN:302,(anonymous_17)
FN:309,(anonymous_18)
FN:320,(anonymous_19)
FN:320,(anonymous_20)
FN:343,(anonymous_21)
FN:350,(anonymous_22)
FN:369,(anonymous_23)
FN:384,(anonymous_24)
FN:419,(anonymous_25)
FN:447,(anonymous_26)
FN:447,(anonymous_27)
FN:454,(anonymous_28)
FN:467,(anonymous_29)
FN:467,(anonymous_30)
FN:474,(anonymous_31)
FN:487,(anonymous_32)
FN:487,(anonymous_33)
FN:494,(anonymous_34)
FN:509,(anonymous_35)
FN:516,(anonymous_36)
FN:535,(anonymous_37)
FN:550,(anonymous_38)
FN:602,(anonymous_39)
FNF:36
FNH:0
FNDA:0,TemplatesMediaPanel
FNDA:0,(anonymous_5)
FNDA:0,(anonymous_6)
FNDA:0,(anonymous_7)
FNDA:0,(anonymous_8)
FNDA:0,(anonymous_9)
FNDA:0,(anonymous_10)
FNDA:0,(anonymous_11)
FNDA:0,(anonymous_12)
FNDA:0,(anonymous_13)
FNDA:0,(anonymous_14)
FNDA:0,(anonymous_15)
FNDA:0,(anonymous_16)
FNDA:0,(anonymous_17)
FNDA:0,(anonymous_18)
FNDA:0,(anonymous_19)
FNDA:0,(anonymous_20)
FNDA:0,(anonymous_21)
FNDA:0,(anonymous_22)
FNDA:0,(anonymous_23)
FNDA:0,(anonymous_24)
FNDA:0,(anonymous_25)
FNDA:0,(anonymous_26)
FNDA:0,(anonymous_27)
FNDA:0,(anonymous_28)
FNDA:0,(anonymous_29)
FNDA:0,(anonymous_30)
FNDA:0,(anonymous_31)
FNDA:0,(anonymous_32)
FNDA:0,(anonymous_33)
FNDA:0,(anonymous_34)
FNDA:0,(anonymous_35)
FNDA:0,(anonymous_36)
FNDA:0,(anonymous_37)
FNDA:0,(anonymous_38)
FNDA:0,(anonymous_39)
DA:3,0
DA:4,0
DA:5,0
DA:7,0
DA:8,0
DA:9,0
DA:10,0
DA:11,0
DA:28,0
DA:29,0
DA:65,0
DA:66,0
DA:67,0
DA:68,0
DA:69,0
DA:70,0
DA:71,0
DA:72,0
DA:73,0
DA:74,0
DA:77,0
DA:85,0
DA:92,0
DA:97,0
DA:98,0
DA:99,0
DA:101,0
DA:102,0
DA:103,0
DA:106,0
DA:107,0
DA:108,0
DA:109,0
DA:121,0
DA:122,0
DA:125,0
DA:126,0
DA:128,0
DA:129,0
DA:131,0
DA:135,0
DA:136,0
DA:137,0
DA:138,0
DA:150,0
DA:151,0
DA:154,0
DA:155,0
DA:157,0
DA:158,0
DA:160,0
DA:164,0
DA:165,0
DA:166,0
DA:167,0
DA:170,0
DA:171,0
DA:172,0
DA:184,0
DA:185,0
DA:188,0
DA:189,0
DA:190,0
DA:191,0
DA:193,0
DA:194,0
DA:196,0
DA:200,0
DA:201,0
DA:202,0
DA:203,0
DA:204,0
DA:205,0
DA:208,0
DA:209,0
DA:210,0
DA:211,0
DA:248,0
DA:282,0
DA:290,0
DA:302,0
DA:310,0
DA:320,0
DA:343,0
DA:350,0
DA:369,0
DA:385,0
DA:420,0
DA:447,0
DA:455,0
DA:467,0
DA:475,0
DA:487,0
DA:495,0
DA:509,0
DA:516,0
DA:535,0
DA:551,0
DA:603,0
LF:99
LH:0
BRDA:121,0,0,0
BRDA:121,0,1,0
BRDA:150,1,0,0
BRDA:150,1,1,0
BRDA:165,2,0,0
BRDA:165,2,1,0
BRDA:184,3,0,0
BRDA:184,3,1,0
BRDA:201,4,0,0
BRDA:201,4,1,0
BRDA:255,5,0,0
BRDA:255,5,1,0
BRDA:259,6,0,0
BRDA:341,7,0,0
BRDA:341,7,1,0
BRDA:348,8,0,0
BRDA:348,8,1,0
BRDA:361,9,0,0
BRDA:383,10,0,0
BRDA:383,10,1,0
BRDA:507,11,0,0
BRDA:507,11,1,0
BRDA:514,12,0,0
BRDA:514,12,1,0
BRDA:527,13,0,0
BRDA:549,14,0,0
BRDA:549,14,1,0
BRDA:554,15,0,0
BRDA:560,16,0,0
BRDA:564,17,0,0
BRDA:592,18,0,0
BRF:31
BRH:0
end_of_record
TN:
SF:components\theme-provider.tsx
FN:7,ThemeProvider
FN:10,(anonymous_5)
FNF:2
FNH:0
FNDA:0,ThemeProvider
FNDA:0,(anonymous_5)
DA:3,0
DA:4,0
DA:7,0
DA:8,0
DA:10,0
DA:11,0
DA:14,0
LF:7
LH:0
BRDA:14,0,0,0
BRDA:14,0,1,0
BRF:2
BRH:0
end_of_record
TN:
SF:components\timeline.tsx
FN:24,Timeline
FN:36,(anonymous_2)
FN:85,(anonymous_3)
FN:102,(anonymous_4)
FN:118,(anonymous_5)
FN:134,(anonymous_6)
FNF:6
FNH:0
FNDA:0,Timeline
FNDA:0,(anonymous_2)
FNDA:0,(anonymous_3)
FNDA:0,(anonymous_4)
FNDA:0,(anonymous_5)
FNDA:0,(anonymous_6)
DA:3,0
DA:4,0
DA:5,0
DA:6,0
DA:8,0
DA:24,0
DA:25,0
DA:26,0
DA:27,0
DA:36,0
DA:86,0
DA:103,0
DA:119,0
DA:135,0
LF:14
LH:0
BRDA:37,0,0,0
BRF:1
BRH:0
end_of_record
TN:
SF:components\tool-panel.tsx
FN:53,ToolPanel
FN:59,(anonymous_2)
FN:63,(anonymous_3)
FNF:3
FNH:0
FNDA:0,ToolPanel
FNDA:0,(anonymous_2)
FNDA:0,(anonymous_3)
DA:1,0
DA:2,0
DA:3,0
DA:19,0
DA:21,0
DA:53,0
DA:60,0
DA:64,0
LF:8
LH:0
BRDA:77,0,0,0
BRF:1
BRH:0
end_of_record
TN:
SF:components\video-preview.tsx
FN:8,VideoPreview
FN:36,(anonymous_2)
FN:44,(anonymous_3)
FNF:3
FNH:0
FNDA:0,VideoPreview
FNDA:0,(anonymous_2)
FNDA:0,(anonymous_3)
DA:3,0
DA:4,0
DA:5,0
DA:6,0
DA:8,0
DA:9,0
DA:10,0
DA:11,0
DA:12,0
DA:36,0
DA:44,0
LF:11
LH:0
BRDA:38,0,0,0
BRF:1
BRH:0
end_of_record
TN:
SF:components\voice-to-video-panel.tsx
FN:28,VoiceToVideoPanel
FN:45,(anonymous_5)
FN:63,(anonymous_6)
FN:69,(anonymous_7)
FN:85,(anonymous_8)
FN:91,(anonymous_9)
FN:97,(anonymous_10)
FN:139,(anonymous_11)
FN:207,(anonymous_12)
FN:207,(anonymous_13)
FN:230,(anonymous_14)
FN:230,(anonymous_15)
FN:248,(anonymous_16)
FN:248,(anonymous_17)
FN:260,(anonymous_18)
FN:260,(anonymous_19)
FNF:16
FNH:0
FNDA:0,VoiceToVideoPanel
FNDA:0,(anonymous_5)
FNDA:0,(anonymous_6)
FNDA:0,(anonymous_7)
FNDA:0,(anonymous_8)
FNDA:0,(anonymous_9)
FNDA:0,(anonymous_10)
FNDA:0,(anonymous_11)
FNDA:0,(anonymous_12)
FNDA:0,(anonymous_13)
FNDA:0,(anonymous_14)
FNDA:0,(anonymous_15)
FNDA:0,(anonymous_16)
FNDA:0,(anonymous_17)
FNDA:0,(anonymous_18)
FNDA:0,(anonymous_19)
DA:3,0
DA:4,0
DA:5,0
DA:6,0
DA:7,0
DA:9,0
DA:10,0
DA:28,0
DA:29,0
DA:30,0
DA:31,0
DA:32,0
DA:33,0
DA:34,0
DA:41,0
DA:42,0
DA:43,0
DA:45,0
DA:46,0
DA:47,0
DA:55,0
DA:56,0
DA:60,0
DA:61,0
DA:63,0
DA:64,0
DA:65,0
DA:69,0
DA:70,0
DA:71,0
DA:72,0
DA:73,0
DA:76,0
DA:77,0
DA:78,0
DA:80,0
DA:81,0
DA:85,0
DA:86,0
DA:87,0
DA:88,0
DA:90,0
DA:91,0
DA:92,0
DA:97,0
DA:98,0
DA:99,0
DA:100,0
DA:103,0
DA:104,0
DA:106,0
DA:108,0
DA:109,0
DA:111,0
DA:123,0
DA:124,0
DA:125,0
DA:128,0
DA:129,0
DA:130,0
DA:132,0
DA:133,0
DA:135,0
DA:139,0
DA:140,0
DA:141,0
DA:142,0
DA:143,0
DA:144,0
DA:207,0
DA:230,0
DA:248,0
DA:260,0
LF:73
LH:0
BRDA:64,0,0,0
BRDA:64,0,1,0
BRDA:86,1,0,0
BRDA:86,1,1,0
BRDA:86,2,0,0
BRDA:86,2,1,0
BRDA:90,3,0,0
BRDA:90,3,1,0
BRDA:98,4,0,0
BRDA:98,4,1,0
BRDA:123,5,0,0
BRDA:123,5,1,0
BRDA:125,6,0,0
BRDA:125,6,1,0
BRDA:133,7,0,0
BRDA:133,7,1,0
BRDA:143,8,0,0
BRDA:143,8,1,0
BRDA:164,9,0,0
BRDA:164,9,1,0
BRDA:165,10,0,0
BRDA:165,10,1,0
BRDA:170,11,0,0
BRDA:182,12,0,0
BRDA:194,13,0,0
BRDA:277,14,0,0
BRDA:277,14,1,0
BRDA:282,15,0,0
BRDA:297,16,0,0
BRF:29
BRH:0
end_of_record
TN:
SF:components\ui\accordion.tsx
FN:9,Accordion
FN:15,AccordionItem
FN:28,AccordionTrigger
FN:50,AccordionContent
FNF:4
FNH:0
FNDA:0,Accordion
FNDA:0,AccordionItem
FNDA:0,AccordionTrigger
FNDA:0,AccordionContent
DA:3,0
DA:4,0
DA:5,0
DA:7,0
DA:66,0
LF:5
LH:0
BRF:0
BRH:0
end_of_record
TN:
SF:components\ui\alert-dialog.tsx
FN:9,AlertDialog
FN:15,AlertDialogTrigger
FN:23,AlertDialogPortal
FN:31,AlertDialogOverlay
FN:47,AlertDialogContent
FN:66,AlertDialogHeader
FN:79,AlertDialogFooter
FN:95,AlertDialogTitle
FN:108,AlertDialogDescription
FN:121,AlertDialogAction
FN:133,AlertDialogCancel
FNF:11
FNH:0
FNDA:0,AlertDialog
FNDA:0,AlertDialogTrigger
FNDA:0,AlertDialogPortal
FNDA:0,AlertDialogOverlay
FNDA:0,AlertDialogContent
FNDA:0,AlertDialogHeader
FNDA:0,AlertDialogFooter
FNDA:0,AlertDialogTitle
FNDA:0,AlertDialogDescription
FNDA:0,AlertDialogAction
FNDA:0,AlertDialogCancel
DA:3,0
DA:4,0
DA:6,0
DA:7,0
DA:146,0
DA:147,0
DA:148,0
DA:149,0
DA:150,0
DA:151,0
DA:152,0
DA:153,0
DA:154,0
DA:155,0
DA:156,0
LF:15
LH:0
BRF:0
BRH:0
end_of_record
TN:
SF:components\ui\alert.tsx
FN:22,Alert
FN:37,AlertTitle
FN:50,AlertDescription
FNF:3
FNH:0
FNDA:0,Alert
FNDA:0,AlertTitle
FNDA:0,AlertDescription
DA:1,0
DA:2,0
DA:4,0
DA:6,0
DA:66,0
LF:5
LH:0
BRF:0
BRH:0
end_of_record
TN:
SF:components\ui\aspect-ratio.tsx
FN:5,AspectRatio
FNF:1
FNH:0
FNDA:0,AspectRatio
DA:3,0
DA:11,0
LF:2
LH:0
BRF:0
BRH:0
end_of_record
TN:
SF:components\ui\avatar.tsx
FN:8,Avatar
FN:24,AvatarImage
FN:37,AvatarFallback
FNF:3
FNH:0
FNDA:0,Avatar
FNDA:0,AvatarImage
FNDA:0,AvatarFallback
DA:3,0
DA:4,0
DA:6,0
DA:53,0
LF:4
LH:0
BRF:0
BRH:0
end_of_record
TN:
SF:components\ui\badge.tsx
FN:28,Badge
FNF:1
FNH:0
FNDA:0,Badge
DA:1,0
DA:2,0
DA:3,0
DA:5,0
DA:7,0
DA:35,0
DA:46,0
LF:7
LH:0
BRDA:31,0,0,0
BRDA:35,1,0,0
BRDA:35,1,1,0
BRF:3
BRH:0
end_of_record
TN:
SF:components\ui\breadcrumb.tsx
FN:7,Breadcrumb
FN:11,BreadcrumbList
FN:24,BreadcrumbItem
FN:34,BreadcrumbLink
FN:52,BreadcrumbPage
FN:65,BreadcrumbSeparator
FN:83,BreadcrumbEllipsis
FNF:7
FNH:0
FNDA:0,Breadcrumb
FNDA:0,BreadcrumbList
FNDA:0,BreadcrumbItem
FNDA:0,BreadcrumbLink
FNDA:0,BreadcrumbPage
FNDA:0,BreadcrumbSeparator
FNDA:0,BreadcrumbEllipsis
DA:1,0
DA:2,0
DA:3,0
DA:5,0
DA:41,0
DA:102,0
DA:103,0
DA:104,0
DA:105,0
DA:106,0
DA:107,0
DA:108,0
LF:12
LH:0
BRDA:41,0,0,0
BRDA:41,0,1,0
BRDA:78,1,0,0
BRDA:78,1,1,0
BRF:4
BRH:0
end_of_record
TN:
SF:components\ui\button.tsx
FN:38,Button
FNF:1
FNH:1
FNDA:4,Button
DA:1,1
DA:2,1
DA:3,1
DA:5,1
DA:7,1
DA:48,4
DA:59,4
LF:7
LH:7
BRDA:42,0,0,4
BRDA:48,1,0,0
BRDA:48,1,1,4
BRF:3
BRH:2
end_of_record
TN:
SF:components\ui\calendar.tsx
FN:14,Calendar
FN:39,(anonymous_7)
FN:128,(anonymous_8)
FN:138,(anonymous_9)
FN:159,(anonymous_10)
FN:175,CalendarDayButton
FN:184,(anonymous_12)
FNF:7
FNH:0
FNDA:0,Calendar
FNDA:0,(anonymous_7)
FNDA:0,(anonymous_8)
FNDA:0,(anonymous_9)
FNDA:0,(anonymous_10)
FNDA:0,CalendarDayButton
FNDA:0,(anonymous_12)
DA:3,0
DA:8,0
DA:9,0
DA:11,0
DA:12,0
DA:26,0
DA:40,0
DA:139,0
DA:145,0
DA:181,0
DA:183,0
DA:184,0
DA:185,0
DA:213,0
LF:14
LH:0
BRDA:17,0,0,0
BRDA:18,1,0,0
BRDA:19,2,0,0
BRDA:82,3,0,0
BRDA:82,3,1,0
BRDA:139,4,0,0
BRDA:139,4,1,0
BRDA:145,5,0,0
BRDA:145,5,1,0
BRDA:185,6,0,0
BRDA:185,6,1,0
BRDA:195,7,0,0
BRDA:195,7,1,0
BRDA:195,7,2,0
BRDA:195,7,3,0
BRF:15
BRH:0
end_of_record
TN:
SF:components\ui\card.tsx
FN:5,Card
FN:18,CardHeader
FN:31,CardTitle
FN:41,CardDescription
FN:51,CardAction
FN:64,CardContent
FN:74,CardFooter
FNF:7
FNH:0
FNDA:0,Card
FNDA:0,CardHeader
FNDA:0,CardTitle
FNDA:0,CardDescription
FNDA:0,CardAction
FNDA:0,CardContent
FNDA:0,CardFooter
DA:1,0
DA:3,0
DA:85,0
DA:86,0
DA:87,0
DA:88,0
DA:89,0
DA:90,0
DA:91,0
LF:9
LH:0
BRF:0
BRH:0
end_of_record
TN:
SF:components\ui\carousel.tsx
FN:35,useCarousel
FN:45,Carousel
FN:64,(anonymous_12)
FN:70,(anonymous_13)
FN:74,(anonymous_14)
FN:79,(anonymous_15)
FN:91,(anonymous_16)
FN:96,(anonymous_17)
FN:102,(anonymous_18)
FN:135,CarouselContent
FN:156,CarouselItem
FN:174,CarouselPrevious
FN:204,CarouselNext
FNF:13
FNH:0
FNDA:0,useCarousel
FNDA:0,Carousel
FNDA:0,(anonymous_12)
FNDA:0,(anonymous_13)
FNDA:0,(anonymous_14)
FNDA:0,(anonymous_15)
FNDA:0,(anonymous_16)
FNDA:0,(anonymous_17)
FNDA:0,(anonymous_18)
FNDA:0,CarouselContent
FNDA:0,CarouselItem
FNDA:0,CarouselPrevious
FNDA:0,CarouselNext
DA:3,0
DA:6,0
DA:7,0
DA:9,0
DA:10,0
DA:33,0
DA:36,0
DA:38,0
DA:39,0
DA:42,0
DA:54,0
DA:61,0
DA:62,0
DA:64,0
DA:65,0
DA:66,0
DA:67,0
DA:70,0
DA:71,0
DA:74,0
DA:75,0
DA:78,0
DA:80,0
DA:81,0
DA:82,0
DA:83,0
DA:84,0
DA:85,0
DA:91,0
DA:92,0
DA:93,0
DA:96,0
DA:97,0
DA:98,0
DA:99,0
DA:100,0
DA:102,0
DA:103,0
DA:136,0
DA:157,0
DA:180,0
DA:210,0
DA:236,0
DA:237,0
DA:238,0
DA:239,0
DA:240,0
LF:47
LH:0
BRDA:38,0,0,0
BRDA:38,0,1,0
BRDA:46,1,0,0
BRDA:57,2,0,0
BRDA:57,2,1,0
BRDA:65,3,0,0
BRDA:65,3,1,0
BRDA:80,4,0,0
BRDA:80,4,1,0
BRDA:83,5,0,0
BRDA:83,5,1,0
BRDA:92,6,0,0
BRDA:92,6,1,0
BRDA:92,7,0,0
BRDA:92,7,1,0
BRDA:97,8,0,0
BRDA:97,8,1,0
BRDA:114,9,0,0
BRDA:114,9,1,0
BRDA:114,10,0,0
BRDA:114,10,1,0
BRDA:147,11,0,0
BRDA:147,11,1,0
BRDA:166,12,0,0
BRDA:166,12,1,0
BRDA:176,13,0,0
BRDA:177,14,0,0
BRDA:189,15,0,0
BRDA:189,15,1,0
BRDA:206,16,0,0
BRDA:207,17,0,0
BRDA:219,18,0,0
BRDA:219,18,1,0
BRF:33
BRH:0
end_of_record
TN:
SF:components\ui\chart.tsx
FN:27,useChart
FN:37,ChartContainer
FN:72,(anonymous_12)
FN:74,(anonymous_13)
FN:86,(anonymous_14)
FN:89,(anonymous_15)
FN:107,ChartTooltipContent
FN:131,(anonymous_17)
FN:182,(anonymous_18)
FN:253,ChartLegendContent
FN:278,(anonymous_20)
FN:308,getPayloadConfigFromPayload
FNF:12
FNH:0
FNDA:0,useChart
FNDA:0,ChartContainer
FNDA:0,(anonymous_12)
FNDA:0,(anonymous_13)
FNDA:0,(anonymous_14)
FNDA:0,(anonymous_15)
FNDA:0,ChartTooltipContent
FNDA:0,(anonymous_17)
FNDA:0,(anonymous_18)
FNDA:0,ChartLegendContent
FNDA:0,(anonymous_20)
FNDA:0,getPayloadConfigFromPayload
DA:3,0
DA:4,0
DA:6,0
DA:9,0
DA:25,0
DA:28,0
DA:30,0
DA:31,0
DA:34,0
DA:49,0
DA:50,0
DA:72,0
DA:73,0
DA:74,0
DA:77,0
DA:78,0
DA:86,0
DA:91,0
DA:93,0
DA:105,0
DA:129,0
DA:131,0
DA:132,0
DA:133,0
DA:136,0
DA:137,0
DA:138,0
DA:140,0
DA:144,0
DA:152,0
DA:153,0
DA:167,0
DA:168,0
DA:171,0
DA:183,0
DA:184,0
DA:185,0
DA:187,0
DA:251,0
DA:264,0
DA:266,0
DA:267,0
DA:279,0
DA:280,0
DA:282,0
DA:313,0
DA:314,0
DA:318,0
DA:324,0
DA:326,0
DA:330,0
DA:331,0
DA:336,0
DA:341,0
DA:347,0
DA:348,0
DA:349,0
DA:350,0
DA:351,0
DA:352,0
LF:60
LH:0
BRDA:30,0,0,0
BRDA:30,0,1,0
BRDA:50,1,0,0
BRDA:50,1,1,0
BRDA:74,2,0,0
BRDA:74,2,1,0
BRDA:77,3,0,0
BRDA:77,3,1,0
BRDA:91,4,0,0
BRDA:91,4,1,0
BRDA:93,5,0,0
BRDA:93,5,1,0
BRDA:111,6,0,0
BRDA:112,7,0,0
BRDA:113,8,0,0
BRDA:132,9,0,0
BRDA:132,9,1,0
BRDA:132,10,0,0
BRDA:132,10,1,0
BRDA:137,11,0,0
BRDA:137,11,1,0
BRDA:137,11,2,0
BRDA:137,11,3,0
BRDA:140,12,0,0
BRDA:140,12,1,0
BRDA:140,13,0,0
BRDA:140,13,1,0
BRDA:141,14,0,0
BRDA:141,14,1,0
BRDA:144,15,0,0
BRDA:144,15,1,0
BRDA:152,16,0,0
BRDA:152,16,1,0
BRDA:167,17,0,0
BRDA:167,17,1,0
BRDA:167,18,0,0
BRDA:167,18,1,0
BRDA:171,19,0,0
BRDA:171,19,1,0
BRDA:180,20,0,0
BRDA:180,20,1,0
BRDA:183,21,0,0
BRDA:183,21,1,0
BRDA:183,21,2,0
BRDA:183,21,3,0
BRDA:185,22,0,0
BRDA:185,22,1,0
BRDA:185,22,2,0
BRDA:192,23,0,0
BRDA:192,23,1,0
BRDA:196,24,0,0
BRDA:195,25,0,0
BRDA:195,25,1,0
BRDA:195,25,2,0
BRDA:200,26,0,0
BRDA:202,27,0,0
BRDA:211,28,0,0
BRDA:211,28,1,0
BRDA:226,29,0,0
BRDA:226,29,1,0
BRDA:230,30,0,0
BRDA:230,30,1,0
BRDA:232,31,0,0
BRDA:232,31,1,0
BRDA:235,32,0,0
BRDA:255,33,0,0
BRDA:257,34,0,0
BRDA:266,35,0,0
BRDA:266,35,1,0
BRDA:274,36,0,0
BRDA:274,36,1,0
BRDA:279,37,0,0
BRDA:279,37,1,0
BRDA:279,37,2,0
BRDA:290,38,0,0
BRDA:289,39,0,0
BRDA:289,39,1,0
BRDA:313,40,0,0
BRDA:313,40,1,0
BRDA:313,41,0,0
BRDA:313,41,1,0
BRDA:318,42,0,0
BRDA:318,42,1,0
BRDA:318,43,0,0
BRDA:318,43,1,0
BRDA:318,43,2,0
BRDA:326,44,0,0
BRDA:326,44,1,0
BRDA:327,45,0,0
BRDA:327,45,1,0
BRDA:331,46,0,0
BRDA:331,46,1,0
BRDA:332,47,0,0
BRDA:332,47,1,0
BRDA:332,47,2,0
BRDA:341,48,0,0
BRDA:341,48,1,0
BRF:97
BRH:0
end_of_record
TN:
SF:components\ui\checkbox.tsx
FNF:0
FNH:0
DA:3,0
DA:4,0
DA:5,0
DA:7,0
DA:26,0
DA:28,0
LF:6
LH:0
BRF:0
BRH:0
end_of_record
TN:
SF:components\ui\collapsible.tsx
FN:5,Collapsible
FN:11,CollapsibleTrigger
FN:22,CollapsibleContent
FNF:3
FNH:0
FNDA:0,Collapsible
FNDA:0,CollapsibleTrigger
FNDA:0,CollapsibleContent
DA:3,0
DA:33,0
LF:2
LH:0
BRF:0
BRH:0
end_of_record
TN:
SF:components\ui\command.tsx
FN:16,Command
FN:32,CommandDialog
FN:63,CommandInput
FN:85,CommandList
FN:101,CommandEmpty
FN:113,CommandGroup
FN:129,CommandSeparator
FN:142,CommandItem
FN:158,CommandShortcut
FNF:9
FNH:0
FNDA:0,Command
FNDA:0,CommandDialog
FNDA:0,CommandInput
FNDA:0,CommandList
FNDA:0,CommandEmpty
FNDA:0,CommandGroup
FNDA:0,CommandSeparator
FNDA:0,CommandItem
FNDA:0,CommandShortcut
DA:3,0
DA:4,0
DA:5,0
DA:7,0
DA:14,0
DA:175,0
DA:176,0
DA:177,0
DA:178,0
DA:179,0
DA:180,0
DA:181,0
DA:182,0
DA:183,0
LF:14
LH:0
BRDA:33,0,0,0
BRDA:34,1,0,0
BRDA:37,2,0,0
BRF:3
BRH:0
end_of_record
TN:
SF:components\ui\context-menu.tsx
FN:9,ContextMenu
FN:15,ContextMenuTrigger
FN:23,ContextMenuGroup
FN:31,ContextMenuPortal
FN:39,ContextMenuSub
FN:45,ContextMenuRadioGroup
FN:56,ContextMenuSubTrigger
FN:80,ContextMenuSubContent
FN:96,ContextMenuContent
FN:114,ContextMenuItem
FN:137,ContextMenuCheckboxItem
FN:163,ContextMenuRadioItem
FN:187,ContextMenuLabel
FN:207,ContextMenuSeparator
FN:220,ContextMenuShortcut
FNF:15
FNH:0
FNDA:0,ContextMenu
FNDA:0,ContextMenuTrigger
FNDA:0,ContextMenuGroup
FNDA:0,ContextMenuPortal
FNDA:0,ContextMenuSub
FNDA:0,ContextMenuRadioGroup
FNDA:0,ContextMenuSubTrigger
FNDA:0,ContextMenuSubContent
FNDA:0,ContextMenuContent
FNDA:0,ContextMenuItem
FNDA:0,ContextMenuCheckboxItem
FNDA:0,ContextMenuRadioItem
FNDA:0,ContextMenuLabel
FNDA:0,ContextMenuSeparator
FNDA:0,ContextMenuShortcut
DA:3,0
DA:4,0
DA:5,0
DA:7,0
DA:237,0
DA:238,0
DA:239,0
DA:240,0
DA:241,0
DA:242,0
DA:243,0
DA:244,0
DA:245,0
DA:246,0
DA:247,0
DA:248,0
DA:249,0
DA:250,0
DA:251,0
LF:19
LH:0
BRDA:117,0,0,0
BRF:1
BRH:0
end_of_record
TN:
SF:components\ui\dialog.tsx
FN:9,Dialog
FN:15,DialogTrigger
FN:21,DialogPortal
FN:27,DialogClose
FN:33,DialogOverlay
FN:49,DialogContent
FN:83,DialogHeader
FN:93,DialogFooter
FN:106,DialogTitle
FN:119,DialogDescription
FNF:10
FNH:0
FNDA:0,Dialog
FNDA:0,DialogTrigger
FNDA:0,DialogPortal
FNDA:0,DialogClose
FNDA:0,DialogOverlay
FNDA:0,DialogContent
FNDA:0,DialogHeader
FNDA:0,DialogFooter
FNDA:0,DialogTitle
FNDA:0,DialogDescription
DA:3,0
DA:4,0
DA:5,0
DA:7,0
DA:133,0
DA:134,0
DA:135,0
DA:136,0
DA:137,0
DA:138,0
DA:139,0
DA:140,0
DA:141,0
DA:142,0
LF:14
LH:0
BRDA:52,0,0,0
BRDA:69,1,0,0
BRF:2
BRH:0
end_of_record
TN:
SF:components\ui\drawer.tsx
FN:8,Drawer
FN:14,DrawerTrigger
FN:20,DrawerPortal
FN:26,DrawerClose
FN:32,DrawerOverlay
FN:48,DrawerContent
FN:75,DrawerHeader
FN:88,DrawerFooter
FN:98,DrawerTitle
FN:111,DrawerDescription
FNF:10
FNH:0
FNDA:0,Drawer
FNDA:0,DrawerTrigger
FNDA:0,DrawerPortal
FNDA:0,DrawerClose
FNDA:0,DrawerOverlay
FNDA:0,DrawerContent
FNDA:0,DrawerHeader
FNDA:0,DrawerFooter
FNDA:0,DrawerTitle
FNDA:0,DrawerDescription
DA:3,0
DA:4,0
DA:6,0
DA:125,0
DA:126,0
DA:127,0
DA:128,0
DA:129,0
DA:130,0
DA:131,0
DA:132,0
DA:133,0
DA:134,0
LF:13
LH:0
BRF:0
BRH:0
end_of_record
TN:
SF:components\ui\dropdown-menu.tsx
FN:9,DropdownMenu
FN:15,DropdownMenuPortal
FN:23,DropdownMenuTrigger
FN:34,DropdownMenuContent
FN:54,DropdownMenuGroup
FN:62,DropdownMenuItem
FN:85,DropdownMenuCheckboxItem
FN:111,DropdownMenuRadioGroup
FN:122,DropdownMenuRadioItem
FN:146,DropdownMenuLabel
FN:166,DropdownMenuSeparator
FN:179,DropdownMenuShortcut
FN:195,DropdownMenuSub
FN:201,DropdownMenuSubTrigger
FN:225,DropdownMenuSubContent
FNF:15
FNH:0
FNDA:0,DropdownMenu
FNDA:0,DropdownMenuPortal
FNDA:0,DropdownMenuTrigger
FNDA:0,DropdownMenuContent
FNDA:0,DropdownMenuGroup
FNDA:0,DropdownMenuItem
FNDA:0,DropdownMenuCheckboxItem
FNDA:0,DropdownMenuRadioGroup
FNDA:0,DropdownMenuRadioItem
FNDA:0,DropdownMenuLabel
FNDA:0,DropdownMenuSeparator
FNDA:0,DropdownMenuShortcut
FNDA:0,DropdownMenuSub
FNDA:0,DropdownMenuSubTrigger
FNDA:0,DropdownMenuSubContent
DA:3,0
DA:4,0
DA:5,0
DA:7,0
DA:242,0
DA:243,0
DA:244,0
DA:245,0
DA:246,0
DA:247,0
DA:248,0
DA:249,0
DA:250,0
DA:251,0
DA:252,0
DA:253,0
DA:254,0
DA:255,0
DA:256,0
LF:19
LH:0
BRDA:36,0,0,0
BRDA:65,1,0,0
BRF:2
BRH:0
end_of_record
TN:
SF:components\ui\form.tsx
FN:32,(anonymous_12)
FN:45,(anonymous_13)
FN:76,FormItem
FN:90,FormLabel
FN:107,FormControl
FN:125,FormDescription
FN:138,FormMessage
FNF:7
FNH:0
FNDA:0,(anonymous_12)
FNDA:0,(anonymous_13)
FNDA:0,FormItem
FNDA:0,FormLabel
FNDA:0,FormControl
FNDA:0,FormDescription
FNDA:0,FormMessage
DA:3,0
DA:5,0
DA:14,0
DA:16,0
DA:17,0
DA:19,0
DA:28,0
DA:32,0
DA:45,0
DA:46,0
DA:47,0
DA:48,0
DA:49,0
DA:50,0
DA:52,0
DA:53,0
DA:56,0
DA:58,0
DA:72,0
DA:77,0
DA:94,0
DA:108,0
DA:126,0
DA:139,0
DA:140,0
DA:142,0
DA:143,0
DA:159,0
DA:160,0
DA:161,0
DA:162,0
DA:163,0
DA:164,0
DA:165,0
DA:166,0
LF:35
LH:0
BRDA:52,0,0,0
BRDA:52,0,1,0
BRDA:115,1,0,0
BRDA:115,1,1,0
BRDA:140,2,0,0
BRDA:140,2,1,0
BRDA:140,3,0,0
BRDA:140,3,1,0
BRDA:142,4,0,0
BRDA:142,4,1,0
BRF:10
BRH:0
end_of_record
TN:
SF:components\ui\hover-card.tsx
FN:8,HoverCard
FN:14,HoverCardTrigger
FN:22,HoverCardContent
FNF:3
FNH:0
FNDA:0,HoverCard
FNDA:0,HoverCardTrigger
FNDA:0,HoverCardContent
DA:3,0
DA:4,0
DA:6,0
DA:44,0
LF:4
LH:0
BRDA:24,0,0,0
BRDA:25,1,0,0
BRF:2
BRH:0
end_of_record
TN:
SF:components\ui\input-otp.tsx
FN:9,InputOTP
FN:29,InputOTPGroup
FN:39,InputOTPSlot
FN:69,InputOTPSeparator
FNF:4
FNH:0
FNDA:0,InputOTP
FNDA:0,InputOTPGroup
FNDA:0,InputOTPSlot
FNDA:0,InputOTPSeparator
DA:3,0
DA:4,0
DA:5,0
DA:7,0
DA:46,0
DA:47,0
DA:77,0
LF:7
LH:0
BRDA:47,0,0,0
BRDA:47,0,1,0
BRDA:60,1,0,0
BRF:3
BRH:0
end_of_record
TN:
SF:components\ui\input.tsx
FN:5,Input
FNF:1
FNH:0
FNDA:0,Input
DA:1,0
DA:3,0
DA:21,0
LF:3
LH:0
BRF:0
BRH:0
end_of_record
TN:
SF:components\ui\label.tsx
FNF:0
FNH:0
DA:3,0
DA:4,0
DA:5,0
DA:7,0
DA:9,0
DA:17,0
DA:19,0
LF:7
LH:0
BRF:0
BRH:0
end_of_record
TN:
SF:components\ui\menubar.tsx
FN:9,Menubar
FN:25,MenubarMenu
FN:31,MenubarGroup
FN:37,MenubarPortal
FN:43,MenubarRadioGroup
FN:51,MenubarTrigger
FN:67,MenubarContent
FN:91,MenubarItem
FN:114,MenubarCheckboxItem
FN:140,MenubarRadioItem
FN:164,MenubarLabel
FN:184,MenubarSeparator
FN:197,MenubarShortcut
FN:213,MenubarSub
FN:219,MenubarSubTrigger
FN:243,MenubarSubContent
FNF:16
FNH:0
FNDA:0,Menubar
FNDA:0,MenubarMenu
FNDA:0,MenubarGroup
FNDA:0,MenubarPortal
FNDA:0,MenubarRadioGroup
FNDA:0,MenubarTrigger
FNDA:0,MenubarContent
FNDA:0,MenubarItem
FNDA:0,MenubarCheckboxItem
FNDA:0,MenubarRadioItem
FNDA:0,MenubarLabel
FNDA:0,MenubarSeparator
FNDA:0,MenubarShortcut
FNDA:0,MenubarSub
FNDA:0,MenubarSubTrigger
FNDA:0,MenubarSubContent
DA:3,0
DA:4,0
DA:5,0
DA:7,0
DA:260,0
DA:261,0
DA:262,0
DA:263,0
DA:264,0
DA:265,0
DA:266,0
DA:267,0
DA:268,0
DA:269,0
DA:270,0
DA:271,0
DA:272,0
DA:273,0
DA:274,0
DA:275,0
LF:20
LH:0
BRDA:69,0,0,0
BRDA:70,1,0,0
BRDA:71,2,0,0
BRDA:94,3,0,0
BRF:4
BRH:0
end_of_record
TN:
SF:components\ui\navigation-menu.tsx
FN:8,NavigationMenu
FN:32,NavigationMenuList
FN:48,NavigationMenuItem
FN:65,NavigationMenuTrigger
FN:85,NavigationMenuContent
FN:102,NavigationMenuViewport
FN:124,NavigationMenuLink
FN:140,NavigationMenuIndicator
FNF:8
FNH:0
FNDA:0,NavigationMenu
FNDA:0,NavigationMenuList
FNDA:0,NavigationMenuItem
FNDA:0,NavigationMenuTrigger
FNDA:0,NavigationMenuContent
FNDA:0,NavigationMenuViewport
FNDA:0,NavigationMenuLink
FNDA:0,NavigationMenuIndicator
DA:1,0
DA:2,0
DA:3,0
DA:4,0
DA:6,0
DA:61,0
DA:159,0
DA:160,0
DA:161,0
DA:162,0
DA:163,0
DA:164,0
DA:165,0
DA:166,0
DA:167,0
LF:15
LH:0
BRDA:11,0,0,0
BRDA:27,1,0,0
BRDA:27,1,1,0
BRF:3
BRH:0
end_of_record
TN:
SF:components\ui\pagination.tsx
FN:11,Pagination
FN:23,PaginationContent
FN:36,PaginationItem
FN:45,PaginationLink
FN:68,PaginationPrevious
FN:85,PaginationNext
FN:102,PaginationEllipsis
FNF:7
FNH:0
FNDA:0,Pagination
FNDA:0,PaginationContent
FNDA:0,PaginationItem
FNDA:0,PaginationLink
FNDA:0,PaginationPrevious
FNDA:0,PaginationNext
FNDA:0,PaginationEllipsis
DA:1,0
DA:6,0
DA:8,0
DA:9,0
DA:120,0
DA:121,0
DA:122,0
DA:123,0
DA:124,0
DA:125,0
DA:126,0
LF:11
LH:0
BRDA:48,0,0,0
BRDA:53,1,0,0
BRDA:53,1,1,0
BRDA:58,2,0,0
BRDA:58,2,1,0
BRF:5
BRH:0
end_of_record
TN:
SF:components\ui\popover.tsx
FN:8,Popover
FN:14,PopoverTrigger
FN:20,PopoverContent
FN:42,PopoverAnchor
FNF:4
FNH:0
FNDA:0,Popover
FNDA:0,PopoverTrigger
FNDA:0,PopoverContent
FNDA:0,PopoverAnchor
DA:3,0
DA:4,0
DA:6,0
DA:48,0
LF:4
LH:0
BRDA:22,0,0,0
BRDA:23,1,0,0
BRF:2
BRH:0
end_of_record
TN:
SF:components\ui\progress.tsx
FNF:0
FNH:0
DA:3,0
DA:4,0
DA:6,0
DA:23,0
DA:25,0
LF:5
LH:0
BRDA:19,0,0,0
BRDA:19,0,1,0
BRF:2
BRH:0
end_of_record
TN:
SF:components\ui\radio-group.tsx
FN:9,RadioGroup
FN:22,RadioGroupItem
FNF:2
FNH:0
FNDA:0,RadioGroup
FNDA:0,RadioGroupItem
DA:3,0
DA:4,0
DA:5,0
DA:7,0
DA:45,0
LF:5
LH:0
BRF:0
BRH:0
end_of_record
TN:
SF:components\ui\resizable.tsx
FN:9,ResizablePanelGroup
FN:25,ResizablePanel
FN:31,ResizableHandle
FNF:3
FNH:0
FNDA:0,ResizablePanelGroup
FNDA:0,ResizablePanel
FNDA:0,ResizableHandle
DA:3,0
DA:4,0
DA:5,0
DA:7,0
DA:56,0
LF:5
LH:0
BRDA:47,0,0,0
BRF:1
BRH:0
end_of_record
TN:
SF:components\ui\scroll-area.tsx
FN:8,ScrollArea
FN:31,ScrollBar
FNF:2
FNH:0
FNDA:0,ScrollArea
FNDA:0,ScrollBar
DA:3,0
DA:4,0
DA:6,0
DA:58,0
LF:4
LH:0
BRDA:33,0,0,0
BRDA:42,1,0,0
BRDA:42,1,1,0
BRDA:44,2,0,0
BRDA:44,2,1,0
BRF:5
BRH:0
end_of_record
TN:
SF:components\ui\select.tsx
FN:9,Select
FN:15,SelectGroup
FN:21,SelectValue
FN:27,SelectTrigger
FN:53,SelectContent
FN:88,SelectLabel
FN:101,SelectItem
FN:125,SelectSeparator
FN:138,SelectScrollUpButton
FN:156,SelectScrollDownButton
FNF:10
FNH:0
FNDA:0,Select
FNDA:0,SelectGroup
FNDA:0,SelectValue
FNDA:0,SelectTrigger
FNDA:0,SelectContent
FNDA:0,SelectLabel
FNDA:0,SelectItem
FNDA:0,SelectSeparator
FNDA:0,SelectScrollUpButton
FNDA:0,SelectScrollDownButton
DA:3,0
DA:4,0
DA:5,0
DA:7,0
DA:175,0
DA:176,0
DA:177,0
DA:178,0
DA:179,0
DA:180,0
DA:181,0
DA:182,0
DA:183,0
DA:184,0
LF:14
LH:0
BRDA:29,0,0,0
BRDA:56,1,0,0
BRDA:65,2,0,0
BRDA:65,2,1,0
BRDA:76,3,0,0
BRDA:76,3,1,0
BRF:6
BRH:0
end_of_record
TN:
SF:components\ui\separator.tsx
FN:8,Separator
FNF:1
FNH:0
FNDA:0,Separator
DA:3,0
DA:4,0
DA:6,0
DA:28,0
LF:4
LH:0
BRDA:10,0,0,0
BRDA:11,1,0,0
BRF:2
BRH:0
end_of_record
TN:
SF:components\ui\sheet.tsx
FN:9,Sheet
FN:13,SheetTrigger
FN:19,SheetClose
FN:25,SheetPortal
FN:31,SheetOverlay
FN:47,SheetContent
FN:84,SheetHeader
FN:94,SheetFooter
FN:104,SheetTitle
FN:117,SheetDescription
FNF:10
FNH:0
FNDA:0,Sheet
FNDA:0,SheetTrigger
FNDA:0,SheetClose
FNDA:0,SheetPortal
FNDA:0,SheetOverlay
FNDA:0,SheetContent
FNDA:0,SheetHeader
FNDA:0,SheetFooter
FNDA:0,SheetTitle
FNDA:0,SheetDescription
DA:3,0
DA:4,0
DA:5,0
DA:7,0
DA:131,0
DA:132,0
DA:133,0
DA:134,0
DA:135,0
DA:136,0
DA:137,0
DA:138,0
LF:12
LH:0
BRDA:50,0,0,0
BRDA:62,1,0,0
BRDA:62,1,1,0
BRDA:64,2,0,0
BRDA:64,2,1,0
BRDA:66,3,0,0
BRDA:66,3,1,0
BRDA:68,4,0,0
BRDA:68,4,1,0
BRF:9
BRH:0
end_of_record
TN:
SF:components\ui\sidebar.tsx
FN:47,useSidebar
FN:56,SidebarProvider
FN:77,(anonymous_30)
FN:92,(anonymous_31)
FN:93,(anonymous_32)
FN:93,(anonymous_33)
FN:97,(anonymous_34)
FN:98,(anonymous_35)
FN:109,(anonymous_36)
FN:117,(anonymous_37)
FN:154,Sidebar
FN:256,SidebarTrigger
FN:270,(anonymous_40)
FN:282,SidebarRail
FN:307,SidebarInset
FN:321,SidebarInput
FN:335,SidebarHeader
FN:346,SidebarFooter
FN:357,SidebarSeparator
FN:371,SidebarContent
FN:385,SidebarGroup
FN:396,SidebarGroupLabel
FN:417,SidebarGroupAction
FN:440,SidebarGroupContent
FN:454,SidebarMenu
FN:465,SidebarMenuItem
FN:498,SidebarMenuButton
FN:548,SidebarMenuAction
FN:580,SidebarMenuBadge
FN:602,SidebarMenuSkeleton
FN:610,(anonymous_58)
FN:640,SidebarMenuSub
FN:655,SidebarMenuSubItem
FN:669,SidebarMenuSubButton
FNF:34
FNH:0
FNDA:0,useSidebar
FNDA:0,SidebarProvider
FNDA:0,(anonymous_30)
FNDA:0,(anonymous_31)
FNDA:0,(anonymous_32)
FNDA:0,(anonymous_33)
FNDA:0,(anonymous_34)
FNDA:0,(anonymous_35)
FNDA:0,(anonymous_36)
FNDA:0,(anonymous_37)
FNDA:0,Sidebar
FNDA:0,SidebarTrigger
FNDA:0,(anonymous_40)
FNDA:0,SidebarRail
FNDA:0,SidebarInset
FNDA:0,SidebarInput
FNDA:0,SidebarHeader
FNDA:0,SidebarFooter
FNDA:0,SidebarSeparator
FNDA:0,SidebarContent
FNDA:0,SidebarGroup
FNDA:0,SidebarGroupLabel
FNDA:0,SidebarGroupAction
FNDA:0,SidebarGroupContent
FNDA:0,SidebarMenu
[...]
BRDA:377,28,1,0
BRDA:387,29,0,0
BRDA:387,29,1,0
BRDA:395,30,0,0
BRDA:395,30,1,0
BRDA:404,31,0,0
BRDA:404,31,1,0
BRDA:409,32,0,0
BRDA:409,32,1,0
BRDA:414,33,0,0
BRDA:414,33,1,0
BRDA:424,34,0,0
BRDA:424,34,1,0
BRDA:429,35,0,0
BRDA:429,35,1,0
BRDA:437,36,0,0
BRDA:437,36,1,0
BRDA:447,37,0,0
BRDA:447,37,1,0
BRDA:447,37,2,0
BRDA:447,37,3,0
BRDA:447,37,4,0
BRDA:499,38,0,0
BRDA:499,38,1,0
BRDA:502,39,0,0
BRDA:502,39,1,0
BRDA:550,40,0,0
BRDA:550,40,1,0
BRDA:555,41,0,0
BRDA:555,41,1,0
BRDA:559,42,0,0
BRDA:559,42,1,0
BRDA:573,43,0,0
BRDA:573,43,1,0
BRDA:577,44,0,0
BRDA:577,44,1,0
BRF:92
BRH:0
end_of_record
TN:
SF:lib\rate-limiter.ts
FN:24,(anonymous_5)
FN:28,(anonymous_6)
FN:79,(anonymous_7)
FN:86,(anonymous_8)
FN:87,(anonymous_9)
FN:98,(anonymous_10)
FN:106,(anonymous_11)
FN:136,(anonymous_12)
FN:158,(anonymous_13)
FN:173,(anonymous_14)
FN:220,getRateLimiterForPlan
FNF:11
FNH:6
FNDA:7,(anonymous_5)
FNDA:8,(anonymous_6)
FNDA:8,(anonymous_7)
FNDA:8,(anonymous_8)
FNDA:5,(anonymous_9)
FNDA:4,(anonymous_10)
FNDA:0,(anonymous_11)
FNDA:0,(anonymous_12)
FNDA:0,(anonymous_13)
FNDA:0,(anonymous_14)
FNDA:0,getRateLimiterForPlan
DA:20,3
DA:21,7
DA:25,7
DA:34,8
DA:35,8
DA:38,8
DA:40,8
DA:42,8
DA:44,3
DA:52,3
DA:60,5
DA:61,1
DA:69,4
DA:71,4
DA:80,8
DA:81,8
DA:82,8
DA:83,8
DA:87,8
DA:88,5
DA:89,0
DA:95,0
DA:99,4
DA:101,4
DA:113,0
DA:115,0
DA:116,0
DA:117,0
DA:118,0
DA:129,0
DA:130,0
DA:133,0
DA:138,0
DA:139,0
DA:142,0
DA:143,0
DA:144,0
DA:145,0
DA:147,0
DA:148,0
DA:150,0
DA:159,0
DA:160,0
DA:162,0
DA:165,0
DA:166,0
DA:167,0
DA:170,0
DA:174,0
DA:175,0
DA:177,0
DA:178,0
DA:181,0
DA:182,0
DA:185,0
DA:189,1
DA:220,0
DA:221,0
LF:58
LH:23
BRDA:34,0,0,0
BRDA:34,0,1,8
BRDA:42,1,0,3
BRDA:42,1,1,5
BRDA:42,2,0,8
BRDA:42,2,1,5
BRDA:60,3,0,1
BRDA:60,3,1,4
BRDA:82,4,0,0
BRDA:82,4,1,8
BRDA:88,5,0,0
BRDA:88,5,1,5
BRDA:101,6,0,0
BRDA:101,6,1,4
BRDA:101,7,0,4
BRDA:101,7,1,4
BRDA:113,8,0,0
BRDA:113,8,1,0
BRDA:115,9,0,0
BRDA:115,9,1,0
BRDA:117,10,0,0
BRDA:117,10,1,0
BRDA:122,11,0,0
BRDA:122,11,1,0
BRDA:129,12,0,0
BRDA:129,12,1,0
BRDA:129,13,0,0
BRDA:129,13,1,0
BRDA:148,14,0,0
BRDA:148,14,1,0
BRDA:162,15,0,0
BRDA:162,15,1,0
BRDA:165,16,0,0
BRDA:165,16,1,0
BRDA:165,17,0,0
BRDA:165,17,1,0
BRDA:165,18,0,0
BRDA:165,18,1,0
BRDA:175,19,0,0
BRDA:175,19,1,0
BRDA:181,20,0,0
BRDA:181,20,1,0
BRDA:181,21,0,0
BRDA:181,21,1,0
BRDA:221,22,0,0
BRDA:221,22,1,0
BRF:46
BRH:12
end_of_record
TN:
SF:lib\rate-limiting.ts
FN:55,(anonymous_4)
FN:60,(anonymous_5)
FN:66,(anonymous_6)
FN:71,(anonymous_7)
FN:110,(anonymous_8)
FN:111,(anonymous_9)
FN:149,(anonymous_10)
FN:163,(anonymous_11)
FN:176,(anonymous_12)
FN:202,(anonymous_13)
FN:215,(anonymous_14)
FN:279,(anonymous_15)
FN:280,(anonymous_16)
FN:287,(anonymous_17)
FN:293,(anonymous_18)
FN:303,(anonymous_19)
FN:313,(anonymous_20)
FNF:17
FNH:0
FNDA:0,(anonymous_4)
FNDA:0,(anonymous_5)
FNDA:0,(anonymous_6)
FNDA:0,(anonymous_7)
FNDA:0,(anonymous_8)
FNDA:0,(anonymous_9)
FNDA:0,(anonymous_10)
FNDA:0,(anonymous_11)
FNDA:0,(anonymous_12)
FNDA:0,(anonymous_13)
FNDA:0,(anonymous_14)
FNDA:0,(anonymous_15)
FNDA:0,(anonymous_16)
FNDA:0,(anonymous_17)
FNDA:0,(anonymous_18)
FNDA:0,(anonymous_19)
FNDA:0,(anonymous_20)
DA:1,0
DA:14,0
DA:56,0
DA:57,0
DA:60,0
DA:61,0
DA:67,0
DA:81,0
DA:82,0
DA:83,0
DA:86,0
DA:87,0
DA:88,0
DA:91,0
DA:94,0
DA:95,0
DA:98,0
DA:99,0
DA:101,0
DA:111,0
DA:112,0
DA:113,0
DA:115,0
DA:116,0
DA:126,0
DA:127,0
DA:128,0
DA:129,0
DA:131,0
DA:135,0
DA:136,0
DA:137,0
DA:138,0
DA:140,0
DA:142,0
DA:143,0
DA:150,0
DA:151,0
DA:155,0
DA:156,0
DA:157,0
DA:159,0
DA:164,0
DA:165,0
DA:166,0
DA:168,0
DA:169,0
DA:170,0
DA:172,0
DA:181,0
DA:182,0
DA:183,0
DA:186,0
DA:187,0
DA:189,0
DA:190,0
DA:191,0
DA:192,0
DA:194,0
DA:203,0
DA:204,0
DA:205,0
DA:208,0
DA:209,0
DA:211,0
DA:222,0
DA:223,0
DA:224,0
DA:226,0
DA:227,0
DA:228,0
DA:229,0
DA:230,0
DA:231,0
DA:233,0
DA:234,0
DA:235,0
DA:237,0
DA:238,0
DA:239,0
DA:241,0
DA:252,0
DA:257,0
DA:259,0
DA:268,0
DA:280,0
DA:281,0
DA:283,0
DA:288,0
DA:289,0
DA:291,0
DA:293,0
DA:294,0
DA:295,0
DA:296,0
DA:298,0
DA:304,0
DA:317,0
DA:318,0
DA:324,0
DA:325,0
DA:331,0
DA:335,0
LF:103
LH:0
BRDA:17,0,0,0
BRDA:17,0,1,0
BRDA:18,1,0,0
BRDA:18,1,1,0
BRDA:73,2,0,0
BRDA:82,3,0,0
BRDA:82,3,1,0
BRDA:86,4,0,0
BRDA:86,4,1,0
BRDA:94,5,0,0
BRDA:94,5,1,0
BRDA:110,6,0,0
BRDA:115,7,0,0
BRDA:115,7,1,0
BRDA:150,8,0,0
BRDA:150,8,1,0
BRDA:156,9,0,0
BRDA:156,9,1,0
BRDA:168,10,0,0
BRDA:168,10,1,0
BRDA:169,11,0,0
BRDA:169,11,1,0
BRDA:170,12,0,0
BRDA:170,12,1,0
BRDA:176,13,0,0
BRDA:182,14,0,0
BRDA:182,14,1,0
BRDA:190,15,0,0
BRDA:190,15,1,0
BRDA:202,16,0,0
BRDA:204,17,0,0
BRDA:204,17,1,0
BRDA:228,18,0,0
BRDA:228,18,1,0
BRDA:234,19,0,0
BRDA:234,19,1,0
BRDA:237,20,0,0
BRDA:237,20,1,0
BRDA:260,21,0,0
BRDA:260,21,1,0
BRDA:289,22,0,0
BRDA:289,22,1,0
BRDA:291,23,0,0
BRDA:291,23,1,0
BRDA:294,24,0,0
BRDA:294,24,1,0
BRDA:317,25,0,0
BRDA:317,25,1,0
BRDA:324,26,0,0
BRDA:324,26,1,0
BRF:50
BRH:0
end_of_record
TN:
SF:lib\redis-production.ts
FN:9,(anonymous_1)
FN:14,(anonymous_2)
FN:15,(anonymous_3)
FN:20,(anonymous_4)
FN:25,(anonymous_5)
FN:32,(anonymous_6)
FN:43,(anonymous_7)
FN:55,(anonymous_8)
FN:60,(anonymous_9)
FN:65,(anonymous_10)
FN:79,(anonymous_11)
FN:81,(anonymous_12)
FN:91,(anonymous_13)
FN:93,(anonymous_14)
FN:97,(anonymous_15)
FN:118,(anonymous_16)
FN:120,(anonymous_17)
FN:123,(anonymous_18)
FN:125,(anonymous_19)
FN:126,(anonymous_20)
FN:132,(anonymous_21)
FN:156,(anonymous_22)
FN:159,(anonymous_23)
FN:163,(anonymous_24)
FN:174,(anonymous_25)
FN:180,(anonymous_26)
FN:191,(anonymous_27)
FN:193,(anonymous_28)
FN:196,(anonymous_29)
FN:203,(anonymous_30)
FN:214,(anonymous_31)
FN:227,(anonymous_32)
FN:238,(anonymous_33)
FN:243,(anonymous_34)
FN:247,(anonymous_35)
FNF:35
FNH:0
FNDA:0,(anonymous_1)
FNDA:0,(anonymous_2)
FNDA:0,(anonymous_3)
FNDA:0,(anonymous_4)
FNDA:0,(anonymous_5)
FNDA:0,(anonymous_6)
FNDA:0,(anonymous_7)
FNDA:0,(anonymous_8)
FNDA:0,(anonymous_9)
FNDA:0,(anonymous_10)
FNDA:0,(anonymous_11)
FNDA:0,(anonymous_12)
FNDA:0,(anonymous_13)
FNDA:0,(anonymous_14)
FNDA:0,(anonymous_15)
FNDA:0,(anonymous_16)
FNDA:0,(anonymous_17)
FNDA:0,(anonymous_18)
FNDA:0,(anonymous_19)
FNDA:0,(anonymous_20)
FNDA:0,(anonymous_21)
FNDA:0,(anonymous_22)
FNDA:0,(anonymous_23)
FNDA:0,(anonymous_24)
FNDA:0,(anonymous_25)
FNDA:0,(anonymous_26)
FNDA:0,(anonymous_27)
FNDA:0,(anonymous_28)
FNDA:0,(anonymous_29)
FNDA:0,(anonymous_30)
FNDA:0,(anonymous_31)
FNDA:0,(anonymous_32)
FNDA:0,(anonymous_33)
FNDA:0,(anonymous_34)
FNDA:0,(anonymous_35)
DA:2,0
DA:7,0
DA:10,0
DA:11,0
DA:15,0
DA:16,0
DA:17,0
DA:20,0
DA:21,0
DA:22,0
DA:25,0
DA:26,0
DA:27,0
DA:33,0
DA:34,0
DA:35,0
DA:37,0
DA:38,0
DA:44,0
DA:51,0
DA:52,0
DA:56,0
DA:57,0
DA:61,0
DA:66,0
DA:72,0
DA:73,0
DA:76,0
DA:80,0
DA:81,0
DA:82,0
DA:83,0
DA:86,0
DA:87,0
DA:92,0
DA:93,0
DA:98,0
DA:99,0
DA:109,0
DA:110,0
DA:113,0
DA:115,0
DA:119,0
DA:120,0
DA:124,0
DA:125,0
DA:126,0
DA:127,0
DA:133,0
DA:134,0
DA:145,0
DA:147,0
DA:148,0
DA:151,0
DA:153,0
DA:157,0
DA:158,0
DA:159,0
DA:164,0
DA:170,0
DA:171,0
DA:175,0
DA:176,0
DA:181,0
DA:187,0
DA:188,0
DA:192,0
DA:193,0
DA:195,0
DA:196,0
DA:199,0
DA:204,0
DA:206,0
DA:207,0
DA:210,0
DA:215,0
DA:216,0
DA:218,0
DA:219,0
DA:220,0
DA:222,0
DA:228,0
DA:234,0
DA:239,0
DA:244,0
DA:248,0
DA:252,0
LF:87
LH:0
BRDA:57,0,0,0
BRDA:57,0,1,0
BRDA:86,1,0,0
BRDA:86,1,1,0
BRDA:118,2,0,0
BRDA:127,3,0,0
BRDA:127,3,1,0
BRDA:139,4,0,0
BRDA:139,4,1,0
BRDA:145,5,0,0
BRDA:145,5,1,0
BRDA:156,6,0,0
BRDA:157,7,0,0
BRDA:157,7,1,0
BRDA:176,8,0,0
BRDA:176,8,1,0
BRDA:195,9,0,0
BRDA:195,9,1,0
BRDA:206,10,0,0
BRDA:206,10,1,0
BRDA:220,11,0,0
BRDA:220,11,1,0
BRF:22
BRH:0
end_of_record
TN:
SF:lib\redis.ts
FN:12,(anonymous_4)
FN:16,(anonymous_5)
FN:20,(anonymous_6)
FN:27,(anonymous_7)
FN:28,(anonymous_8)
FN:34,(anonymous_9)
FN:35,(anonymous_10)
FN:37,(anonymous_11)
FN:47,(anonymous_12)
FN:48,(anonymous_13)
FN:50,(anonymous_14)
FN:55,(anonymous_15)
FN:56,(anonymous_16)
FN:69,(anonymous_17)
FN:70,(anonymous_18)
FN:72,(anonymous_19)
FN:77,(anonymous_20)
FN:78,(anonymous_21)
FN:91,(anonymous_22)
FN:92,(anonymous_23)
FN:94,(anonymous_24)
FN:99,(anonymous_25)
FN:100,(anonymous_26)
FN:106,(anonymous_27)
FN:107,(anonymous_28)
FN:114,(anonymous_29)
FN:115,(anonymous_30)
FN:125,redisSelfHeal
FN:141,(anonymous_32)
FNF:29
FNH:0
FNDA:0,(anonymous_4)
FNDA:0,(anonymous_5)
FNDA:0,(anonymous_6)
FNDA:0,(anonymous_7)
FNDA:0,(anonymous_8)
FNDA:0,(anonymous_9)
FNDA:0,(anonymous_10)
FNDA:0,(anonymous_11)
FNDA:0,(anonymous_12)
FNDA:0,(anonymous_13)
FNDA:0,(anonymous_14)
FNDA:0,(anonymous_15)
FNDA:0,(anonymous_16)
FNDA:0,(anonymous_17)
FNDA:0,(anonymous_18)
FNDA:0,(anonymous_19)
FNDA:0,(anonymous_20)
FNDA:0,(anonymous_21)
FNDA:0,(anonymous_22)
FNDA:0,(anonymous_23)
FNDA:0,(anonymous_24)
FNDA:0,(anonymous_25)
FNDA:0,(anonymous_26)
FNDA:0,(anonymous_27)
FNDA:0,(anonymous_28)
FNDA:0,(anonymous_29)
FNDA:0,(anonymous_30)
FNDA:0,redisSelfHeal
FNDA:0,(anonymous_32)
DA:1,0
DA:3,0
DA:12,0
DA:13,0
DA:16,0
DA:17,0
DA:20,0
DA:21,0
DA:25,0
DA:28,0
DA:29,0
DA:30,0
DA:35,0
DA:36,0
DA:37,0
DA:38,0
DA:39,0
DA:41,0
DA:42,0
DA:48,0
DA:49,0
DA:50,0
DA:56,0
DA:57,0
DA:64,0
DA:65,0
DA:70,0
DA:71,0
DA:72,0
DA:78,0
DA:79,0
DA:86,0
DA:87,0
DA:92,0
DA:93,0
DA:94,0
DA:100,0
DA:101,0
DA:102,0
DA:107,0
DA:108,0
DA:109,0
DA:115,0
DA:116,0
DA:117,0
DA:118,0
DA:119,0
DA:127,0
DA:128,0
DA:129,0
DA:131,0
DA:132,0
DA:134,0
DA:135,0
DA:136,0
DA:138,0
DA:141,0
DA:144,0
DA:146,0
DA:149,0
LF:60
LH:0
BRDA:4,0,0,0
BRDA:4,0,1,0
BRDA:5,1,0,0
BRDA:5,1,1,0
BRDA:41,2,0,0
BRDA:41,2,1,0
BRDA:69,3,0,0
BRDA:91,4,0,0
BRDA:109,5,0,0
BRDA:109,5,1,0
BRDA:125,6,0,0
BRDA:134,7,0,0
BRDA:134,7,1,0
BRDA:134,8,0,0
BRDA:134,8,1,0
BRF:15
BRH:0
end_of_record
TN:
SF:lib\security-server.ts
FN:2,(anonymous_1)
FN:10,(anonymous_2)
FN:16,(anonymous_3)
FNF:3
FNH:0
FNDA:0,(anonymous_1)
FNDA:0,(anonymous_2)
FNDA:0,(anonymous_3)
DA:1,0
DA:4,0
DA:12,0
DA:13,0
DA:18,0
LF:5
LH:0
BRF:0
BRH:0
end_of_record
TN:
SF:lib\security.ts
FN:40,(anonymous_15)
FN:49,(anonymous_16)
FN:57,(anonymous_17)
FN:64,(anonymous_18)
FN:82,(anonymous_19)
FN:91,(anonymous_20)
FN:100,(anonymous_21)
FN:112,(anonymous_22)
FN:120,(anonymous_23)
FN:127,(anonymous_24)
FN:133,(anonymous_25)
FN:166,(anonymous_26)
FN:180,(anonymous_27)
FN:200,(anonymous_28)
FN:204,(anonymous_29)
FN:208,(anonymous_30)
FN:213,(anonymous_31)
FN:222,validateRequest
FN:243,(anonymous_33)
FN:268,securityMiddleware
FN:269,(anonymous_35)
FN:280,(anonymous_36)
FN:289,getClientIP
FN:301,isSecureRequest
FN:317,(anonymous_39)
FN:321,(anonymous_40)
FN:326,(anonymous_41)
FN:338,(anonymous_42)
FN:342,initializeSecurity
FNF:29
FNH:0
FNDA:0,(anonymous_15)
FNDA:0,(anonymous_16)
FNDA:0,(anonymous_17)
FNDA:0,(anonymous_18)
FNDA:0,(anonymous_19)
FNDA:0,(anonymous_20)
FNDA:0,(anonymous_21)
FNDA:0,(anonymous_22)
FNDA:0,(anonymous_23)
FNDA:0,(anonymous_24)
FNDA:0,(anonymous_25)
FNDA:0,(anonymous_26)
FNDA:0,(anonymous_27)
FNDA:0,(anonymous_28)
FNDA:0,(anonymous_29)
FNDA:0,(anonymous_30)
FNDA:0,(anonymous_31)
FNDA:0,validateRequest
FNDA:0,(anonymous_33)
FNDA:0,securityMiddleware
FNDA:0,(anonymous_35)
FNDA:0,(anonymous_36)
FNDA:0,getClientIP
FNDA:0,isSecureRequest
FNDA:0,(anonymous_39)
FNDA:0,(anonymous_40)
FNDA:0,(anonymous_41)
FNDA:0,(anonymous_42)
FNDA:0,initializeSecurity
DA:1,0
DA:2,0
DA:3,0
DA:6,0
DA:29,0
DA:39,0
DA:65,0
DA:66,0
DA:68,0
DA:69,0
DA:71,0
DA:73,0
DA:79,0
DA:80,0
DA:83,0
DA:84,0
DA:88,0
DA:92,0
DA:93,0
DA:94,0
DA:95,0
DA:97,0
DA:101,0
DA:102,0
DA:103,0
DA:104,0
DA:111,0
DA:114,0
DA:121,0
DA:127,0
DA:132,0
DA:143,0
DA:144,0
DA:158,0
DA:159,0
DA:162,0
DA:172,0
DA:186,0
DA:196,0
DA:197,0
DA:198,0
DA:201,0
DA:205,0
DA:209,0
DA:210,0
DA:214,0
DA:215,0
DA:217,0
DA:222,0
DA:223,0
DA:224,0
DA:227,0
DA:228,0
DA:234,0
DA:238,0
DA:243,0
DA:244,0
DA:253,0
DA:254,0
DA:255,0
DA:261,0
DA:264,0
DA:268,0
DA:269,0
DA:271,0
DA:272,0
DA:273,0
DA:277,0
DA:280,0
DA:281,0
DA:284,0
DA:289,0
DA:290,0
DA:291,0
DA:292,0
DA:294,0
DA:295,0
DA:298,0
DA:301,0
DA:302,0
DA:303,0
DA:307,0
DA:316,0
DA:318,0
DA:322,0
DA:323,0
DA:327,0
DA:328,0
DA:332,0
DA:339,0
DA:342,0
DA:343,0
DA:346,0
DA:351,0
LF:94
LH:0
BRDA:68,0,0,0
BRDA:68,0,1,0
BRDA:93,1,0,0
BRDA:93,1,1,0
BRDA:93,2,0,0
BRDA:93,2,1,0
BRDA:103,3,0,0
BRDA:103,3,1,0
BRDA:158,4,0,0
BRDA:158,4,1,0
BRDA:174,5,0,0
BRDA:174,5,1,0
BRDA:209,6,0,0
BRDA:209,6,1,0
BRDA:214,7,0,0
BRDA:214,7,1,0
BRDA:224,8,0,0
BRDA:224,8,1,0
BRDA:227,9,0,0
BRDA:227,9,1,0
BRDA:243,10,0,0
BRDA:243,10,1,0
BRDA:254,11,0,0
BRDA:254,11,1,0
BRDA:254,12,0,0
BRDA:254,12,1,0
BRDA:272,13,0,0
BRDA:272,13,1,0
BRDA:294,14,0,0
BRDA:294,14,1,0
BRDA:298,15,0,0
BRDA:298,15,1,0
BRDA:298,15,2,0
BRDA:302,16,0,0
BRDA:302,16,1,0
BRF:35
BRH:0
end_of_record
TN:
SF:lib\sla-monitoring.ts
FN:27,(anonymous_1)
FN:58,(anonymous_2)
FN:89,(anonymous_3)
FN:104,(anonymous_4)
FN:128,(anonymous_5)
FN:139,(anonymous_6)
FN:152,(anonymous_7)
FN:164,(anonymous_8)
FN:195,(anonymous_9)
FN:207,(anonymous_10)
FN:223,(anonymous_11)
FN:225,(anonymous_12)
FN:226,(anonymous_13)
FN:264,(anonymous_14)
FN:269,(anonymous_15)
FN:275,(anonymous_16)
FN:283,(anonymous_17)
FN:286,(anonymous_18)
FN:290,(anonymous_19)
FN:291,(anonymous_20)
FN:299,(anonymous_21)
FN:300,(anonymous_22)
FN:303,(anonymous_23)
FN:304,(anonymous_24)
FN:311,(anonymous_25)
FNF:25
FNH:0
FNDA:0,(anonymous_1)
FNDA:0,(anonymous_2)
FNDA:0,(anonymous_3)
FNDA:0,(anonymous_4)
FNDA:0,(anonymous_5)
FNDA:0,(anonymous_6)
FNDA:0,(anonymous_7)
FNDA:0,(anonymous_8)
FNDA:0,(anonymous_9)
FNDA:0,(anonymous_10)
FNDA:0,(anonymous_11)
FNDA:0,(anonymous_12)
FNDA:0,(anonymous_13)
FNDA:0,(anonymous_14)
FNDA:0,(anonymous_15)
FNDA:0,(anonymous_16)
FNDA:0,(anonymous_17)
FNDA:0,(anonymous_18)
FNDA:0,(anonymous_19)
FNDA:0,(anonymous_20)
FNDA:0,(anonymous_21)
FNDA:0,(anonymous_22)
FNDA:0,(anonymous_23)
FNDA:0,(anonymous_24)
FNDA:0,(anonymous_25)
DA:15,0
DA:16,0
DA:17,0
DA:18,0
DA:29,0
DA:35,0
DA:42,0
DA:49,0
DA:55,0
DA:59,0
DA:60,0
DA:61,0
DA:62,0
DA:65,0
DA:66,0
DA:73,0
DA:76,0
DA:77,0
DA:81,0
DA:82,0
DA:86,0
DA:90,0
DA:92,0
DA:95,0
DA:98,0
DA:100,0
DA:105,0
DA:107,0
DA:116,0
DA:117,0
DA:120,0
DA:123,0
DA:124,0
DA:129,0
DA:132,0
DA:133,0
DA:136,0
DA:140,0
DA:142,0
DA:144,0
DA:146,0
DA:148,0
DA:153,0
DA:154,0
DA:160,0
DA:165,0
DA:167,0
DA:169,0
DA:182,0
DA:191,0
DA:196,0
DA:197,0
DA:203,0
DA:214,0
DA:215,0
DA:222,0
DA:223,0
DA:225,0
DA:226,0
DA:228,0
DA:229,0
DA:239,0
DA:243,0
DA:244,0
DA:245,0
DA:246,0
DA:248,0
DA:252,0
DA:254,0
DA:265,0
DA:267,0
DA:269,0
DA:270,0
DA:275,0
DA:276,0
DA:279,0
DA:284,0
DA:286,0
DA:287,0
DA:288,0
DA:290,0
DA:291,0
DA:293,0
DA:295,0
DA:296,0
DA:300,0
DA:304,0
DA:305,0
DA:306,0
DA:307,0
DA:318,0
DA:324,0
DA:330,0
DA:332,0
LF:94
LH:0
BRDA:60,0,0,0
BRDA:60,0,1,0
BRDA:76,1,0,0
BRDA:76,1,1,0
BRDA:81,2,0,0
BRDA:81,2,1,0
BRDA:90,3,0,0
BRDA:90,3,1,0
BRDA:90,3,2,0
BRDA:90,3,3,0
BRDA:92,4,0,0
BRDA:92,4,1,0
BRDA:95,5,0,0
BRDA:95,5,1,0
BRDA:98,6,0,0
BRDA:98,6,1,0
BRDA:98,7,0,0
BRDA:98,7,1,0
BRDA:123,8,0,0
BRDA:123,8,1,0
BRDA:132,9,0,0
BRDA:132,9,1,0
BRDA:140,10,0,0
BRDA:140,10,1,0
BRDA:140,10,2,0
BRDA:140,10,3,0
BRDA:207,11,0,0
BRDA:228,12,0,0
BRDA:228,12,1,0
BRDA:243,13,0,0
BRDA:243,13,1,0
BRDA:245,14,0,0
BRDA:245,14,1,0
BRDA:265,15,0,0
BRDA:265,15,1,0
BRDA:267,16,0,0
BRDA:267,16,1,0
BRDA:267,16,2,0
BRDA:267,16,3,0
BRDA:284,17,0,0
BRDA:284,17,1,0
BRDA:295,18,0,0
BRDA:295,18,1,0
BRDA:296,19,0,0
BRDA:296,19,1,0
BRDA:305,20,0,0
BRDA:305,20,1,0
BRDA:311,21,0,0
BRF:48
BRH:0
end_of_record
TN:
SF:lib\storyboarding.ts
FN:3,generateStoryboard
FNF:1
FNH:0
FNDA:0,generateStoryboard
DA:3,0
DA:6,0
LF:2
LH:0
BRF:0
BRH:0
end_of_record
TN:
SF:lib\stripe.ts
FNF:0
FNH:0
DA:1,0
DA:3,0
DA:4,0
DA:7,0
DA:11,0
LF:5
LH:0
BRDA:3,0,0,0
BRDA:3,0,1,0
BRDA:12,1,0,0
BRDA:12,1,1,0
BRDA:13,2,0,0
BRDA:13,2,1,0
BRDA:14,3,0,0
BRDA:14,3,1,0
BRF:8
BRH:0
end_of_record
TN:
SF:lib\utils.ts
FN:4,cn
FNF:1
FNH:1
FNDA:4,cn
DA:1,1
DA:2,1
DA:4,4
DA:5,4
LF:4
LH:4
BRF:0
BRH:0
end_of_record
TN:
SF:lib\validation.ts
FN:33,(anonymous_40)
FN:106,(anonymous_41)
FN:127,(anonymous_42)
FN:224,(anonymous_43)
FN:235,validatePagination
FN:244,validateSearch
FN:256,validateFileType
FN:260,validateFileSize
FN:264,validateVideoDuration
FN:268,validateResolution
FN:273,validateAspectRatio
FNF:11
FNH:0
FNDA:0,(anonymous_40)
FNDA:0,(anonymous_41)
FNDA:0,(anonymous_42)
FNDA:0,(anonymous_43)
FNDA:0,validatePagination
FNDA:0,validateSearch
FNDA:0,validateFileType
FNDA:0,validateFileSize
FNDA:0,validateVideoDuration
FNDA:0,validateResolution
FNDA:0,validateAspectRatio
DA:1,0
DA:4,0
DA:5,0
DA:6,0
DA:7,0
DA:15,0
DA:23,0
DA:29,0
DA:33,0
DA:39,0
DA:48,0
DA:55,0
DA:63,0
DA:70,0
DA:76,0
DA:82,0
DA:88,0
DA:100,0
DA:106,0
DA:110,0
DA:123,0
DA:127,0
DA:131,0
DA:137,0
DA:144,0
DA:152,0
DA:158,0
DA:166,0
DA:175,0
DA:185,0
DA:193,0
DA:198,0
DA:206,0
DA:214,0
DA:222,0
DA:224,0
DA:228,0
DA:235,0
DA:236,0
DA:244,0
DA:245,0
DA:256,0
DA:257,0
DA:260,0
DA:261,0
DA:264,0
DA:265,0
DA:268,0
DA:269,0
DA:270,0
DA:273,0
DA:274,0
DA:275,0
LF:53
LH:0
BRDA:246,0,0,0
BRDA:246,0,1,0
BRDA:247,1,0,0
BRDA:247,1,1,0
BRDA:264,2,0,0
BRDA:265,3,0,0
BRDA:265,3,1,0
BRF:7
BRH:0
end_of_record
TN:
SF:lib\video-processing.ts
FN:46,(anonymous_2)
FN:53,(anonymous_3)
FN:54,(anonymous_4)
FN:66,(anonymous_5)
FN:70,(anonymous_6)
FN:74,(anonymous_7)
FN:82,(anonymous_8)
FN:103,(anonymous_9)
FN:137,(anonymous_10)
FN:176,(anonymous_11)
FN:217,(anonymous_12)
FN:235,(anonymous_13)
FN:251,(anonymous_14)
FN:261,(anonymous_15)
FN:277,(anonymous_16)
FN:301,(anonymous_17)
FN:351,(anonymous_18)
FN:409,(anonymous_19)
FN:410,(anonymous_20)
FN:414,(anonymous_21)
FN:418,(anonymous_22)
FN:426,(anonymous_23)
FN:433,(anonymous_24)
FN:457,(anonymous_25)
FNF:24
FNH:0
FNDA:0,(anonymous_2)
FNDA:0,(anonymous_3)
FNDA:0,(anonymous_4)
FNDA:0,(anonymous_5)
FNDA:0,(anonymous_6)
FNDA:0,(anonymous_7)
FNDA:0,(anonymous_8)
FNDA:0,(anonymous_9)
FNDA:0,(anonymous_10)
FNDA:0,(anonymous_11)
FNDA:0,(anonymous_12)
FNDA:0,(anonymous_13)
FNDA:0,(anonymous_14)
FNDA:0,(anonymous_15)
FNDA:0,(anonymous_16)
FNDA:0,(anonymous_17)
FNDA:0,(anonymous_18)
FNDA:0,(anonymous_19)
FNDA:0,(anonymous_20)
FNDA:0,(anonymous_21)
FNDA:0,(anonymous_22)
FNDA:0,(anonymous_23)
FNDA:0,(anonymous_24)
FNDA:0,(anonymous_25)
DA:1,0
DA:2,0
DA:3,0
DA:4,0
DA:47,0
DA:48,0
DA:49,0
DA:54,0
DA:55,0
DA:63,0
DA:64,0
DA:66,0
DA:67,0
DA:70,0
DA:71,0
DA:74,0
DA:75,0
DA:76,0
DA:77,0
DA:80,0
DA:81,0
DA:82,0
DA:83,0
DA:85,0
DA:96,0
DA:104,0
DA:106,0
DA:108,0
DA:109,0
DA:111,0
DA:112,0
DA:113,0
DA:115,0
DA:124,0
DA:129,0
DA:142,0
DA:143,0
DA:145,0
DA:154,0
DA:156,0
DA:157,0
DA:158,0
DA:165,0
DA:170,0
DA:181,0
DA:182,0
DA:184,0
DA:193,0
DA:195,0
DA:196,0
DA:197,0
DA:204,0
DA:209,0
DA:223,0
DA:231,0
DA:240,0
DA:247,0
DA:256,0
DA:257,0
DA:260,0
DA:261,0
DA:262,0
DA:264,0
DA:274,0
DA:277,0
DA:279,0
DA:280,0
DA:281,0
DA:288,0
DA:293,0
DA:307,0
DA:308,0
DA:310,0
DA:318,0
DA:327,0
DA:329,0
DA:330,0
DA:331,0
DA:338,0
DA:343,0
DA:352,0
DA:355,0
DA:362,0
DA:363,0
DA:364,0
DA:365,0
DA:368,0
DA:369,0
DA:373,0
DA:374,0
DA:378,0
DA:379,0
DA:383,0
DA:384,0
DA:388,0
DA:389,0
DA:393,0
DA:394,0
DA:397,0
DA:400,0
DA:403,0
DA:405,0
DA:410,0
DA:411,0
DA:412,0
DA:414,0
DA:415,0
DA:418,0
DA:419,0
DA:420,0
DA:422,0
DA:426,0
DA:427,0
DA:434,0
DA:435,0
DA:438,0
DA:439,0
DA:440,0
DA:447,0
DA:448,0
DA:449,0
DA:456,0
DA:457,0
DA:458,0
DA:464,0
DA:466,0
DA:474,0
LF:127
LH:0
BRDA:47,0,0,0
BRDA:47,0,1,0
BRDA:48,1,0,0
BRDA:48,1,1,0
BRDA:49,2,0,0
BRDA:49,2,1,0
BRDA:75,3,0,0
BRDA:75,3,1,0
BRDA:111,4,0,0
BRDA:111,4,1,0
BRDA:131,5,0,0
BRDA:131,5,1,0
BRDA:140,6,0,0
BRDA:156,7,0,0
BRDA:156,7,1,0
BRDA:172,8,0,0
BRDA:172,8,1,0
BRDA:179,9,0,0
BRDA:187,10,0,0
BRDA:187,10,1,0
BRDA:195,11,0,0
BRDA:195,11,1,0
BRDA:211,12,0,0
BRDA:211,12,1,0
BRDA:238,13,0,0
BRDA:254,14,0,0
BRDA:279,15,0,0
BRDA:279,15,1,0
BRDA:295,16,0,0
BRDA:295,16,1,0
BRDA:305,17,0,0
BRDA:329,18,0,0
BRDA:329,18,1,0
BRDA:345,19,0,0
BRDA:345,19,1,0
BRDA:368,20,0,0
BRDA:368,20,1,0
BRDA:373,21,0,0
BRDA:373,21,1,0
BRDA:378,22,0,0
BRDA:378,22,1,0
BRDA:383,23,0,0
BRDA:383,23,1,0
BRDA:388,24,0,0
BRDA:388,24,1,0
BRDA:419,25,0,0
BRDA:419,25,1,0
BRDA:438,26,0,0
BRDA:438,26,1,0
BRDA:439,27,0,0
BRDA:439,27,1,0
BRDA:447,28,0,0
BRDA:447,28,1,0
BRDA:448,29,0,0
BRDA:448,29,1,0
BRDA:457,30,0,0
BRDA:457,30,1,0
BRDA:468,31,0,0
BRDA:468,31,1,0
BRF:59
BRH:0
end_of_record
